

<!DOCTYPE html>
<html>
<head>
<meta charset="UTF-8">
<meta name="viewport" content="width=device-width, initial-scale=1, shrink-to-fit=no">
<title>Cucumber Test Report</title>
<link rel="apple-touch-icon" href="https://cdn.jsdelivr.net/gh/extent-framework/extent-github-cdn@b00a2d0486596e73dd7326beacf352c639623a0e/commons/img/logo.png">
<link rel="shortcut icon" href="https://cdn.jsdelivr.net/gh/extent-framework/extent-github-cdn@b00a2d0486596e73dd7326beacf352c639623a0e/commons/img/logo.png">
<link href="https://cdn.jsdelivr.net/gh/extent-framework/extent-github-cdn@d6562a79075e061305ccfdb82f01e5e195e2d307/spark/css/spark-style.css" rel="stylesheet" />
<link href="https://stackpath.bootstrapcdn.com/font-awesome/4.7.0/css/font-awesome.min.css" rel="stylesheet">
<script src="https://cdn.jsdelivr.net/gh/extent-framework/extent-github-cdn@7cc78ce/spark/js/jsontree.js"></script>
<style type="text/css"></style></head><body class="spa bdd-report standard">
  <div class="app">
    <div class="layout">
<div class="header navbar">
<div class="vheader">
<div class="nav-logo">
<a href="#">
<div class="logo" style="background-image: url('https://cdn.jsdelivr.net/gh/extent-framework/extent-github-cdn@b00a2d0486596e73dd7326beacf352c639623a0e/commons/img/logo.png')"></div>
</a>
</div>
<ul class="nav-left">
<li class="search-box">
<a class="search-toggle" href="#">
<i class="search-icon fa fa-search"></i>
<i class="search-icon-close fa fa-close"></i>
</a>
</li>
<li class="search-input"><input id="search-tests" class="form-control" type="text" placeholder="Search..."></li>
</ul>
<ul class="nav-right">
<li class="m-r-10">
<a href="#"><span class="badge badge-primary">Automation Execution</span></a>
</li>
<li class="m-r-10">
<a href="#"><span class="badge badge-primary">May 11, 2025 11:16:48 PM</span></a>
</li>
</ul>
</div>
</div><div class="side-nav">
<div class="side-nav-inner">
<ul class="side-nav-menu">
<li class="nav-item dropdown" onclick="toggleView('test-view')">
<a id="nav-test" class="dropdown-toggle" href="#">
<span class="ico"><i class="fa fa-list"></i></span>
</a>
</li>
<li class="nav-item dropdown" onclick="toggleView('exception-view')">
<a id="nav-exception" class="dropdown-toggle" href="#">
<span class="ico"><i class="fa fa-bug"></i></span>
</a>
</li>
<li class="nav-item dropdown" onclick="toggleView('dashboard-view')">
<a id="nav-dashboard" class="dropdown-toggle" href="#">
<span class="ico"><i class="fa fa-bar-chart"></i></span>
</a>
</li>
</ul>
</div>
</div>      <div class="vcontainer">
        <div class="main-content">
<div class="test-wrapper row view test-view">
  <div class="test-list">
    <div class="test-list-tools">
<ul class="tools pull-left">
<li><a href="#"><span class="font-size-14">Tests</span></a></li>
</ul>
<ul class="tools text-right">
<li class="dropdown">
<a href="#" class="dropdown-toggle" data-toggle="dropdown"><i class="fa fa-exclamation-circle"></i></a>
<ul id="status-toggle" class="dropdown-menu dropdown-md p-v-0">
<a class="dropdown-item" status="fail" href="#"><span>Fail</span><span class="status danger"></span></a>
<div class="dropdown-divider"></div>
<a status="clear" class="dropdown-item" href="#"><span>Clear</span><span class="pull-right"><i class="fa fa-close"></i></span></a>
</ul>
</li>
</ul>
</div>    <div class="test-list-wrapper scrollable">
      <ul class="test-list-item">
        <li class="test-item"  status="fail" test-id="2"
          author=""
          tag=""
          device="">
          <div class="test-detail">
            <p class="name">Register Page</p>
            <p class="text-sm">
              <span>11:16:49 PM</span> / <span>00:01:49:410</span>
              <span class="badge fail-bg log float-right">Fail</span>
            </p>
          </div>
          <div class="test-contents d-none">
<div class="detail-head">
<div class="p-v-10">
<div class="info">
<h5 class="test-status text-fail">Register Page</h5>
<span class='badge badge-success'>05.11.2025 11:16:49 PM</span>
<span class='badge badge-danger'>05.11.2025 11:18:38 PM</span>
<span class='badge badge-default'>00:01:49:410</span>
&middot; <span class='uri-anchor badge badge-default'>#test-id=2</span>
<span class='badge badge-default pointer float-right ml-1 et'><i class="fa fa-chevron-down"></i></span>
<span class='badge badge-default pointer float-right ct'><i class="fa fa-chevron-up"></i></span>
</div>
<div class="m-t-10 m-l-5"></div>
</div>
</div>
<div class="accordion mt-4">
  <div class="card">
    <div class="card-header" role="tab">
      <div class="card-title">
        <div class="node" id="4"><span class="badge log pass-bg mr-2">Pass</span>Verify that User is able to launch ds-algo portal</div>
      </div>
    </div>
        <div class="collapse">
          <div class="card-body">
              <div class="step pass-bg" title="StepDefinitions.RegistrationPageStep.user_is_in_the_ds_algo_launch_page()">
                <span>Given User is in the ds-algo launch page</span>
      <div>
      </div>
              </div>
              <div class="step pass-bg" title="StepDefinitions.RegistrationPageStep.user_clicks_the_Get_Started_button()">
                <span>When User clicks the Get Started button</span>
      <div>
      </div>
              </div>
              <div class="step pass-bg" title="StepDefinitions.RegistrationPageStep.user_is_in_the_home_page_after_launching_ds_algo_portal_page()">
                <span>Given User is in the home page after launching ds-algo portal page</span>
      <div>
      </div>
              </div>
              <div class="step pass-bg" title="StepDefinitions.RegistrationPageStep.user_clicks_register_link_in_the_home_page()">
                <span>When User clicks Register link in the home page</span>
      <div>
      </div>
              </div>
              <div class="step pass-bg" title="StepDefinitions.RegistrationPageStep.user_should_be_able_to_navigate_to_register_page()">
                <span>Then User should be able to navigate to Register page</span>
      <div>
      </div>
              </div>
          </div>
        </div>
  </div>
  <div class="card">
    <div class="card-header" role="tab">
      <div class="card-title">
        <div class="node" id="19"><span class="badge log fail-bg mr-2">Fail</span>Verify that the user is able to enter valid username in the username field</div>
          <div class="status-avatar float-right mr-4">
            <i class="fa fa-paperclip"></i>
          </div>
      </div>
    </div>
        <div class="scenario_outline ">
            <div class="card-body l1">
              <div class="card-header">
                <div class="card-title outline-child">
                  <div class="node" id="20"><span class="badge log fail-bg mr-2">Fail</span>Verify that the user is able to enter valid username in the username field</div>
                    <div class="status-avatar float-right">
                      <i class="fa fa-paperclip"></i>
                    </div>
                </div>
              </div>
              <div class="card-body mt-3 ">
                  <div class="step pass-bg">
                    <span>Given User is in the ds-algo launch page</span>
      <div>
      </div>
                  </div>
                  <div class="step pass-bg">
                    <span>When User clicks the Get Started button</span>
      <div>
      </div>
                  </div>
                  <div class="step pass-bg">
                    <span>Given User navigates to register page after clicking register link</span>
      <div>
      </div>
                  </div>
                  <div class="step pass-bg">
                    <span>When User enters data from excel sheet 'Register' and 1 for the username field</span>
      <div>
      </div>
                  </div>
                  <div class="step fail-bg">
                    <span>Then User should be able to enter username and click Register button</span>
      <div>
        <textarea disabled class="code-block">io.cucumber.core.exception.CucumberException: Step [User should be able to enter username and click Register button] is defined with 1 parameters at 'StepDefinitions.RegistrationPageStep.user_should_be_able_to_enter_username_and_click_register_button(java.lang.String)'.
However, the gherkin step has 0 arguments.
Step text: User should be able to enter username and click Register button
	at io.cucumber.core.runner.PickleStepDefinitionMatch.arityMismatch(PickleStepDefinitionMatch.java:82)
	at io.cucumber.core.runner.PickleStepDefinitionMatch.runStep(PickleStepDefinitionMatch.java:41)
	at io.cucumber.core.runner.ExecutionMode$1.execute(ExecutionMode.java:10)
	at io.cucumber.core.runner.TestStep.executeStep(TestStep.java:81)
	at io.cucumber.core.runner.TestStep.run(TestStep.java:53)
	at io.cucumber.core.runner.PickleStepTestStep.run(PickleStepTestStep.java:51)
	at io.cucumber.core.runner.TestCase.run(TestCase.java:86)
	at io.cucumber.core.runner.Runner.runPickle(Runner.java:77)
	at io.cucumber.testng.TestNGCucumberRunner.lambda$runScenario$1(TestNGCucumberRunner.java:135)
	at io.cucumber.core.runtime.CucumberExecutionContext.lambda$runTestCase$5(CucumberExecutionContext.java:136)
	at io.cucumber.core.runtime.RethrowingThrowableCollector.executeAndThrow(RethrowingThrowableCollector.java:23)
	at io.cucumber.core.runtime.CucumberExecutionContext.runTestCase(CucumberExecutionContext.java:136)
	at io.cucumber.testng.TestNGCucumberRunner.runScenario(TestNGCucumberRunner.java:132)
	at io.cucumber.testng.AbstractTestNGCucumberTests.runScenario(AbstractTestNGCucumberTests.java:35)
	at java.base/jdk.internal.reflect.DirectMethodHandleAccessor.invoke(DirectMethodHandleAccessor.java:103)
	at java.base/java.lang.reflect.Method.invoke(Method.java:580)
	at org.testng.internal.invokers.MethodInvocationHelper.invokeMethod(MethodInvocationHelper.java:141)
	at org.testng.internal.invokers.TestInvoker.invokeMethod(TestInvoker.java:687)
	at org.testng.internal.invokers.TestInvoker.invokeTestMethod(TestInvoker.java:230)
	at org.testng.internal.invokers.MethodRunner.runInSequence(MethodRunner.java:63)
	at org.testng.internal.invokers.TestInvoker$MethodInvocationAgent.invoke(TestInvoker.java:995)
	at org.testng.internal.invokers.TestInvoker.invokeTestMethods(TestInvoker.java:203)
	at org.testng.internal.invokers.TestMethodWorker.invokeTestMethods(TestMethodWorker.java:154)
	at org.testng.internal.invokers.TestMethodWorker.run(TestMethodWorker.java:134)
	at java.base/java.util.ArrayList.forEach(ArrayList.java:1597)
	at org.testng.TestRunner.privateRun(TestRunner.java:741)
	at org.testng.TestRunner.run(TestRunner.java:616)
	at org.testng.SuiteRunner.runTest(SuiteRunner.java:421)
	at org.testng.SuiteRunner$SuiteWorker.run(SuiteRunner.java:463)
	at org.testng.internal.thread.ThreadUtil.lambda$execute$0(ThreadUtil.java:64)
	at java.base/java.util.concurrent.FutureTask.run(FutureTask.java:317)
	at java.base/java.util.concurrent.ThreadPoolExecutor.runWorker(ThreadPoolExecutor.java:1144)
	at java.base/java.util.concurrent.ThreadPoolExecutor$Worker.run(ThreadPoolExecutor.java:642)
	at java.base/java.lang.Thread.run(Thread.java:1575)
</textarea>
      
      </div>
                  </div>
                  <div class="step pass-bg">
                    <span>Hooks.Hooks.teardown(io.cucumber.java.Scenario)</span>
      <div>screenshot
          <div class="row mb-3"><div class="col-md-3">
<img data-featherlight='../Screenshots/embedded2.png' src="../Screenshots/embedded2.png">
    
    </div></div>
</div>
      <div>
      </div>
                  </div>
              </div>
            </div>
            <div class="card-body l1">
              <div class="card-header">
                <div class="card-title outline-child">
                  <div class="node" id="45"><span class="badge log fail-bg mr-2">Fail</span>Verify that the user is able to enter valid username in the username field</div>
                    <div class="status-avatar float-right">
                      <i class="fa fa-paperclip"></i>
                    </div>
                </div>
              </div>
              <div class="card-body mt-3 ">
                  <div class="step pass-bg">
                    <span>Given User is in the ds-algo launch page</span>
      <div>
      </div>
                  </div>
                  <div class="step pass-bg">
                    <span>When User clicks the Get Started button</span>
      <div>
      </div>
                  </div>
                  <div class="step pass-bg">
                    <span>Given User navigates to register page after clicking register link</span>
      <div>
      </div>
                  </div>
                  <div class="step pass-bg">
                    <span>When User enters data from excel sheet 'Register' and 2 for the username field</span>
      <div>
      </div>
                  </div>
                  <div class="step fail-bg">
                    <span>Then User should be able to enter username and click Register button</span>
      <div>
        <textarea disabled class="code-block">io.cucumber.core.exception.CucumberException: Step [User should be able to enter username and click Register button] is defined with 1 parameters at 'StepDefinitions.RegistrationPageStep.user_should_be_able_to_enter_username_and_click_register_button(java.lang.String)'.
However, the gherkin step has 0 arguments.
Step text: User should be able to enter username and click Register button
	at io.cucumber.core.runner.PickleStepDefinitionMatch.arityMismatch(PickleStepDefinitionMatch.java:82)
	at io.cucumber.core.runner.PickleStepDefinitionMatch.runStep(PickleStepDefinitionMatch.java:41)
	at io.cucumber.core.runner.ExecutionMode$1.execute(ExecutionMode.java:10)
	at io.cucumber.core.runner.TestStep.executeStep(TestStep.java:81)
	at io.cucumber.core.runner.TestStep.run(TestStep.java:53)
	at io.cucumber.core.runner.PickleStepTestStep.run(PickleStepTestStep.java:51)
	at io.cucumber.core.runner.TestCase.run(TestCase.java:86)
	at io.cucumber.core.runner.Runner.runPickle(Runner.java:77)
	at io.cucumber.testng.TestNGCucumberRunner.lambda$runScenario$1(TestNGCucumberRunner.java:135)
	at io.cucumber.core.runtime.CucumberExecutionContext.lambda$runTestCase$5(CucumberExecutionContext.java:136)
	at io.cucumber.core.runtime.RethrowingThrowableCollector.executeAndThrow(RethrowingThrowableCollector.java:23)
	at io.cucumber.core.runtime.CucumberExecutionContext.runTestCase(CucumberExecutionContext.java:136)
	at io.cucumber.testng.TestNGCucumberRunner.runScenario(TestNGCucumberRunner.java:132)
	at io.cucumber.testng.AbstractTestNGCucumberTests.runScenario(AbstractTestNGCucumberTests.java:35)
	at java.base/jdk.internal.reflect.DirectMethodHandleAccessor.invoke(DirectMethodHandleAccessor.java:103)
	at java.base/java.lang.reflect.Method.invoke(Method.java:580)
	at org.testng.internal.invokers.MethodInvocationHelper.invokeMethod(MethodInvocationHelper.java:141)
	at org.testng.internal.invokers.TestInvoker.invokeMethod(TestInvoker.java:687)
	at org.testng.internal.invokers.TestInvoker.invokeTestMethod(TestInvoker.java:230)
	at org.testng.internal.invokers.MethodRunner.runInSequence(MethodRunner.java:63)
	at org.testng.internal.invokers.TestInvoker$MethodInvocationAgent.invoke(TestInvoker.java:995)
	at org.testng.internal.invokers.TestInvoker.invokeTestMethods(TestInvoker.java:203)
	at org.testng.internal.invokers.TestMethodWorker.invokeTestMethods(TestMethodWorker.java:154)
	at org.testng.internal.invokers.TestMethodWorker.run(TestMethodWorker.java:134)
	at java.base/java.util.ArrayList.forEach(ArrayList.java:1597)
	at org.testng.TestRunner.privateRun(TestRunner.java:741)
	at org.testng.TestRunner.run(TestRunner.java:616)
	at org.testng.SuiteRunner.runTest(SuiteRunner.java:421)
	at org.testng.SuiteRunner$SuiteWorker.run(SuiteRunner.java:463)
	at org.testng.internal.thread.ThreadUtil.lambda$execute$0(ThreadUtil.java:64)
	at java.base/java.util.concurrent.FutureTask.run(FutureTask.java:317)
	at java.base/java.util.concurrent.ThreadPoolExecutor.runWorker(ThreadPoolExecutor.java:1144)
	at java.base/java.util.concurrent.ThreadPoolExecutor$Worker.run(ThreadPoolExecutor.java:642)
	at java.base/java.lang.Thread.run(Thread.java:1575)
</textarea>
      
      </div>
                  </div>
                  <div class="step pass-bg">
                    <span>Hooks.Hooks.teardown(io.cucumber.java.Scenario)</span>
      <div>screenshot
          <div class="row mb-3"><div class="col-md-3">
<img data-featherlight='../Screenshots/embedded4.png' src="../Screenshots/embedded4.png">
    
    </div></div>
</div>
      <div>
      </div>
                  </div>
              </div>
            </div>
            <div class="card-body l1">
              <div class="card-header">
                <div class="card-title outline-child">
                  <div class="node" id="61"><span class="badge log fail-bg mr-2">Fail</span>Verify that the user is able to enter valid username in the username field</div>
                    <div class="status-avatar float-right">
                      <i class="fa fa-paperclip"></i>
                    </div>
                </div>
              </div>
              <div class="card-body mt-3 ">
                  <div class="step pass-bg">
                    <span>Given User is in the ds-algo launch page</span>
      <div>
      </div>
                  </div>
                  <div class="step pass-bg">
                    <span>When User clicks the Get Started button</span>
      <div>
      </div>
                  </div>
                  <div class="step pass-bg">
                    <span>Given User navigates to register page after clicking register link</span>
      <div>
      </div>
                  </div>
                  <div class="step pass-bg">
                    <span>When User enters data from excel sheet 'Register' and 3 for the username field</span>
      <div>
      </div>
                  </div>
                  <div class="step fail-bg">
                    <span>Then User should be able to enter username and click Register button</span>
      <div>
        <textarea disabled class="code-block">io.cucumber.core.exception.CucumberException: Step [User should be able to enter username and click Register button] is defined with 1 parameters at 'StepDefinitions.RegistrationPageStep.user_should_be_able_to_enter_username_and_click_register_button(java.lang.String)'.
However, the gherkin step has 0 arguments.
Step text: User should be able to enter username and click Register button
	at io.cucumber.core.runner.PickleStepDefinitionMatch.arityMismatch(PickleStepDefinitionMatch.java:82)
	at io.cucumber.core.runner.PickleStepDefinitionMatch.runStep(PickleStepDefinitionMatch.java:41)
	at io.cucumber.core.runner.ExecutionMode$1.execute(ExecutionMode.java:10)
	at io.cucumber.core.runner.TestStep.executeStep(TestStep.java:81)
	at io.cucumber.core.runner.TestStep.run(TestStep.java:53)
	at io.cucumber.core.runner.PickleStepTestStep.run(PickleStepTestStep.java:51)
	at io.cucumber.core.runner.TestCase.run(TestCase.java:86)
	at io.cucumber.core.runner.Runner.runPickle(Runner.java:77)
	at io.cucumber.testng.TestNGCucumberRunner.lambda$runScenario$1(TestNGCucumberRunner.java:135)
	at io.cucumber.core.runtime.CucumberExecutionContext.lambda$runTestCase$5(CucumberExecutionContext.java:136)
	at io.cucumber.core.runtime.RethrowingThrowableCollector.executeAndThrow(RethrowingThrowableCollector.java:23)
	at io.cucumber.core.runtime.CucumberExecutionContext.runTestCase(CucumberExecutionContext.java:136)
	at io.cucumber.testng.TestNGCucumberRunner.runScenario(TestNGCucumberRunner.java:132)
	at io.cucumber.testng.AbstractTestNGCucumberTests.runScenario(AbstractTestNGCucumberTests.java:35)
	at java.base/jdk.internal.reflect.DirectMethodHandleAccessor.invoke(DirectMethodHandleAccessor.java:103)
	at java.base/java.lang.reflect.Method.invoke(Method.java:580)
	at org.testng.internal.invokers.MethodInvocationHelper.invokeMethod(MethodInvocationHelper.java:141)
	at org.testng.internal.invokers.TestInvoker.invokeMethod(TestInvoker.java:687)
	at org.testng.internal.invokers.TestInvoker.invokeTestMethod(TestInvoker.java:230)
	at org.testng.internal.invokers.MethodRunner.runInSequence(MethodRunner.java:63)
	at org.testng.internal.invokers.TestInvoker$MethodInvocationAgent.invoke(TestInvoker.java:995)
	at org.testng.internal.invokers.TestInvoker.invokeTestMethods(TestInvoker.java:203)
	at org.testng.internal.invokers.TestMethodWorker.invokeTestMethods(TestMethodWorker.java:154)
	at org.testng.internal.invokers.TestMethodWorker.run(TestMethodWorker.java:134)
	at java.base/java.util.ArrayList.forEach(ArrayList.java:1597)
	at org.testng.TestRunner.privateRun(TestRunner.java:741)
	at org.testng.TestRunner.run(TestRunner.java:616)
	at org.testng.SuiteRunner.runTest(SuiteRunner.java:421)
	at org.testng.SuiteRunner$SuiteWorker.run(SuiteRunner.java:463)
	at org.testng.internal.thread.ThreadUtil.lambda$execute$0(ThreadUtil.java:64)
	at java.base/java.util.concurrent.FutureTask.run(FutureTask.java:317)
	at java.base/java.util.concurrent.ThreadPoolExecutor.runWorker(ThreadPoolExecutor.java:1144)
	at java.base/java.util.concurrent.ThreadPoolExecutor$Worker.run(ThreadPoolExecutor.java:642)
	at java.base/java.lang.Thread.run(Thread.java:1575)
</textarea>
      
      </div>
                  </div>
                  <div class="step pass-bg">
                    <span>Hooks.Hooks.teardown(io.cucumber.java.Scenario)</span>
      <div>screenshot
          <div class="row mb-3"><div class="col-md-3">
<img data-featherlight='../Screenshots/embedded6.png' src="../Screenshots/embedded6.png">
    
    </div></div>
</div>
      <div>
      </div>
                  </div>
              </div>
            </div>
        </div>
  </div>
  <div class="card">
    <div class="card-header" role="tab">
      <div class="card-title">
        <div class="node" id="76"><span class="badge log fail-bg mr-2">Fail</span>Verify that user gets an error message upon entering invalid username</div>
          <div class="status-avatar float-right mr-4">
            <i class="fa fa-paperclip"></i>
          </div>
      </div>
    </div>
        <div class="scenario_outline ">
            <div class="card-body l1">
              <div class="card-header">
                <div class="card-title outline-child">
                  <div class="node" id="77"><span class="badge log pass-bg mr-2">Pass</span>Verify that user gets an error message upon entering invalid username</div>
                </div>
              </div>
              <div class="card-body mt-3 collapse">
                  <div class="step pass-bg">
                    <span>Given User is in the ds-algo launch page</span>
      <div>
      </div>
                  </div>
                  <div class="step pass-bg">
                    <span>When User clicks the Get Started button</span>
      <div>
      </div>
                  </div>
                  <div class="step pass-bg">
                    <span>Given User navigates to register page after clicking register link</span>
      <div>
      </div>
                  </div>
                  <div class="step pass-bg">
                    <span>When User enters invalid data from excel sheet 'Register' and 5 for the username field</span>
      <div>
      </div>
                  </div>
                  <div class="step pass-bg">
                    <span>Then User gets error message for username in the Register page</span>
      <div>
      </div>
                  </div>
              </div>
            </div>
            <div class="card-body l1">
              <div class="card-header">
                <div class="card-title outline-child">
                  <div class="node" id="94"><span class="badge log pass-bg mr-2">Pass</span>Verify that user gets an error message upon entering invalid username</div>
                </div>
              </div>
              <div class="card-body mt-3 collapse">
                  <div class="step pass-bg">
                    <span>Given User is in the ds-algo launch page</span>
      <div>
      </div>
                  </div>
                  <div class="step pass-bg">
                    <span>When User clicks the Get Started button</span>
      <div>
      </div>
                  </div>
                  <div class="step pass-bg">
                    <span>Given User navigates to register page after clicking register link</span>
      <div>
      </div>
                  </div>
                  <div class="step pass-bg">
                    <span>When User enters invalid data from excel sheet 'Register' and 6 for the username field</span>
      <div>
      </div>
                  </div>
                  <div class="step pass-bg">
                    <span>Then User gets error message for username in the Register page</span>
      <div>
      </div>
                  </div>
              </div>
            </div>
            <div class="card-body l1">
              <div class="card-header">
                <div class="card-title outline-child">
                  <div class="node" id="109"><span class="badge log fail-bg mr-2">Fail</span>Verify that user gets an error message upon entering invalid username</div>
                    <div class="status-avatar float-right">
                      <i class="fa fa-paperclip"></i>
                    </div>
                </div>
              </div>
              <div class="card-body mt-3 ">
                  <div class="step pass-bg">
                    <span>Given User is in the ds-algo launch page</span>
      <div>
      </div>
                  </div>
                  <div class="step pass-bg">
                    <span>When User clicks the Get Started button</span>
      <div>
      </div>
                  </div>
                  <div class="step pass-bg">
                    <span>Given User navigates to register page after clicking register link</span>
      <div>
      </div>
                  </div>
                  <div class="step pass-bg">
                    <span>When User enters invalid data from excel sheet 'Register' and 7 for the username field</span>
      <div>
      </div>
                  </div>
                  <div class="step fail-bg">
                    <span>Then User gets error message for username in the Register page</span>
      <div>
        <textarea disabled class="code-block">org.openqa.selenium.NoSuchElementException: no such element: Unable to locate element: {"method":"xpath","selector":"//div[@class='alert alert-primary']"}
  (Session info: chrome=136.0.7103.93)
For documentation on this error, please visit: https://www.selenium.dev/documentation/webdriver/troubleshooting/errors#no-such-element-exception
Build info: version: '4.31.0', revision: '1ef9f18787*'
System info: os.name: 'Windows 11', os.arch: 'amd64', os.version: '10.0', java.version: '23.0.2'
Driver info: org.openqa.selenium.chrome.ChromeDriver
Command: [5fadb3834397d6b9d6bc3d45626d6c3d, findElement {value=//div[@class='alert alert-primary'], using=xpath}]
Capabilities {acceptInsecureCerts: false, browserName: chrome, browserVersion: 136.0.7103.93, chrome: {chromedriverVersion: 136.0.7103.92 (cb81a4cc5087..., userDataDir: C:\Users\skurr\AppData\Loca...}, fedcm:accounts: true, goog:chromeOptions: {debuggerAddress: localhost:59609}, networkConnectionEnabled: false, pageLoadStrategy: normal, platformName: windows, proxy: Proxy(), se:cdp: ws://localhost:59609/devtoo..., se:cdpVersion: 136.0.7103.93, setWindowRect: true, strictFileInteractability: false, timeouts: {implicit: 0, pageLoad: 300000, script: 30000}, unhandledPromptBehavior: dismiss and notify, webauthn:extension:credBlob: true, webauthn:extension:largeBlob: true, webauthn:extension:minPinLength: true, webauthn:extension:prf: true, webauthn:virtualAuthenticators: true}
Session ID: 5fadb3834397d6b9d6bc3d45626d6c3d
	at java.base/jdk.internal.reflect.DirectConstructorHandleAccessor.newInstance(DirectConstructorHandleAccessor.java:62)
	at java.base/java.lang.reflect.Constructor.newInstanceWithCaller(Constructor.java:501)
	at java.base/java.lang.reflect.Constructor.newInstance(Constructor.java:485)
	at org.openqa.selenium.remote.ErrorCodec.decode(ErrorCodec.java:167)
	at org.openqa.selenium.remote.codec.w3c.W3CHttpResponseCodec.decode(W3CHttpResponseCodec.java:138)
	at org.openqa.selenium.remote.codec.w3c.W3CHttpResponseCodec.decode(W3CHttpResponseCodec.java:50)
	at org.openqa.selenium.remote.HttpCommandExecutor.execute(HttpCommandExecutor.java:215)
	at org.openqa.selenium.remote.service.DriverCommandExecutor.invokeExecute(DriverCommandExecutor.java:216)
	at org.openqa.selenium.remote.service.DriverCommandExecutor.execute(DriverCommandExecutor.java:174)
	at org.openqa.selenium.remote.RemoteWebDriver.execute(RemoteWebDriver.java:545)
	at org.openqa.selenium.remote.ElementLocation$ElementFinder$2.findElement(ElementLocation.java:165)
	at org.openqa.selenium.remote.ElementLocation.findElement(ElementLocation.java:59)
	at org.openqa.selenium.remote.RemoteWebDriver.findElement(RemoteWebDriver.java:368)
	at org.openqa.selenium.remote.RemoteWebDriver.findElement(RemoteWebDriver.java:362)
	at PageObject.RegistrationPageObject.errorMessageDisplayed(RegistrationPageObject.java:78)
	at StepDefinitions.RegistrationPageStep.user_gets_error_message_for_username_in_the_register_page(RegistrationPageStep.java:94)
	at ✽.User gets error message for username in the Register page(file:///C:/Users/skurr/eclipse-workspace/ClubNinjas-dsAlgoBDD/src/test/resources/features/RegisterPage.feature:26)
</textarea>
      
      </div>
                  </div>
                  <div class="step pass-bg">
                    <span>Hooks.Hooks.teardown(io.cucumber.java.Scenario)</span>
      <div>screenshot
          <div class="row mb-3"><div class="col-md-3">
<img data-featherlight='../Screenshots/embedded8.png' src="../Screenshots/embedded8.png">
    
    </div></div>
</div>
      <div>
      </div>
                  </div>
              </div>
            </div>
        </div>
  </div>
  <div class="card">
    <div class="card-header" role="tab">
      <div class="card-title">
        <div class="node" id="125"><span class="badge log pass-bg mr-2">Pass</span>Verify that the user is able to enter valid passwords in the field</div>
      </div>
    </div>
        <div class="scenario_outline collapse">
            <div class="card-body l1">
              <div class="card-header">
                <div class="card-title outline-child">
                  <div class="node" id="126"><span class="badge log pass-bg mr-2">Pass</span>Verify that the user is able to enter valid passwords in the field</div>
                </div>
              </div>
              <div class="card-body mt-3 collapse">
                  <div class="step pass-bg">
                    <span>Given User is in the ds-algo launch page</span>
      <div>
      </div>
                  </div>
                  <div class="step pass-bg">
                    <span>When User clicks the Get Started button</span>
      <div>
      </div>
                  </div>
                  <div class="step pass-bg">
                    <span>Given User navigates to register page after clicking register link</span>
      <div>
      </div>
                  </div>
                  <div class="step pass-bg">
                    <span>When User enters data from excel sheet 'Register' and 8 for the password fields</span>
      <div>
      </div>
                  </div>
                  <div class="step pass-bg">
                    <span>Then User should be able to enter password and click Register button</span>
      <div>
      </div>
                  </div>
              </div>
            </div>
            <div class="card-body l1">
              <div class="card-header">
                <div class="card-title outline-child">
                  <div class="node" id="142"><span class="badge log pass-bg mr-2">Pass</span>Verify that the user is able to enter valid passwords in the field</div>
                </div>
              </div>
              <div class="card-body mt-3 collapse">
                  <div class="step pass-bg">
                    <span>Given User is in the ds-algo launch page</span>
      <div>
      </div>
                  </div>
                  <div class="step pass-bg">
                    <span>When User clicks the Get Started button</span>
      <div>
      </div>
                  </div>
                  <div class="step pass-bg">
                    <span>Given User navigates to register page after clicking register link</span>
      <div>
      </div>
                  </div>
                  <div class="step pass-bg">
                    <span>When User enters data from excel sheet 'Register' and 9 for the password fields</span>
      <div>
      </div>
                  </div>
                  <div class="step pass-bg">
                    <span>Then User should be able to enter password and click Register button</span>
      <div>
      </div>
                  </div>
              </div>
            </div>
        </div>
  </div>
  <div class="card">
    <div class="card-header" role="tab">
      <div class="card-title">
        <div class="node" id="159"><span class="badge log fail-bg mr-2">Fail</span>Verify that the user gets error upon entering invalid passwords</div>
          <div class="status-avatar float-right mr-4">
            <i class="fa fa-paperclip"></i>
          </div>
      </div>
    </div>
        <div class="scenario_outline ">
            <div class="card-body l1">
              <div class="card-header">
                <div class="card-title outline-child">
                  <div class="node" id="160"><span class="badge log pass-bg mr-2">Pass</span>Verify that the user gets error upon entering invalid passwords</div>
                </div>
              </div>
              <div class="card-body mt-3 collapse">
                  <div class="step pass-bg">
                    <span>Given User is in the ds-algo launch page</span>
      <div>
      </div>
                  </div>
                  <div class="step pass-bg">
                    <span>When User clicks the Get Started button</span>
      <div>
      </div>
                  </div>
                  <div class="step pass-bg">
                    <span>Given User navigates to register page after clicking register link</span>
      <div>
      </div>
                  </div>
                  <div class="step pass-bg">
                    <span>When User enters invalid data from excel sheet 'Register' and 10 for the password field</span>
      <div>
      </div>
                  </div>
                  <div class="step pass-bg">
                    <span>Then User gets an error message for password in the Register page</span>
      <div>
      </div>
                  </div>
              </div>
            </div>
            <div class="card-body l1">
              <div class="card-header">
                <div class="card-title outline-child">
                  <div class="node" id="173"><span class="badge log pass-bg mr-2">Pass</span>Verify that the user gets error upon entering invalid passwords</div>
                </div>
              </div>
              <div class="card-body mt-3 collapse">
                  <div class="step pass-bg">
                    <span>Given User is in the ds-algo launch page</span>
      <div>
      </div>
                  </div>
                  <div class="step pass-bg">
                    <span>When User clicks the Get Started button</span>
      <div>
      </div>
                  </div>
                  <div class="step pass-bg">
                    <span>Given User navigates to register page after clicking register link</span>
      <div>
      </div>
                  </div>
                  <div class="step pass-bg">
                    <span>When User enters invalid data from excel sheet 'Register' and 11 for the password field</span>
      <div>
      </div>
                  </div>
                  <div class="step pass-bg">
                    <span>Then User gets an error message for password in the Register page</span>
      <div>
      </div>
                  </div>
              </div>
            </div>
            <div class="card-body l1">
              <div class="card-header">
                <div class="card-title outline-child">
                  <div class="node" id="187"><span class="badge log fail-bg mr-2">Fail</span>Verify that the user gets error upon entering invalid passwords</div>
                    <div class="status-avatar float-right">
                      <i class="fa fa-paperclip"></i>
                    </div>
                </div>
              </div>
              <div class="card-body mt-3 ">
                  <div class="step pass-bg">
                    <span>Given User is in the ds-algo launch page</span>
      <div>
      </div>
                  </div>
                  <div class="step pass-bg">
                    <span>When User clicks the Get Started button</span>
      <div>
      </div>
                  </div>
                  <div class="step pass-bg">
                    <span>Given User navigates to register page after clicking register link</span>
      <div>
      </div>
                  </div>
                  <div class="step pass-bg">
                    <span>When User enters invalid data from excel sheet 'Register' and 12 for the password field</span>
      <div>
      </div>
                  </div>
                  <div class="step fail-bg">
                    <span>Then User gets an error message for password in the Register page</span>
      <div>
        <textarea disabled class="code-block">org.openqa.selenium.NoSuchElementException: no such element: Unable to locate element: {"method":"xpath","selector":"//div[@class='alert alert-primary']"}
  (Session info: chrome=136.0.7103.93)
For documentation on this error, please visit: https://www.selenium.dev/documentation/webdriver/troubleshooting/errors#no-such-element-exception
Build info: version: '4.31.0', revision: '1ef9f18787*'
System info: os.name: 'Windows 11', os.arch: 'amd64', os.version: '10.0', java.version: '23.0.2'
Driver info: org.openqa.selenium.chrome.ChromeDriver
Command: [557275f4d6ee58d644433f1e3d363d64, findElement {value=//div[@class='alert alert-primary'], using=xpath}]
Capabilities {acceptInsecureCerts: false, browserName: chrome, browserVersion: 136.0.7103.93, chrome: {chromedriverVersion: 136.0.7103.92 (cb81a4cc5087..., userDataDir: C:\Users\skurr\AppData\Loca...}, fedcm:accounts: true, goog:chromeOptions: {debuggerAddress: localhost:59893}, networkConnectionEnabled: false, pageLoadStrategy: normal, platformName: windows, proxy: Proxy(), se:cdp: ws://localhost:59893/devtoo..., se:cdpVersion: 136.0.7103.93, setWindowRect: true, strictFileInteractability: false, timeouts: {implicit: 0, pageLoad: 300000, script: 30000}, unhandledPromptBehavior: dismiss and notify, webauthn:extension:credBlob: true, webauthn:extension:largeBlob: true, webauthn:extension:minPinLength: true, webauthn:extension:prf: true, webauthn:virtualAuthenticators: true}
Session ID: 557275f4d6ee58d644433f1e3d363d64
	at java.base/jdk.internal.reflect.DirectConstructorHandleAccessor.newInstance(DirectConstructorHandleAccessor.java:62)
	at java.base/java.lang.reflect.Constructor.newInstanceWithCaller(Constructor.java:501)
	at java.base/java.lang.reflect.Constructor.newInstance(Constructor.java:485)
	at org.openqa.selenium.remote.ErrorCodec.decode(ErrorCodec.java:167)
	at org.openqa.selenium.remote.codec.w3c.W3CHttpResponseCodec.decode(W3CHttpResponseCodec.java:138)
	at org.openqa.selenium.remote.codec.w3c.W3CHttpResponseCodec.decode(W3CHttpResponseCodec.java:50)
	at org.openqa.selenium.remote.HttpCommandExecutor.execute(HttpCommandExecutor.java:215)
	at org.openqa.selenium.remote.service.DriverCommandExecutor.invokeExecute(DriverCommandExecutor.java:216)
	at org.openqa.selenium.remote.service.DriverCommandExecutor.execute(DriverCommandExecutor.java:174)
	at org.openqa.selenium.remote.RemoteWebDriver.execute(RemoteWebDriver.java:545)
	at org.openqa.selenium.remote.ElementLocation$ElementFinder$2.findElement(ElementLocation.java:165)
	at org.openqa.selenium.remote.ElementLocation.findElement(ElementLocation.java:59)
	at org.openqa.selenium.remote.RemoteWebDriver.findElement(RemoteWebDriver.java:368)
	at org.openqa.selenium.remote.RemoteWebDriver.findElement(RemoteWebDriver.java:362)
	at PageObject.RegistrationPageObject.errorMessageDisplayed(RegistrationPageObject.java:78)
	at StepDefinitions.RegistrationPageStep.user_gets_an_error_message_for_password_in_the_register_page(RegistrationPageStep.java:128)
	at ✽.User gets an error message for password in the Register page(file:///C:/Users/skurr/eclipse-workspace/ClubNinjas-dsAlgoBDD/src/test/resources/features/RegisterPage.feature:47)
</textarea>
      
      </div>
                  </div>
                  <div class="step pass-bg">
                    <span>Hooks.Hooks.teardown(io.cucumber.java.Scenario)</span>
      <div>screenshot
          <div class="row mb-3"><div class="col-md-3">
<img data-featherlight='../Screenshots/embedded9.png' src="../Screenshots/embedded9.png">
    
    </div></div>
</div>
      <div>
      </div>
                  </div>
              </div>
            </div>
        </div>
  </div>
  <div class="card">
    <div class="card-header" role="tab">
      <div class="card-title">
        <div class="node" id="202"><span class="badge log pass-bg mr-2">Pass</span>Verify pop-up message when password and password confirmation fields are left blank</div>
      </div>
    </div>
        <div class="scenario_outline collapse">
            <div class="card-body l1">
              <div class="card-header">
                <div class="card-title outline-child">
                  <div class="node" id="203"><span class="badge log pass-bg mr-2">Pass</span>Verify pop-up message when password and password confirmation fields are left blank</div>
                </div>
              </div>
              <div class="card-body mt-3 collapse">
                  <div class="step pass-bg">
                    <span>Given User is in the ds-algo launch page</span>
      <div>
      </div>
                  </div>
                  <div class="step pass-bg">
                    <span>When User clicks the Get Started button</span>
      <div>
      </div>
                  </div>
                  <div class="step pass-bg">
                    <span>Given User navigates to register page after clicking register link</span>
      <div>
      </div>
                  </div>
                  <div class="step pass-bg">
                    <span>When User enters data from excel sheet 'Register' and 13 for blank feilds</span>
      <div>
      </div>
                  </div>
                  <div class="step pass-bg">
                    <span>Then User gets error message in register page</span>
      <div>
      </div>
                  </div>
              </div>
            </div>
            <div class="card-body l1">
              <div class="card-header">
                <div class="card-title outline-child">
                  <div class="node" id="215"><span class="badge log pass-bg mr-2">Pass</span>Verify pop-up message when password and password confirmation fields are left blank</div>
                </div>
              </div>
              <div class="card-body mt-3 collapse">
                  <div class="step pass-bg">
                    <span>Given User is in the ds-algo launch page</span>
      <div>
      </div>
                  </div>
                  <div class="step pass-bg">
                    <span>When User clicks the Get Started button</span>
      <div>
      </div>
                  </div>
                  <div class="step pass-bg">
                    <span>Given User navigates to register page after clicking register link</span>
      <div>
      </div>
                  </div>
                  <div class="step pass-bg">
                    <span>When User enters data from excel sheet 'Register' and 14 for blank feilds</span>
      <div>
      </div>
                  </div>
                  <div class="step pass-bg">
                    <span>Then User gets error message in register page</span>
      <div>
      </div>
                  </div>
              </div>
            </div>
        </div>
  </div>
</div>
          </div>
        </li>
        <li class="test-item"  status="fail" test-id="1"
          author=""
          tag=""
          device="">
          <div class="test-detail">
            <p class="name">Register Page</p>
            <p class="text-sm">
              <span>11:16:49 PM</span> / <span>00:02:00:403</span>
              <span class="badge fail-bg log float-right">Fail</span>
            </p>
          </div>
          <div class="test-contents d-none">
<div class="detail-head">
<div class="p-v-10">
<div class="info">
<h5 class="test-status text-fail">Register Page</h5>
<span class='badge badge-success'>05.11.2025 11:16:49 PM</span>
<span class='badge badge-danger'>05.11.2025 11:18:49 PM</span>
<span class='badge badge-default'>00:02:00:403</span>
&middot; <span class='uri-anchor badge badge-default'>#test-id=1</span>
<span class='badge badge-default pointer float-right ml-1 et'><i class="fa fa-chevron-down"></i></span>
<span class='badge badge-default pointer float-right ct'><i class="fa fa-chevron-up"></i></span>
</div>
<div class="m-t-10 m-l-5"></div>
</div>
</div>
<div class="accordion mt-4">
  <div class="card">
    <div class="card-header" role="tab">
      <div class="card-title">
        <div class="node" id="3"><span class="badge log pass-bg mr-2">Pass</span>Verify that User is able to launch ds-algo portal</div>
      </div>
    </div>
        <div class="collapse">
          <div class="card-body">
              <div class="step pass-bg" title="StepDefinitions.RegistrationPageStep.user_is_in_the_ds_algo_launch_page()">
                <span>Given User is in the ds-algo launch page</span>
      <div>
      </div>
              </div>
              <div class="step pass-bg" title="StepDefinitions.RegistrationPageStep.user_clicks_the_Get_Started_button()">
                <span>When User clicks the Get Started button</span>
      <div>
      </div>
              </div>
              <div class="step pass-bg" title="StepDefinitions.RegistrationPageStep.user_is_in_the_home_page_after_launching_ds_algo_portal_page()">
                <span>Given User is in the home page after launching ds-algo portal page</span>
      <div>
      </div>
              </div>
              <div class="step pass-bg" title="StepDefinitions.RegistrationPageStep.user_clicks_register_link_in_the_home_page()">
                <span>When User clicks Register link in the home page</span>
      <div>
      </div>
              </div>
              <div class="step pass-bg" title="StepDefinitions.RegistrationPageStep.user_should_be_able_to_navigate_to_register_page()">
                <span>Then User should be able to navigate to Register page</span>
      <div>
      </div>
              </div>
          </div>
        </div>
  </div>
  <div class="card">
    <div class="card-header" role="tab">
      <div class="card-title">
        <div class="node" id="22"><span class="badge log fail-bg mr-2">Fail</span>Verify that the user is able to enter valid username in the username field</div>
          <div class="status-avatar float-right mr-4">
            <i class="fa fa-paperclip"></i>
          </div>
      </div>
    </div>
        <div class="scenario_outline ">
            <div class="card-body l1">
              <div class="card-header">
                <div class="card-title outline-child">
                  <div class="node" id="23"><span class="badge log fail-bg mr-2">Fail</span>Verify that the user is able to enter valid username in the username field</div>
                    <div class="status-avatar float-right">
                      <i class="fa fa-paperclip"></i>
                    </div>
                </div>
              </div>
              <div class="card-body mt-3 ">
                  <div class="step pass-bg">
                    <span>Given User is in the ds-algo launch page</span>
      <div>
      </div>
                  </div>
                  <div class="step pass-bg">
                    <span>When User clicks the Get Started button</span>
      <div>
      </div>
                  </div>
                  <div class="step pass-bg">
                    <span>Given User navigates to register page after clicking register link</span>
      <div>
      </div>
                  </div>
                  <div class="step pass-bg">
                    <span>When User enters data from excel sheet 'Register' and 1 for the username field</span>
      <div>
      </div>
                  </div>
                  <div class="step fail-bg">
                    <span>Then User should be able to enter username and click Register button</span>
      <div>
        <textarea disabled class="code-block">io.cucumber.core.exception.CucumberException: Step [User should be able to enter username and click Register button] is defined with 1 parameters at 'StepDefinitions.RegistrationPageStep.user_should_be_able_to_enter_username_and_click_register_button(java.lang.String)'.
However, the gherkin step has 0 arguments.
Step text: User should be able to enter username and click Register button
	at io.cucumber.core.runner.PickleStepDefinitionMatch.arityMismatch(PickleStepDefinitionMatch.java:82)
	at io.cucumber.core.runner.PickleStepDefinitionMatch.runStep(PickleStepDefinitionMatch.java:41)
	at io.cucumber.core.runner.ExecutionMode$1.execute(ExecutionMode.java:10)
	at io.cucumber.core.runner.TestStep.executeStep(TestStep.java:81)
	at io.cucumber.core.runner.TestStep.run(TestStep.java:53)
	at io.cucumber.core.runner.PickleStepTestStep.run(PickleStepTestStep.java:51)
	at io.cucumber.core.runner.TestCase.run(TestCase.java:86)
	at io.cucumber.core.runner.Runner.runPickle(Runner.java:77)
	at io.cucumber.testng.TestNGCucumberRunner.lambda$runScenario$1(TestNGCucumberRunner.java:135)
	at io.cucumber.core.runtime.CucumberExecutionContext.lambda$runTestCase$5(CucumberExecutionContext.java:136)
	at io.cucumber.core.runtime.RethrowingThrowableCollector.executeAndThrow(RethrowingThrowableCollector.java:23)
	at io.cucumber.core.runtime.CucumberExecutionContext.runTestCase(CucumberExecutionContext.java:136)
	at io.cucumber.testng.TestNGCucumberRunner.runScenario(TestNGCucumberRunner.java:132)
	at io.cucumber.testng.AbstractTestNGCucumberTests.runScenario(AbstractTestNGCucumberTests.java:35)
	at java.base/jdk.internal.reflect.DirectMethodHandleAccessor.invoke(DirectMethodHandleAccessor.java:103)
	at java.base/java.lang.reflect.Method.invoke(Method.java:580)
	at org.testng.internal.invokers.MethodInvocationHelper.invokeMethod(MethodInvocationHelper.java:141)
	at org.testng.internal.invokers.TestInvoker.invokeMethod(TestInvoker.java:687)
	at org.testng.internal.invokers.TestInvoker.invokeTestMethod(TestInvoker.java:230)
	at org.testng.internal.invokers.MethodRunner.runInSequence(MethodRunner.java:63)
	at org.testng.internal.invokers.TestInvoker$MethodInvocationAgent.invoke(TestInvoker.java:995)
	at org.testng.internal.invokers.TestInvoker.invokeTestMethods(TestInvoker.java:203)
	at org.testng.internal.invokers.TestMethodWorker.invokeTestMethods(TestMethodWorker.java:154)
	at org.testng.internal.invokers.TestMethodWorker.run(TestMethodWorker.java:134)
	at java.base/java.util.ArrayList.forEach(ArrayList.java:1597)
	at org.testng.TestRunner.privateRun(TestRunner.java:741)
	at org.testng.TestRunner.run(TestRunner.java:616)
	at org.testng.SuiteRunner.runTest(SuiteRunner.java:421)
	at org.testng.SuiteRunner$SuiteWorker.run(SuiteRunner.java:463)
	at org.testng.internal.thread.ThreadUtil.lambda$execute$0(ThreadUtil.java:64)
	at java.base/java.util.concurrent.FutureTask.run(FutureTask.java:317)
	at java.base/java.util.concurrent.ThreadPoolExecutor.runWorker(ThreadPoolExecutor.java:1144)
	at java.base/java.util.concurrent.ThreadPoolExecutor$Worker.run(ThreadPoolExecutor.java:642)
	at java.base/java.lang.Thread.run(Thread.java:1575)
</textarea>
      
      </div>
                  </div>
                  <div class="step pass-bg">
                    <span>Hooks.Hooks.teardown(io.cucumber.java.Scenario)</span>
      <div>screenshot
          <div class="row mb-3"><div class="col-md-3">
<img data-featherlight='../Screenshots/embedded1.png' src="../Screenshots/embedded1.png">
    
    </div></div>
</div>
      <div>
      </div>
                  </div>
              </div>
            </div>
            <div class="card-body l1">
              <div class="card-header">
                <div class="card-title outline-child">
                  <div class="node" id="37"><span class="badge log fail-bg mr-2">Fail</span>Verify that the user is able to enter valid username in the username field</div>
                    <div class="status-avatar float-right">
                      <i class="fa fa-paperclip"></i>
                    </div>
                </div>
              </div>
              <div class="card-body mt-3 ">
                  <div class="step pass-bg">
                    <span>Given User is in the ds-algo launch page</span>
      <div>
      </div>
                  </div>
                  <div class="step pass-bg">
                    <span>When User clicks the Get Started button</span>
      <div>
      </div>
                  </div>
                  <div class="step pass-bg">
                    <span>Given User navigates to register page after clicking register link</span>
      <div>
      </div>
                  </div>
                  <div class="step pass-bg">
                    <span>When User enters data from excel sheet 'Register' and 2 for the username field</span>
      <div>
      </div>
                  </div>
                  <div class="step fail-bg">
                    <span>Then User should be able to enter username and click Register button</span>
      <div>
        <textarea disabled class="code-block">io.cucumber.core.exception.CucumberException: Step [User should be able to enter username and click Register button] is defined with 1 parameters at 'StepDefinitions.RegistrationPageStep.user_should_be_able_to_enter_username_and_click_register_button(java.lang.String)'.
However, the gherkin step has 0 arguments.
Step text: User should be able to enter username and click Register button
	at io.cucumber.core.runner.PickleStepDefinitionMatch.arityMismatch(PickleStepDefinitionMatch.java:82)
	at io.cucumber.core.runner.PickleStepDefinitionMatch.runStep(PickleStepDefinitionMatch.java:41)
	at io.cucumber.core.runner.ExecutionMode$1.execute(ExecutionMode.java:10)
	at io.cucumber.core.runner.TestStep.executeStep(TestStep.java:81)
	at io.cucumber.core.runner.TestStep.run(TestStep.java:53)
	at io.cucumber.core.runner.PickleStepTestStep.run(PickleStepTestStep.java:51)
	at io.cucumber.core.runner.TestCase.run(TestCase.java:86)
	at io.cucumber.core.runner.Runner.runPickle(Runner.java:77)
	at io.cucumber.testng.TestNGCucumberRunner.lambda$runScenario$1(TestNGCucumberRunner.java:135)
	at io.cucumber.core.runtime.CucumberExecutionContext.lambda$runTestCase$5(CucumberExecutionContext.java:136)
	at io.cucumber.core.runtime.RethrowingThrowableCollector.executeAndThrow(RethrowingThrowableCollector.java:23)
	at io.cucumber.core.runtime.CucumberExecutionContext.runTestCase(CucumberExecutionContext.java:136)
	at io.cucumber.testng.TestNGCucumberRunner.runScenario(TestNGCucumberRunner.java:132)
	at io.cucumber.testng.AbstractTestNGCucumberTests.runScenario(AbstractTestNGCucumberTests.java:35)
	at java.base/jdk.internal.reflect.DirectMethodHandleAccessor.invoke(DirectMethodHandleAccessor.java:103)
	at java.base/java.lang.reflect.Method.invoke(Method.java:580)
	at org.testng.internal.invokers.MethodInvocationHelper.invokeMethod(MethodInvocationHelper.java:141)
	at org.testng.internal.invokers.TestInvoker.invokeMethod(TestInvoker.java:687)
	at org.testng.internal.invokers.TestInvoker.invokeTestMethod(TestInvoker.java:230)
	at org.testng.internal.invokers.MethodRunner.runInSequence(MethodRunner.java:63)
	at org.testng.internal.invokers.TestInvoker$MethodInvocationAgent.invoke(TestInvoker.java:995)
	at org.testng.internal.invokers.TestInvoker.invokeTestMethods(TestInvoker.java:203)
	at org.testng.internal.invokers.TestMethodWorker.invokeTestMethods(TestMethodWorker.java:154)
	at org.testng.internal.invokers.TestMethodWorker.run(TestMethodWorker.java:134)
	at java.base/java.util.ArrayList.forEach(ArrayList.java:1597)
	at org.testng.TestRunner.privateRun(TestRunner.java:741)
	at org.testng.TestRunner.run(TestRunner.java:616)
	at org.testng.SuiteRunner.runTest(SuiteRunner.java:421)
	at org.testng.SuiteRunner$SuiteWorker.run(SuiteRunner.java:463)
	at org.testng.internal.thread.ThreadUtil.lambda$execute$0(ThreadUtil.java:64)
	at java.base/java.util.concurrent.FutureTask.run(FutureTask.java:317)
	at java.base/java.util.concurrent.ThreadPoolExecutor.runWorker(ThreadPoolExecutor.java:1144)
	at java.base/java.util.concurrent.ThreadPoolExecutor$Worker.run(ThreadPoolExecutor.java:642)
	at java.base/java.lang.Thread.run(Thread.java:1575)
</textarea>
      
      </div>
                  </div>
                  <div class="step pass-bg">
                    <span>Hooks.Hooks.teardown(io.cucumber.java.Scenario)</span>
      <div>screenshot
          <div class="row mb-3"><div class="col-md-3">
<img data-featherlight='../Screenshots/embedded3.png' src="../Screenshots/embedded3.png">
    
    </div></div>
</div>
      <div>
      </div>
                  </div>
              </div>
            </div>
            <div class="card-body l1">
              <div class="card-header">
                <div class="card-title outline-child">
                  <div class="node" id="47"><span class="badge log fail-bg mr-2">Fail</span>Verify that the user is able to enter valid username in the username field</div>
                    <div class="status-avatar float-right">
                      <i class="fa fa-paperclip"></i>
                    </div>
                </div>
              </div>
              <div class="card-body mt-3 ">
                  <div class="step pass-bg">
                    <span>Given User is in the ds-algo launch page</span>
      <div>
      </div>
                  </div>
                  <div class="step pass-bg">
                    <span>When User clicks the Get Started button</span>
      <div>
      </div>
                  </div>
                  <div class="step pass-bg">
                    <span>Given User navigates to register page after clicking register link</span>
      <div>
      </div>
                  </div>
                  <div class="step pass-bg">
                    <span>When User enters data from excel sheet 'Register' and 3 for the username field</span>
      <div>
      </div>
                  </div>
                  <div class="step fail-bg">
                    <span>Then User should be able to enter username and click Register button</span>
      <div>
        <textarea disabled class="code-block">io.cucumber.core.exception.CucumberException: Step [User should be able to enter username and click Register button] is defined with 1 parameters at 'StepDefinitions.RegistrationPageStep.user_should_be_able_to_enter_username_and_click_register_button(java.lang.String)'.
However, the gherkin step has 0 arguments.
Step text: User should be able to enter username and click Register button
	at io.cucumber.core.runner.PickleStepDefinitionMatch.arityMismatch(PickleStepDefinitionMatch.java:82)
	at io.cucumber.core.runner.PickleStepDefinitionMatch.runStep(PickleStepDefinitionMatch.java:41)
	at io.cucumber.core.runner.ExecutionMode$1.execute(ExecutionMode.java:10)
	at io.cucumber.core.runner.TestStep.executeStep(TestStep.java:81)
	at io.cucumber.core.runner.TestStep.run(TestStep.java:53)
	at io.cucumber.core.runner.PickleStepTestStep.run(PickleStepTestStep.java:51)
	at io.cucumber.core.runner.TestCase.run(TestCase.java:86)
	at io.cucumber.core.runner.Runner.runPickle(Runner.java:77)
	at io.cucumber.testng.TestNGCucumberRunner.lambda$runScenario$1(TestNGCucumberRunner.java:135)
	at io.cucumber.core.runtime.CucumberExecutionContext.lambda$runTestCase$5(CucumberExecutionContext.java:136)
	at io.cucumber.core.runtime.RethrowingThrowableCollector.executeAndThrow(RethrowingThrowableCollector.java:23)
	at io.cucumber.core.runtime.CucumberExecutionContext.runTestCase(CucumberExecutionContext.java:136)
	at io.cucumber.testng.TestNGCucumberRunner.runScenario(TestNGCucumberRunner.java:132)
	at io.cucumber.testng.AbstractTestNGCucumberTests.runScenario(AbstractTestNGCucumberTests.java:35)
	at java.base/jdk.internal.reflect.DirectMethodHandleAccessor.invoke(DirectMethodHandleAccessor.java:103)
	at java.base/java.lang.reflect.Method.invoke(Method.java:580)
	at org.testng.internal.invokers.MethodInvocationHelper.invokeMethod(MethodInvocationHelper.java:141)
	at org.testng.internal.invokers.TestInvoker.invokeMethod(TestInvoker.java:687)
	at org.testng.internal.invokers.TestInvoker.invokeTestMethod(TestInvoker.java:230)
	at org.testng.internal.invokers.MethodRunner.runInSequence(MethodRunner.java:63)
	at org.testng.internal.invokers.TestInvoker$MethodInvocationAgent.invoke(TestInvoker.java:995)
	at org.testng.internal.invokers.TestInvoker.invokeTestMethods(TestInvoker.java:203)
	at org.testng.internal.invokers.TestMethodWorker.invokeTestMethods(TestMethodWorker.java:154)
	at org.testng.internal.invokers.TestMethodWorker.run(TestMethodWorker.java:134)
	at java.base/java.util.ArrayList.forEach(ArrayList.java:1597)
	at org.testng.TestRunner.privateRun(TestRunner.java:741)
	at org.testng.TestRunner.run(TestRunner.java:616)
	at org.testng.SuiteRunner.runTest(SuiteRunner.java:421)
	at org.testng.SuiteRunner$SuiteWorker.run(SuiteRunner.java:463)
	at org.testng.internal.thread.ThreadUtil.lambda$execute$0(ThreadUtil.java:64)
	at java.base/java.util.concurrent.FutureTask.run(FutureTask.java:317)
	at java.base/java.util.concurrent.ThreadPoolExecutor.runWorker(ThreadPoolExecutor.java:1144)
	at java.base/java.util.concurrent.ThreadPoolExecutor$Worker.run(ThreadPoolExecutor.java:642)
	at java.base/java.lang.Thread.run(Thread.java:1575)
</textarea>
      
      </div>
                  </div>
                  <div class="step pass-bg">
                    <span>Hooks.Hooks.teardown(io.cucumber.java.Scenario)</span>
      <div>screenshot
          <div class="row mb-3"><div class="col-md-3">
<img data-featherlight='../Screenshots/embedded5.png' src="../Screenshots/embedded5.png">
    
    </div></div>
</div>
      <div>
      </div>
                  </div>
              </div>
            </div>
        </div>
  </div>
  <div class="card">
    <div class="card-header" role="tab">
      <div class="card-title">
        <div class="node" id="65"><span class="badge log fail-bg mr-2">Fail</span>Verify that user gets an error message upon entering invalid username</div>
          <div class="status-avatar float-right mr-4">
            <i class="fa fa-paperclip"></i>
          </div>
      </div>
    </div>
        <div class="scenario_outline ">
            <div class="card-body l1">
              <div class="card-header">
                <div class="card-title outline-child">
                  <div class="node" id="66"><span class="badge log pass-bg mr-2">Pass</span>Verify that user gets an error message upon entering invalid username</div>
                </div>
              </div>
              <div class="card-body mt-3 collapse">
                  <div class="step pass-bg">
                    <span>Given User is in the ds-algo launch page</span>
      <div>
      </div>
                  </div>
                  <div class="step pass-bg">
                    <span>When User clicks the Get Started button</span>
      <div>
      </div>
                  </div>
                  <div class="step pass-bg">
                    <span>Given User navigates to register page after clicking register link</span>
      <div>
      </div>
                  </div>
                  <div class="step pass-bg">
                    <span>When User enters invalid data from excel sheet 'Register' and 5 for the username field</span>
      <div>
      </div>
                  </div>
                  <div class="step pass-bg">
                    <span>Then User gets error message for username in the Register page</span>
      <div>
      </div>
                  </div>
              </div>
            </div>
            <div class="card-body l1">
              <div class="card-header">
                <div class="card-title outline-child">
                  <div class="node" id="83"><span class="badge log pass-bg mr-2">Pass</span>Verify that user gets an error message upon entering invalid username</div>
                </div>
              </div>
              <div class="card-body mt-3 collapse">
                  <div class="step pass-bg">
                    <span>Given User is in the ds-algo launch page</span>
      <div>
      </div>
                  </div>
                  <div class="step pass-bg">
                    <span>When User clicks the Get Started button</span>
      <div>
      </div>
                  </div>
                  <div class="step pass-bg">
                    <span>Given User navigates to register page after clicking register link</span>
      <div>
      </div>
                  </div>
                  <div class="step pass-bg">
                    <span>When User enters invalid data from excel sheet 'Register' and 6 for the username field</span>
      <div>
      </div>
                  </div>
                  <div class="step pass-bg">
                    <span>Then User gets error message for username in the Register page</span>
      <div>
      </div>
                  </div>
              </div>
            </div>
            <div class="card-body l1">
              <div class="card-header">
                <div class="card-title outline-child">
                  <div class="node" id="97"><span class="badge log fail-bg mr-2">Fail</span>Verify that user gets an error message upon entering invalid username</div>
                    <div class="status-avatar float-right">
                      <i class="fa fa-paperclip"></i>
                    </div>
                </div>
              </div>
              <div class="card-body mt-3 ">
                  <div class="step pass-bg">
                    <span>Given User is in the ds-algo launch page</span>
      <div>
      </div>
                  </div>
                  <div class="step pass-bg">
                    <span>When User clicks the Get Started button</span>
      <div>
      </div>
                  </div>
                  <div class="step pass-bg">
                    <span>Given User navigates to register page after clicking register link</span>
      <div>
      </div>
                  </div>
                  <div class="step pass-bg">
                    <span>When User enters invalid data from excel sheet 'Register' and 7 for the username field</span>
      <div>
      </div>
                  </div>
                  <div class="step fail-bg">
                    <span>Then User gets error message for username in the Register page</span>
      <div>
        <textarea disabled class="code-block">org.openqa.selenium.NoSuchElementException: no such element: Unable to locate element: {"method":"xpath","selector":"//div[@class='alert alert-primary']"}
  (Session info: MicrosoftEdge=136.0.3240.64)
For documentation on this error, please visit: https://www.selenium.dev/documentation/webdriver/troubleshooting/errors#no-such-element-exception
Build info: version: '4.31.0', revision: '1ef9f18787*'
System info: os.name: 'Windows 11', os.arch: 'amd64', os.version: '10.0', java.version: '23.0.2'
Driver info: org.openqa.selenium.edge.EdgeDriver
Command: [11c8213f0dde8be1c764a2e40178fa17, findElement {value=//div[@class='alert alert-primary'], using=xpath}]
Capabilities {acceptInsecureCerts: false, browserName: MicrosoftEdge, browserVersion: 136.0.3240.64, fedcm:accounts: true, ms:edgeOptions: {debuggerAddress: localhost:59571}, msedge: {msedgedriverVersion: 136.0.3240.64 (e3a39d3fa3c6..., userDataDir: C:\Users\skurr\AppData\Loca...}, networkConnectionEnabled: false, pageLoadStrategy: normal, platformName: windows, proxy: Proxy(), se:cdp: ws://localhost:59571/devtoo..., se:cdpVersion: 136.0.3240.64, setWindowRect: true, strictFileInteractability: false, timeouts: {implicit: 0, pageLoad: 300000, script: 30000}, unhandledPromptBehavior: dismiss and notify, webauthn:extension:credBlob: true, webauthn:extension:largeBlob: true, webauthn:extension:minPinLength: true, webauthn:extension:prf: true, webauthn:virtualAuthenticators: true}
Session ID: 11c8213f0dde8be1c764a2e40178fa17
	at java.base/jdk.internal.reflect.DirectConstructorHandleAccessor.newInstance(DirectConstructorHandleAccessor.java:62)
	at java.base/java.lang.reflect.Constructor.newInstanceWithCaller(Constructor.java:501)
	at java.base/java.lang.reflect.Constructor.newInstance(Constructor.java:485)
	at org.openqa.selenium.remote.ErrorCodec.decode(ErrorCodec.java:167)
	at org.openqa.selenium.remote.codec.w3c.W3CHttpResponseCodec.decode(W3CHttpResponseCodec.java:138)
	at org.openqa.selenium.remote.codec.w3c.W3CHttpResponseCodec.decode(W3CHttpResponseCodec.java:50)
	at org.openqa.selenium.remote.HttpCommandExecutor.execute(HttpCommandExecutor.java:215)
	at org.openqa.selenium.remote.service.DriverCommandExecutor.invokeExecute(DriverCommandExecutor.java:216)
	at org.openqa.selenium.remote.service.DriverCommandExecutor.execute(DriverCommandExecutor.java:174)
	at org.openqa.selenium.remote.RemoteWebDriver.execute(RemoteWebDriver.java:545)
	at org.openqa.selenium.remote.ElementLocation$ElementFinder$2.findElement(ElementLocation.java:165)
	at org.openqa.selenium.remote.ElementLocation.findElement(ElementLocation.java:59)
	at org.openqa.selenium.remote.RemoteWebDriver.findElement(RemoteWebDriver.java:368)
	at org.openqa.selenium.remote.RemoteWebDriver.findElement(RemoteWebDriver.java:362)
	at PageObject.RegistrationPageObject.errorMessageDisplayed(RegistrationPageObject.java:78)
	at StepDefinitions.RegistrationPageStep.user_gets_error_message_for_username_in_the_register_page(RegistrationPageStep.java:94)
	at ✽.User gets error message for username in the Register page(file:///C:/Users/skurr/eclipse-workspace/ClubNinjas-dsAlgoBDD/src/test/resources/features/RegisterPage.feature:26)
</textarea>
      
      </div>
                  </div>
                  <div class="step pass-bg">
                    <span>Hooks.Hooks.teardown(io.cucumber.java.Scenario)</span>
      <div>screenshot
          <div class="row mb-3"><div class="col-md-3">
<img data-featherlight='../Screenshots/embedded7.png' src="../Screenshots/embedded7.png">
    
    </div></div>
</div>
      <div>
      </div>
                  </div>
              </div>
            </div>
        </div>
  </div>
  <div class="card">
    <div class="card-header" role="tab">
      <div class="card-title">
        <div class="node" id="118"><span class="badge log pass-bg mr-2">Pass</span>Verify that the user is able to enter valid passwords in the field</div>
      </div>
    </div>
        <div class="scenario_outline collapse">
            <div class="card-body l1">
              <div class="card-header">
                <div class="card-title outline-child">
                  <div class="node" id="119"><span class="badge log pass-bg mr-2">Pass</span>Verify that the user is able to enter valid passwords in the field</div>
                </div>
              </div>
              <div class="card-body mt-3 collapse">
                  <div class="step pass-bg">
                    <span>Given User is in the ds-algo launch page</span>
      <div>
      </div>
                  </div>
                  <div class="step pass-bg">
                    <span>When User clicks the Get Started button</span>
      <div>
      </div>
                  </div>
                  <div class="step pass-bg">
                    <span>Given User navigates to register page after clicking register link</span>
      <div>
      </div>
                  </div>
                  <div class="step pass-bg">
                    <span>When User enters data from excel sheet 'Register' and 8 for the password fields</span>
      <div>
      </div>
                  </div>
                  <div class="step pass-bg">
                    <span>Then User should be able to enter password and click Register button</span>
      <div>
      </div>
                  </div>
              </div>
            </div>
            <div class="card-body l1">
              <div class="card-header">
                <div class="card-title outline-child">
                  <div class="node" id="133"><span class="badge log pass-bg mr-2">Pass</span>Verify that the user is able to enter valid passwords in the field</div>
                </div>
              </div>
              <div class="card-body mt-3 collapse">
                  <div class="step pass-bg">
                    <span>Given User is in the ds-algo launch page</span>
      <div>
      </div>
                  </div>
                  <div class="step pass-bg">
                    <span>When User clicks the Get Started button</span>
      <div>
      </div>
                  </div>
                  <div class="step pass-bg">
                    <span>Given User navigates to register page after clicking register link</span>
      <div>
      </div>
                  </div>
                  <div class="step pass-bg">
                    <span>When User enters data from excel sheet 'Register' and 9 for the password fields</span>
      <div>
      </div>
                  </div>
                  <div class="step pass-bg">
                    <span>Then User should be able to enter password and click Register button</span>
      <div>
      </div>
                  </div>
              </div>
            </div>
        </div>
  </div>
  <div class="card">
    <div class="card-header" role="tab">
      <div class="card-title">
        <div class="node" id="149"><span class="badge log fail-bg mr-2">Fail</span>Verify that the user gets error upon entering invalid passwords</div>
          <div class="status-avatar float-right mr-4">
            <i class="fa fa-paperclip"></i>
          </div>
      </div>
    </div>
        <div class="scenario_outline ">
            <div class="card-body l1">
              <div class="card-header">
                <div class="card-title outline-child">
                  <div class="node" id="150"><span class="badge log pass-bg mr-2">Pass</span>Verify that the user gets error upon entering invalid passwords</div>
                </div>
              </div>
              <div class="card-body mt-3 collapse">
                  <div class="step pass-bg">
                    <span>Given User is in the ds-algo launch page</span>
      <div>
      </div>
                  </div>
                  <div class="step pass-bg">
                    <span>When User clicks the Get Started button</span>
      <div>
      </div>
                  </div>
                  <div class="step pass-bg">
                    <span>Given User navigates to register page after clicking register link</span>
      <div>
      </div>
                  </div>
                  <div class="step pass-bg">
                    <span>When User enters invalid data from excel sheet 'Register' and 10 for the password field</span>
      <div>
      </div>
                  </div>
                  <div class="step pass-bg">
                    <span>Then User gets an error message for password in the Register page</span>
      <div>
      </div>
                  </div>
              </div>
            </div>
            <div class="card-body l1">
              <div class="card-header">
                <div class="card-title outline-child">
                  <div class="node" id="169"><span class="badge log pass-bg mr-2">Pass</span>Verify that the user gets error upon entering invalid passwords</div>
                </div>
              </div>
              <div class="card-body mt-3 collapse">
                  <div class="step pass-bg">
                    <span>Given User is in the ds-algo launch page</span>
      <div>
      </div>
                  </div>
                  <div class="step pass-bg">
                    <span>When User clicks the Get Started button</span>
      <div>
      </div>
                  </div>
                  <div class="step pass-bg">
                    <span>Given User navigates to register page after clicking register link</span>
      <div>
      </div>
                  </div>
                  <div class="step pass-bg">
                    <span>When User enters invalid data from excel sheet 'Register' and 11 for the password field</span>
      <div>
      </div>
                  </div>
                  <div class="step pass-bg">
                    <span>Then User gets an error message for password in the Register page</span>
      <div>
      </div>
                  </div>
              </div>
            </div>
            <div class="card-body l1">
              <div class="card-header">
                <div class="card-title outline-child">
                  <div class="node" id="189"><span class="badge log fail-bg mr-2">Fail</span>Verify that the user gets error upon entering invalid passwords</div>
                    <div class="status-avatar float-right">
                      <i class="fa fa-paperclip"></i>
                    </div>
                </div>
              </div>
              <div class="card-body mt-3 ">
                  <div class="step pass-bg">
                    <span>Given User is in the ds-algo launch page</span>
      <div>
      </div>
                  </div>
                  <div class="step pass-bg">
                    <span>When User clicks the Get Started button</span>
      <div>
      </div>
                  </div>
                  <div class="step pass-bg">
                    <span>Given User navigates to register page after clicking register link</span>
      <div>
      </div>
                  </div>
                  <div class="step pass-bg">
                    <span>When User enters invalid data from excel sheet 'Register' and 12 for the password field</span>
      <div>
      </div>
                  </div>
                  <div class="step fail-bg">
                    <span>Then User gets an error message for password in the Register page</span>
      <div>
        <textarea disabled class="code-block">org.openqa.selenium.NoSuchElementException: no such element: Unable to locate element: {"method":"xpath","selector":"//div[@class='alert alert-primary']"}
  (Session info: MicrosoftEdge=136.0.3240.64)
For documentation on this error, please visit: https://www.selenium.dev/documentation/webdriver/troubleshooting/errors#no-such-element-exception
Build info: version: '4.31.0', revision: '1ef9f18787*'
System info: os.name: 'Windows 11', os.arch: 'amd64', os.version: '10.0', java.version: '23.0.2'
Driver info: org.openqa.selenium.edge.EdgeDriver
Command: [a53f911bc9ff2165973b943c328603a7, findElement {value=//div[@class='alert alert-primary'], using=xpath}]
Capabilities {acceptInsecureCerts: false, browserName: MicrosoftEdge, browserVersion: 136.0.3240.64, fedcm:accounts: true, ms:edgeOptions: {debuggerAddress: localhost:59919}, msedge: {msedgedriverVersion: 136.0.3240.64 (e3a39d3fa3c6..., userDataDir: C:\Users\skurr\AppData\Loca...}, networkConnectionEnabled: false, pageLoadStrategy: normal, platformName: windows, proxy: Proxy(), se:cdp: ws://localhost:59919/devtoo..., se:cdpVersion: 136.0.3240.64, setWindowRect: true, strictFileInteractability: false, timeouts: {implicit: 0, pageLoad: 300000, script: 30000}, unhandledPromptBehavior: dismiss and notify, webauthn:extension:credBlob: true, webauthn:extension:largeBlob: true, webauthn:extension:minPinLength: true, webauthn:extension:prf: true, webauthn:virtualAuthenticators: true}
Session ID: a53f911bc9ff2165973b943c328603a7
	at java.base/jdk.internal.reflect.DirectConstructorHandleAccessor.newInstance(DirectConstructorHandleAccessor.java:62)
	at java.base/java.lang.reflect.Constructor.newInstanceWithCaller(Constructor.java:501)
	at java.base/java.lang.reflect.Constructor.newInstance(Constructor.java:485)
	at org.openqa.selenium.remote.ErrorCodec.decode(ErrorCodec.java:167)
	at org.openqa.selenium.remote.codec.w3c.W3CHttpResponseCodec.decode(W3CHttpResponseCodec.java:138)
	at org.openqa.selenium.remote.codec.w3c.W3CHttpResponseCodec.decode(W3CHttpResponseCodec.java:50)
	at org.openqa.selenium.remote.HttpCommandExecutor.execute(HttpCommandExecutor.java:215)
	at org.openqa.selenium.remote.service.DriverCommandExecutor.invokeExecute(DriverCommandExecutor.java:216)
	at org.openqa.selenium.remote.service.DriverCommandExecutor.execute(DriverCommandExecutor.java:174)
	at org.openqa.selenium.remote.RemoteWebDriver.execute(RemoteWebDriver.java:545)
	at org.openqa.selenium.remote.ElementLocation$ElementFinder$2.findElement(ElementLocation.java:165)
	at org.openqa.selenium.remote.ElementLocation.findElement(ElementLocation.java:59)
	at org.openqa.selenium.remote.RemoteWebDriver.findElement(RemoteWebDriver.java:368)
	at org.openqa.selenium.remote.RemoteWebDriver.findElement(RemoteWebDriver.java:362)
	at PageObject.RegistrationPageObject.errorMessageDisplayed(RegistrationPageObject.java:78)
	at StepDefinitions.RegistrationPageStep.user_gets_an_error_message_for_password_in_the_register_page(RegistrationPageStep.java:128)
	at ✽.User gets an error message for password in the Register page(file:///C:/Users/skurr/eclipse-workspace/ClubNinjas-dsAlgoBDD/src/test/resources/features/RegisterPage.feature:47)
</textarea>
      
      </div>
                  </div>
                  <div class="step pass-bg">
                    <span>Hooks.Hooks.teardown(io.cucumber.java.Scenario)</span>
      <div>screenshot
          <div class="row mb-3"><div class="col-md-3">
<img data-featherlight='../Screenshots/embedded10.png' src="../Screenshots/embedded10.png">
    
    </div></div>
</div>
      <div>
      </div>
                  </div>
              </div>
            </div>
        </div>
  </div>
  <div class="card">
    <div class="card-header" role="tab">
      <div class="card-title">
        <div class="node" id="210"><span class="badge log pass-bg mr-2">Pass</span>Verify pop-up message when password and password confirmation fields are left blank</div>
      </div>
    </div>
        <div class="scenario_outline collapse">
            <div class="card-body l1">
              <div class="card-header">
                <div class="card-title outline-child">
                  <div class="node" id="211"><span class="badge log pass-bg mr-2">Pass</span>Verify pop-up message when password and password confirmation fields are left blank</div>
                </div>
              </div>
              <div class="card-body mt-3 collapse">
                  <div class="step pass-bg">
                    <span>Given User is in the ds-algo launch page</span>
      <div>
      </div>
                  </div>
                  <div class="step pass-bg">
                    <span>When User clicks the Get Started button</span>
      <div>
      </div>
                  </div>
                  <div class="step pass-bg">
                    <span>Given User navigates to register page after clicking register link</span>
      <div>
      </div>
                  </div>
                  <div class="step pass-bg">
                    <span>When User enters data from excel sheet 'Register' and 13 for blank feilds</span>
      <div>
      </div>
                  </div>
                  <div class="step pass-bg">
                    <span>Then User gets error message in register page</span>
      <div>
      </div>
                  </div>
              </div>
            </div>
            <div class="card-body l1">
              <div class="card-header">
                <div class="card-title outline-child">
                  <div class="node" id="229"><span class="badge log pass-bg mr-2">Pass</span>Verify pop-up message when password and password confirmation fields are left blank</div>
                </div>
              </div>
              <div class="card-body mt-3 collapse">
                  <div class="step pass-bg">
                    <span>Given User is in the ds-algo launch page</span>
      <div>
      </div>
                  </div>
                  <div class="step pass-bg">
                    <span>When User clicks the Get Started button</span>
      <div>
      </div>
                  </div>
                  <div class="step pass-bg">
                    <span>Given User navigates to register page after clicking register link</span>
      <div>
      </div>
                  </div>
                  <div class="step pass-bg">
                    <span>When User enters data from excel sheet 'Register' and 14 for blank feilds</span>
      <div>
      </div>
                  </div>
                  <div class="step pass-bg">
                    <span>Then User gets error message in register page</span>
      <div>
      </div>
                  </div>
              </div>
            </div>
        </div>
  </div>
</div>
          </div>
        </li>
      </ul>
    </div>
  </div>
<div class="test-content scrollable">
<div class="test-content-tools">
<ul><li><a class="back-to-test" href="#"><i class="fa fa-arrow-left"></i></a></li></ul>
</div>
<div class="test-content-detail"><div class="detail-body"></div></div>
</div></div>
<div class="test-wrapper row view exception-view attributes-view">
<div class="test-list">
<div class="test-list-tools">
<ul class="tools pull-left"><li><a href=""><span class="font-size-14">Exception</span></a></li></ul>
<ul class="tools text-right"><li><a href="#"><span class="badge badge-primary">2</span></a></li></ul>
</div>
<div class="test-list-wrapper scrollable">
<ul class="test-list-item">
<li class="test-item">
<div class="test-detail">
<span class="meta">
<span class='badge log badge-danger'>6</span>
</span>
<p class="name">io.cucumber.core.exception.CucumberException</p>
<p class="duration text-sm">6 tests</p>
</div>
<div class="test-contents d-none">
<div class="info">
<h4>io.cucumber.core.exception.CucumberException</h4>
<span status="fail" class='badge log badge-danger'>6 failed</span>
</div>
<table class='table table-sm mt-4'>
<thead>
<tr>
<th class="status-col">Status</th>
<th class="timestamp-col">Timestamp</th>
<th>TestName</th>
</tr>
</thead>
<tbody>
<tr class="tag-test-status" status="fail">
<td><span class="badge log fail-bg">Fail</span></td>
<td>23:17:08 PM</td>
<td>
<a href="#" class="linked" test-id='1' id='33'>Then User should be able to enter username and click Register button</a>
<div class="">
<span class="badge badge-default">Register Page.Verify that the user is able to enter valid username in the username field.Then User should be able to enter username and click Register button</span>
</div>
</td>
</tr>
<tr class="tag-test-status" status="fail">
<td><span class="badge log fail-bg">Fail</span></td>
<td>23:17:08 PM</td>
<td>
<a href="#" class="linked" test-id='2' id='35'>Then User should be able to enter username and click Register button</a>
<div class="">
<span class="badge badge-default">Register Page.Verify that the user is able to enter valid username in the username field.Then User should be able to enter username and click Register button</span>
</div>
</td>
</tr>
<tr class="tag-test-status" status="fail">
<td><span class="badge log fail-bg">Fail</span></td>
<td>23:17:13 PM</td>
<td>
<a href="#" class="linked" test-id='1' id='43'>Then User should be able to enter username and click Register button</a>
<div class="">
<span class="badge badge-default">Register Page.Verify that the user is able to enter valid username in the username field.Then User should be able to enter username and click Register button</span>
</div>
</td>
</tr>
<tr class="tag-test-status" status="fail">
<td><span class="badge log fail-bg">Fail</span></td>
<td>23:17:18 PM</td>
<td>
<a href="#" class="linked" test-id='2' id='55'>Then User should be able to enter username and click Register button</a>
<div class="">
<span class="badge badge-default">Register Page.Verify that the user is able to enter valid username in the username field.Then User should be able to enter username and click Register button</span>
</div>
</td>
</tr>
<tr class="tag-test-status" status="fail">
<td><span class="badge log fail-bg">Fail</span></td>
<td>23:17:20 PM</td>
<td>
<a href="#" class="linked" test-id='1' id='59'>Then User should be able to enter username and click Register button</a>
<div class="">
<span class="badge badge-default">Register Page.Verify that the user is able to enter valid username in the username field.Then User should be able to enter username and click Register button</span>
</div>
</td>
</tr>
<tr class="tag-test-status" status="fail">
<td><span class="badge log fail-bg">Fail</span></td>
<td>23:17:24 PM</td>
<td>
<a href="#" class="linked" test-id='2' id='70'>Then User should be able to enter username and click Register button</a>
<div class="">
<span class="badge badge-default">Register Page.Verify that the user is able to enter valid username in the username field.Then User should be able to enter username and click Register button</span>
</div>
</td>
</tr>
</tbody>
</table>
</div>
</li>
<li class="test-item">
<div class="test-detail">
<span class="meta">
<span class='badge log badge-danger'>4</span>
</span>
<p class="name">org.openqa.selenium.NoSuchElementException</p>
<p class="duration text-sm">4 tests</p>
</div>
<div class="test-contents d-none">
<div class="info">
<h4>org.openqa.selenium.NoSuchElementException</h4>
<span status="fail" class='badge log badge-danger'>4 failed</span>
</div>
<table class='table table-sm mt-4'>
<thead>
<tr>
<th class="status-col">Status</th>
<th class="timestamp-col">Timestamp</th>
<th>TestName</th>
</tr>
</thead>
<tbody>
<tr class="tag-test-status" status="fail">
<td><span class="badge log fail-bg">Fail</span></td>
<td>23:17:40 PM</td>
<td>
<a href="#" class="linked" test-id='1' id='111'>Then User gets error message for username in the Register page</a>
<div class="">
<span class="badge badge-default">Register Page.Verify that user gets an error message upon entering invalid username.Then User gets error message for username in the Register page</span>
</div>
</td>
</tr>
<tr class="tag-test-status" status="fail">
<td><span class="badge log fail-bg">Fail</span></td>
<td>23:17:43 PM</td>
<td>
<a href="#" class="linked" test-id='2' id='116'>Then User gets error message for username in the Register page</a>
<div class="">
<span class="badge badge-default">Register Page.Verify that user gets an error message upon entering invalid username.Then User gets error message for username in the Register page</span>
</div>
</td>
</tr>
<tr class="tag-test-status" status="fail">
<td><span class="badge log fail-bg">Fail</span></td>
<td>23:18:19 PM</td>
<td>
<a href="#" class="linked" test-id='2' id='199'>Then User gets an error message for password in the Register page</a>
<div class="">
<span class="badge badge-default">Register Page.Verify that the user gets error upon entering invalid passwords.Then User gets an error message for password in the Register page</span>
</div>
</td>
</tr>
<tr class="tag-test-status" status="fail">
<td><span class="badge log fail-bg">Fail</span></td>
<td>23:18:20 PM</td>
<td>
<a href="#" class="linked" test-id='1' id='200'>Then User gets an error message for password in the Register page</a>
<div class="">
<span class="badge badge-default">Register Page.Verify that the user gets error upon entering invalid passwords.Then User gets an error message for password in the Register page</span>
</div>
</td>
</tr>
</tbody>
</table>
</div>
</li>
</ul>
</div>
</div>
<div class="test-content scrollable">
<div class="test-content-detail">
<div class="detail-body"></div>
</div>
</div>
</div><div class="container-fluid p-4 view dashboard-view">
<div class="row">
<div class="col-md-3">
<div class="card"><div class="card-body">
<p class="m-b-0">Started</p>
<h3>May 11, 2025 11:16:48 PM</h3>
</div></div>
</div>
<div class="col-md-3">
<div class="card"><div class="card-body">
<p class="m-b-0">Ended</p>
<h3>May 11, 2025 11:18:49 PM</h3>
</div></div>
</div>
<div class="col-md-3">
<div class="card"><div class="card-body">
<p class="m-b-0 text-pass">Features Passed</p>
<h3>0</h3>
</div></div>
</div>
<div class="col-md-3">
<div class="card"><div class="card-body">
<p class="m-b-0 text-fail">Features Failed</p>
<h3>2</h3>
</div></div>
</div>
</div>
<div class="row">
<div class="col-md-4">
<div class="card">
<div class="card-header">
<h6 class="card-title">Features</h6>
</div>
<div class="card-body">
<div class="">
<canvas id='parent-analysis' width='115' height='90'></canvas>
</div>
</div>
<div class="card-footer">
<div><small data-tooltip='0%'>
<b>0</b> features passed
</small>
</div>
<div>
<small data-tooltip='100%'><b>2</b> features failed,
<b>0</b> skipped, <b data-tooltip='0%'>0</b> others
</small>
</div>
</div>
</div>
</div>
<div class="col-md-4">
<div class="card">
<div class="card-header">
<h6 class="card-title">Scenarios</h6>
</div>
<div class="card-body">
<div class="">
<canvas id='child-analysis' width='115' height='90'></canvas>
</div>
</div>
<div class="card-footer">
<div><small data-tooltip='64%'><b>18</b> scenarios passed</small></div>
<div>
<small data-tooltip='35%'><b>10</b> scenarios failed,
<b>0</b> skipped, <b data-tooltip='%'>0</b> others
</small>
</div>
</div>
</div>
</div>
<div class="col-md-4">
<div class="card">
<div class="card-header">
<h6 class="card-title">Steps</h6>
</div>
<div class="card-body">
<div class="">
<canvas id='grandchild-analysis' width='115' height='90'></canvas>
</div>
</div>
<div class="card-footer">
<div><small data-tooltip='93%'><b>140</b> steps passed</small></div>
<div>
<small data-tooltip='6%'><b>10</b> steps failed,
<b>0</b> skipped, <b data-tooltip='%'>0</b> others
</small>
</div>
</div>
</div>
</div>
</div>
<div class="row"><div class="col-md-12">
<div class="card"><div class="card-header"><p>Timeline</p></div>
<div class="card-body pt-0"><div>
<canvas id="timeline" height="120"></canvas>
</div></div>
</div>
</div></div>
<script>
var timeline = {
"Register Page":109.41,"Register Page":120.403
};
</script>
<div class="row">
<div class="col-lg-6 col-md-12 sysenv-container">
<div class="card">
<div class="card-header"><p>System/Environment</p></div>
<div class="card-body pb-0 pt-0"><table class="table table-sm table-bordered">
<thead><tr class="bg-gray"><th>Name</th><th>Value</th></tr></thead>
<tbody>
<tr>
<td>Engineer</td>
<td>ClubNinjas</td>
</tr>
<tr>
<td>Project</td>
<td>DSAlgoProject</td>
</tr>
<tr>
<td>os</td>
<td>windows</td>
</tr>
</tbody>
</table></div>
</div>
</div>
</div>
</div>
<script>
var statusGroup = {
parentCount: 5,
passParent: 0,
failParent: 2,
warningParent: 0,
skipParent: 0,
childCount: 5,
passChild: 18,
failChild: 10,
warningChild: 0,
skipChild: 0,
infoChild: 0,
grandChildCount: 5,
passGrandChild: 140,
failGrandChild: 10,
warningGrandChild: 0,
skipGrandChild: 0,
infoGrandChild: 0,
eventsCount: 5,
};
</script>        </div>
      </div>
    </div>
  </div>
<script src="https://cdn.jsdelivr.net/gh/extent-framework/extent-github-cdn@d6562a79075e061305ccfdb82f01e5e195e2d307/spark/js/spark-script.js"></script>
<script type="text/javascript"></script></body>
</html>