<html>
<head>
<title>TestNG:  Default test</title>
<link href="../testng.css" rel="stylesheet" type="text/css" />
<link href="../my-testng.css" rel="stylesheet" type="text/css" />

<style type="text/css">
.log { display: none;} 
.stack-trace { display: none;} 
</style>
<script type="text/javascript">
<!--
function flip(e) {
  current = e.style.display;
  if (current == 'block') {
    e.style.display = 'none';
    return 0;
  }
  else {
    e.style.display = 'block';
    return 1;
  }
}

function toggleBox(szDivId, elem, msg1, msg2)
{
  var res = -1;  if (document.getElementById) {
    res = flip(document.getElementById(szDivId));
  }
  else if (document.all) {
    // this is the way old msie versions work
    res = flip(document.all[szDivId]);
  }
  if(elem) {
    if(res == 0) elem.innerHTML = msg1; else elem.innerHTML = msg2;
  }

}

function toggleAllBoxes() {
  if (document.getElementsByTagName) {
    d = document.getElementsByTagName('div');
    for (i = 0; i < d.length; i++) {
      if (d[i].className == 'log') {
        flip(d[i]);
      }
    }
  }
}

// -->
</script>

</head>
<body>
<h2 align='center'>Default test</h2><table border='1' align="center">
<tr>
<<<<<<< HEAD
<<<<<<< HEAD
<td>Tests passed/Failed/Skipped:</td><td>12/2/0</td>
</tr><tr>
<td>Started on:</td><td>Fri May 02 16:32:09 EDT 2025</td>
</tr>
<tr><td>Total time:</td><td>80 seconds (80469 ms)</td>
=======
<td>Tests passed/Failed/Skipped:</td><td>70/15/0</td>
=======
<td>Tests passed/Failed/Skipped:</td><td>67/18/0</td>
>>>>>>> master
</tr><tr>
<td>Started on:</td><td>Fri May 02 23:05:54 CDT 2025</td>
</tr>
<<<<<<< HEAD
<tr><td>Total time:</td><td>642 seconds (642538 ms)</td>
>>>>>>> master
=======
<tr><td>Total time:</td><td>376 seconds (376203 ms)</td>
>>>>>>> master
</tr><tr>
<td>Included groups:</td><td></td>
</tr><tr>
<td>Excluded groups:</td><td></td>
</tr>
</table><p/>
<small><i>(Hover the method name to see the test class name)</i></small><p/>
<table width='100%' border='1' class='invocation-failed'>
<tr><td colspan='4' align='center'><b>FAILED TESTS</b></td></tr>
<tr><td><b>Test method</b></td>
<td><b>Attribute(s)</b></td>
<td width="30%"><b>Exception</b></td>
<td width="10%"><b>Time (seconds)</b></td>
<td><b>Instance</b></td>
</tr>
<tr>
<<<<<<< HEAD
<<<<<<< HEAD
<td title='Runner.TestRunner.runScenario()'><b>runScenario</b><br>Test class: Runner.TestRunner<br>Test method: Runs Cucumber Scenarios<br>Parameters: "Verify that user gets an error message upon entering invalid username", "Register Page"</td>
<td><div><pre>org.openqa.selenium.NoSuchElementException: no such element: Unable to locate element: {&quot;method&quot;:&quot;xpath&quot;,&quot;selector&quot;:&quot;//div[@class=&apos;alert alert-primary&apos;]&quot;}
  (Session info: chrome=135.0.7049.115)
For documentation on this error, please visit: https://www.selenium.dev/documentation/webdriver/troubleshooting/errors#no-such-element-exception
Build info: version: &apos;4.31.0&apos;, revision: &apos;1ef9f18787*&apos;
System info: os.name: &apos;Windows 11&apos;, os.arch: &apos;amd64&apos;, os.version: &apos;10.0&apos;, java.version: &apos;23.0.2&apos;
Driver info: org.openqa.selenium.chrome.ChromeDriver
Command: [16a7b04d4f3751c2e2415e20a5930722, findElement {value=//div[@class=&apos;alert alert-primary&apos;], using=xpath}]
Capabilities {acceptInsecureCerts: false, browserName: chrome, browserVersion: 135.0.7049.115, chrome: {chromedriverVersion: 135.0.7049.114 (63fd8a7d9d0..., userDataDir: C:\Users\skurr\AppData\Loca...}, fedcm:accounts: true, goog:chromeOptions: {debuggerAddress: localhost:49397}, networkConnectionEnabled: false, pageLoadStrategy: normal, platformName: windows, proxy: Proxy(), se:cdp: ws://localhost:49397/devtoo..., se:cdpVersion: 135.0.7049.115, setWindowRect: true, strictFileInteractability: false, timeouts: {implicit: 0, pageLoad: 300000, script: 30000}, unhandledPromptBehavior: dismiss and notify, webauthn:extension:credBlob: true, webauthn:extension:largeBlob: true, webauthn:extension:minPinLength: true, webauthn:extension:prf: true, webauthn:virtualAuthenticators: true}
Session ID: 16a7b04d4f3751c2e2415e20a5930722
	at java.base/jdk.internal.reflect.DirectConstructorHandleAccessor.newInstance(DirectConstructorHandleAccessor.java:62)
	at java.base/java.lang.reflect.Constructor.newInstanceWithCaller(Constructor.java:501)
	at java.base/java.lang.reflect.Constructor.newInstance(Constructor.java:485)
	at org.openqa.selenium.remote.ErrorCodec.decode(ErrorCodec.java:167)
	at org.openqa.selenium.remote.codec.w3c.W3CHttpResponseCodec.decode(W3CHttpResponseCodec.java:138)
	at org.openqa.selenium.remote.codec.w3c.W3CHttpResponseCodec.decode(W3CHttpResponseCodec.java:50)
	at org.openqa.selenium.remote.HttpCommandExecutor.execute(HttpCommandExecutor.java:215)
	at org.openqa.selenium.remote.service.DriverCommandExecutor.invokeExecute(DriverCommandExecutor.java:216)
	at org.openqa.selenium.remote.service.DriverCommandExecutor.execute(DriverCommandExecutor.java:174)
	at org.openqa.selenium.remote.RemoteWebDriver.execute(RemoteWebDriver.java:545)
	at org.openqa.selenium.remote.ElementLocation$ElementFinder$2.findElement(ElementLocation.java:165)
	at org.openqa.selenium.remote.ElementLocation.findElement(ElementLocation.java:59)
	at org.openqa.selenium.remote.RemoteWebDriver.findElement(RemoteWebDriver.java:368)
	at org.openqa.selenium.remote.RemoteWebDriver.findElement(RemoteWebDriver.java:362)
	at PageObject.RegistrationPageObject.errorMessageDisplayed(RegistrationPageObject.java:96)
	at StepDefinitions.RegistrationPageStep.user_gets_error_message_for_username_in_the_register_page(RegistrationPageStep.java:92)
	at ✽.User gets error message for username in the Register page(file:///C:/Users/skurr/eclipse-workspace/ClubNinjas-dsAlgoBDD/src/test/resources/features/RegisterPage.feature:26)
</pre></div><a href='#' onClick='toggleBox("stack-trace958301663", this, "Click to show all stack frames", "Click to hide stack frames")'>Click to show all stack frames</a>
<div class='stack-trace' id='stack-trace958301663'><pre>org.openqa.selenium.NoSuchElementException: no such element: Unable to locate element: {&quot;method&quot;:&quot;xpath&quot;,&quot;selector&quot;:&quot;//div[@class=&apos;alert alert-primary&apos;]&quot;}
  (Session info: chrome=135.0.7049.115)
For documentation on this error, please visit: https://www.selenium.dev/documentation/webdriver/troubleshooting/errors#no-such-element-exception
Build info: version: &apos;4.31.0&apos;, revision: &apos;1ef9f18787*&apos;
System info: os.name: &apos;Windows 11&apos;, os.arch: &apos;amd64&apos;, os.version: &apos;10.0&apos;, java.version: &apos;23.0.2&apos;
Driver info: org.openqa.selenium.chrome.ChromeDriver
Command: [16a7b04d4f3751c2e2415e20a5930722, findElement {value=//div[@class=&apos;alert alert-primary&apos;], using=xpath}]
Capabilities {acceptInsecureCerts: false, browserName: chrome, browserVersion: 135.0.7049.115, chrome: {chromedriverVersion: 135.0.7049.114 (63fd8a7d9d0..., userDataDir: C:\Users\skurr\AppData\Loca...}, fedcm:accounts: true, goog:chromeOptions: {debuggerAddress: localhost:49397}, networkConnectionEnabled: false, pageLoadStrategy: normal, platformName: windows, proxy: Proxy(), se:cdp: ws://localhost:49397/devtoo..., se:cdpVersion: 135.0.7049.115, setWindowRect: true, strictFileInteractability: false, timeouts: {implicit: 0, pageLoad: 300000, script: 30000}, unhandledPromptBehavior: dismiss and notify, webauthn:extension:credBlob: true, webauthn:extension:largeBlob: true, webauthn:extension:minPinLength: true, webauthn:extension:prf: true, webauthn:virtualAuthenticators: true}
Session ID: 16a7b04d4f3751c2e2415e20a5930722
	at java.base/jdk.internal.reflect.DirectConstructorHandleAccessor.newInstance(DirectConstructorHandleAccessor.java:62)
	at java.base/java.lang.reflect.Constructor.newInstanceWithCaller(Constructor.java:501)
	at java.base/java.lang.reflect.Constructor.newInstance(Constructor.java:485)
	at org.openqa.selenium.remote.ErrorCodec.decode(ErrorCodec.java:167)
	at org.openqa.selenium.remote.codec.w3c.W3CHttpResponseCodec.decode(W3CHttpResponseCodec.java:138)
	at org.openqa.selenium.remote.codec.w3c.W3CHttpResponseCodec.decode(W3CHttpResponseCodec.java:50)
	at org.openqa.selenium.remote.HttpCommandExecutor.execute(HttpCommandExecutor.java:215)
	at org.openqa.selenium.remote.service.DriverCommandExecutor.invokeExecute(DriverCommandExecutor.java:216)
	at org.openqa.selenium.remote.service.DriverCommandExecutor.execute(DriverCommandExecutor.java:174)
	at org.openqa.selenium.remote.RemoteWebDriver.execute(RemoteWebDriver.java:545)
	at org.openqa.selenium.remote.ElementLocation$ElementFinder$2.findElement(ElementLocation.java:165)
	at org.openqa.selenium.remote.ElementLocation.findElement(ElementLocation.java:59)
	at org.openqa.selenium.remote.RemoteWebDriver.findElement(RemoteWebDriver.java:368)
	at org.openqa.selenium.remote.RemoteWebDriver.findElement(RemoteWebDriver.java:362)
	at PageObject.RegistrationPageObject.errorMessageDisplayed(RegistrationPageObject.java:96)
	at StepDefinitions.RegistrationPageStep.user_gets_error_message_for_username_in_the_register_page(RegistrationPageStep.java:92)
	at ✽.User gets error message for username in the Register page(file:///C:/Users/skurr/eclipse-workspace/ClubNinjas-dsAlgoBDD/src/test/resources/features/RegisterPage.feature:26)
</pre></div></td>
<td>13</td>
<td>Runner.TestRunner@5c153b9e</td></tr>
<tr>
<td title='Runner.TestRunner.runScenario()'><b>runScenario</b><br>Test class: Runner.TestRunner<br>Test method: Runs Cucumber Scenarios<br>Parameters: "Verify that the user gets error upon entering invalid passwords", "Register Page"</td>
<td><div><pre>org.openqa.selenium.NoSuchElementException: no such element: Unable to locate element: {&quot;method&quot;:&quot;xpath&quot;,&quot;selector&quot;:&quot;//div[@class=&apos;alert alert-primary&apos;]&quot;}
  (Session info: chrome=135.0.7049.115)
For documentation on this error, please visit: https://www.selenium.dev/documentation/webdriver/troubleshooting/errors#no-such-element-exception
Build info: version: &apos;4.31.0&apos;, revision: &apos;1ef9f18787*&apos;
System info: os.name: &apos;Windows 11&apos;, os.arch: &apos;amd64&apos;, os.version: &apos;10.0&apos;, java.version: &apos;23.0.2&apos;
Driver info: org.openqa.selenium.chrome.ChromeDriver
Command: [831fe30737b79f5ce20422d7385328d7, findElement {value=//div[@class=&apos;alert alert-primary&apos;], using=xpath}]
Capabilities {acceptInsecureCerts: false, browserName: chrome, browserVersion: 135.0.7049.115, chrome: {chromedriverVersion: 135.0.7049.114 (63fd8a7d9d0..., userDataDir: C:\Users\skurr\AppData\Loca...}, fedcm:accounts: true, goog:chromeOptions: {debuggerAddress: localhost:49802}, networkConnectionEnabled: false, pageLoadStrategy: normal, platformName: windows, proxy: Proxy(), se:cdp: ws://localhost:49802/devtoo..., se:cdpVersion: 135.0.7049.115, setWindowRect: true, strictFileInteractability: false, timeouts: {implicit: 0, pageLoad: 300000, script: 30000}, unhandledPromptBehavior: dismiss and notify, webauthn:extension:credBlob: true, webauthn:extension:largeBlob: true, webauthn:extension:minPinLength: true, webauthn:extension:prf: true, webauthn:virtualAuthenticators: true}
Session ID: 831fe30737b79f5ce20422d7385328d7
	at java.base/jdk.internal.reflect.DirectConstructorHandleAccessor.newInstance(DirectConstructorHandleAccessor.java:62)
	at java.base/java.lang.reflect.Constructor.newInstanceWithCaller(Constructor.java:501)
	at java.base/java.lang.reflect.Constructor.newInstance(Constructor.java:485)
	at org.openqa.selenium.remote.ErrorCodec.decode(ErrorCodec.java:167)
	at org.openqa.selenium.remote.codec.w3c.W3CHttpResponseCodec.decode(W3CHttpResponseCodec.java:138)
	at org.openqa.selenium.remote.codec.w3c.W3CHttpResponseCodec.decode(W3CHttpResponseCodec.java:50)
	at org.openqa.selenium.remote.HttpCommandExecutor.execute(HttpCommandExecutor.java:215)
	at org.openqa.selenium.remote.service.DriverCommandExecutor.invokeExecute(DriverCommandExecutor.java:216)
	at org.openqa.selenium.remote.service.DriverCommandExecutor.execute(DriverCommandExecutor.java:174)
	at org.openqa.selenium.remote.RemoteWebDriver.execute(RemoteWebDriver.java:545)
	at org.openqa.selenium.remote.ElementLocation$ElementFinder$2.findElement(ElementLocation.java:165)
	at org.openqa.selenium.remote.ElementLocation.findElement(ElementLocation.java:59)
	at org.openqa.selenium.remote.RemoteWebDriver.findElement(RemoteWebDriver.java:368)
	at org.openqa.selenium.remote.RemoteWebDriver.findElement(RemoteWebDriver.java:362)
	at PageObject.RegistrationPageObject.errorMessageDisplayed(RegistrationPageObject.java:96)
	at StepDefinitions.RegistrationPageStep.user_gets_an_error_message_for_password_in_the_register_page(RegistrationPageStep.java:126)
	at ✽.User gets an error message for password in the Register page(file:///C:/Users/skurr/eclipse-workspace/ClubNinjas-dsAlgoBDD/src/test/resources/features/RegisterPage.feature:47)
</pre></div><a href='#' onClick='toggleBox("stack-trace261710917", this, "Click to show all stack frames", "Click to hide stack frames")'>Click to show all stack frames</a>
<div class='stack-trace' id='stack-trace261710917'><pre>org.openqa.selenium.NoSuchElementException: no such element: Unable to locate element: {&quot;method&quot;:&quot;xpath&quot;,&quot;selector&quot;:&quot;//div[@class=&apos;alert alert-primary&apos;]&quot;}
  (Session info: chrome=135.0.7049.115)
For documentation on this error, please visit: https://www.selenium.dev/documentation/webdriver/troubleshooting/errors#no-such-element-exception
Build info: version: &apos;4.31.0&apos;, revision: &apos;1ef9f18787*&apos;
System info: os.name: &apos;Windows 11&apos;, os.arch: &apos;amd64&apos;, os.version: &apos;10.0&apos;, java.version: &apos;23.0.2&apos;
Driver info: org.openqa.selenium.chrome.ChromeDriver
Command: [831fe30737b79f5ce20422d7385328d7, findElement {value=//div[@class=&apos;alert alert-primary&apos;], using=xpath}]
Capabilities {acceptInsecureCerts: false, browserName: chrome, browserVersion: 135.0.7049.115, chrome: {chromedriverVersion: 135.0.7049.114 (63fd8a7d9d0..., userDataDir: C:\Users\skurr\AppData\Loca...}, fedcm:accounts: true, goog:chromeOptions: {debuggerAddress: localhost:49802}, networkConnectionEnabled: false, pageLoadStrategy: normal, platformName: windows, proxy: Proxy(), se:cdp: ws://localhost:49802/devtoo..., se:cdpVersion: 135.0.7049.115, setWindowRect: true, strictFileInteractability: false, timeouts: {implicit: 0, pageLoad: 300000, script: 30000}, unhandledPromptBehavior: dismiss and notify, webauthn:extension:credBlob: true, webauthn:extension:largeBlob: true, webauthn:extension:minPinLength: true, webauthn:extension:prf: true, webauthn:virtualAuthenticators: true}
Session ID: 831fe30737b79f5ce20422d7385328d7
	at java.base/jdk.internal.reflect.DirectConstructorHandleAccessor.newInstance(DirectConstructorHandleAccessor.java:62)
	at java.base/java.lang.reflect.Constructor.newInstanceWithCaller(Constructor.java:501)
	at java.base/java.lang.reflect.Constructor.newInstance(Constructor.java:485)
	at org.openqa.selenium.remote.ErrorCodec.decode(ErrorCodec.java:167)
	at org.openqa.selenium.remote.codec.w3c.W3CHttpResponseCodec.decode(W3CHttpResponseCodec.java:138)
	at org.openqa.selenium.remote.codec.w3c.W3CHttpResponseCodec.decode(W3CHttpResponseCodec.java:50)
	at org.openqa.selenium.remote.HttpCommandExecutor.execute(HttpCommandExecutor.java:215)
	at org.openqa.selenium.remote.service.DriverCommandExecutor.invokeExecute(DriverCommandExecutor.java:216)
	at org.openqa.selenium.remote.service.DriverCommandExecutor.execute(DriverCommandExecutor.java:174)
	at org.openqa.selenium.remote.RemoteWebDriver.execute(RemoteWebDriver.java:545)
	at org.openqa.selenium.remote.ElementLocation$ElementFinder$2.findElement(ElementLocation.java:165)
	at org.openqa.selenium.remote.ElementLocation.findElement(ElementLocation.java:59)
	at org.openqa.selenium.remote.RemoteWebDriver.findElement(RemoteWebDriver.java:368)
	at org.openqa.selenium.remote.RemoteWebDriver.findElement(RemoteWebDriver.java:362)
	at PageObject.RegistrationPageObject.errorMessageDisplayed(RegistrationPageObject.java:96)
	at StepDefinitions.RegistrationPageStep.user_gets_an_error_message_for_password_in_the_register_page(RegistrationPageStep.java:126)
	at ✽.User gets an error message for password in the Register page(file:///C:/Users/skurr/eclipse-workspace/ClubNinjas-dsAlgoBDD/src/test/resources/features/RegisterPage.feature:47)
</pre></div></td>
<td>13</td>
<td>Runner.TestRunner@5c153b9e</td></tr>
=======
=======
<td title='Runner.TestRunner.runScenario()'><b>runScenario</b><br>Test class: Runner.TestRunner<br>Test method: Runs Cucumber Scenarios<br>Parameters: "Verify that user receives error when click on Run button for "Implementation of Queue in Python" try Editor page", "Queue Page of DSAlgo portal"</td>
<td><div><pre>java.lang.AssertionError: expected [true] but found [false]
	at org.testng.Assert.fail(Assert.java:111)
	at org.testng.Assert.failNotEquals(Assert.java:1590)
	at org.testng.Assert.assertTrue(Assert.java:57)
	at org.testng.Assert.assertTrue(Assert.java:67)
	at StepDefinitions.ArrayPageStep.the_user_should_able_to_see_a_error_message_from_and(ArrayPageStep.java:123)
	at ✽.The user should able to see a error message from &quot;TryCode&quot; and 1(file:///C:/Users/jimre/eclipse-workspace/DSAlgoBDD_ClubNinjas/clubNinjas-BDD/src/test/resources/features/QueuePage.feature:34)
</pre></div><a href='#' onClick='toggleBox("stack-trace1546233736", this, "Click to show all stack frames", "Click to hide stack frames")'>Click to show all stack frames</a>
<div class='stack-trace' id='stack-trace1546233736'><pre>java.lang.AssertionError: expected [true] but found [false]
	at org.testng.Assert.fail(Assert.java:111)
	at org.testng.Assert.failNotEquals(Assert.java:1590)
	at org.testng.Assert.assertTrue(Assert.java:57)
	at org.testng.Assert.assertTrue(Assert.java:67)
	at StepDefinitions.ArrayPageStep.the_user_should_able_to_see_a_error_message_from_and(ArrayPageStep.java:123)
	at ✽.The user should able to see a error message from &quot;TryCode&quot; and 1(file:///C:/Users/jimre/eclipse-workspace/DSAlgoBDD_ClubNinjas/clubNinjas-BDD/src/test/resources/features/QueuePage.feature:34)
</pre></div></td>
<td>47</td>
<td>Runner.TestRunner@72e34f77</td></tr>
<tr>
<td title='Runner.TestRunner.runScenario()'><b>runScenario</b><br>Test class: Runner.TestRunner<br>Test method: Runs Cucumber Scenarios<br>Parameters: "Verify that user is able to run valid python code for "Max Consecutive Ones" question", "Array Page of DSAlgo portal"</td>
<td><div><pre>java.lang.AssertionError: expected [3] but found []
	at org.testng.Assert.fail(Assert.java:111)
	at org.testng.Assert.failNotEquals(Assert.java:1590)
	at org.testng.Assert.assertEqualsImpl(Assert.java:150)
	at org.testng.Assert.assertEquals(Assert.java:132)
	at org.testng.Assert.assertEquals(Assert.java:656)
	at org.testng.Assert.assertEquals(Assert.java:666)
	at StepDefinitions.ArrayPageStep.the_user_should_able_to_see_output_in_the_console_from_and(ArrayPageStep.java:134)
	at ✽.The user should able to see output in the console from &quot;PracticeQns&quot; and 7(file:///C:/Users/jimre/eclipse-workspace/DSAlgoBDD_ClubNinjas/clubNinjas-BDD/src/test/resources/features/ArrayPage.feature:123)
</pre></div><a href='#' onClick='toggleBox("stack-trace1397808085", this, "Click to show all stack frames", "Click to hide stack frames")'>Click to show all stack frames</a>
<div class='stack-trace' id='stack-trace1397808085'><pre>java.lang.AssertionError: expected [3] but found []
	at org.testng.Assert.fail(Assert.java:111)
	at org.testng.Assert.failNotEquals(Assert.java:1590)
	at org.testng.Assert.assertEqualsImpl(Assert.java:150)
	at org.testng.Assert.assertEquals(Assert.java:132)
	at org.testng.Assert.assertEquals(Assert.java:656)
	at org.testng.Assert.assertEquals(Assert.java:666)
	at StepDefinitions.ArrayPageStep.the_user_should_able_to_see_output_in_the_console_from_and(ArrayPageStep.java:134)
	at ✽.The user should able to see output in the console from &quot;PracticeQns&quot; and 7(file:///C:/Users/jimre/eclipse-workspace/DSAlgoBDD_ClubNinjas/clubNinjas-BDD/src/test/resources/features/ArrayPage.feature:123)
</pre></div></td>
<td>64</td>
<td>Runner.TestRunner@72e34f77</td></tr>
<tr>
<td title='Runner.TestRunner.runScenario()'><b>runScenario</b><br>Test class: Runner.TestRunner<br>Test method: Runs Cucumber Scenarios<br>Parameters: "Verify that user receives error when click on Run button without entering code for "Arrays Using List" try Editor page", "Array Page of DSAlgo portal"</td>
<td><div><pre>java.lang.AssertionError: expected [true] but found [false]
	at org.testng.Assert.fail(Assert.java:111)
	at org.testng.Assert.failNotEquals(Assert.java:1590)
	at org.testng.Assert.assertTrue(Assert.java:57)
	at org.testng.Assert.assertTrue(Assert.java:67)
	at StepDefinitions.ArrayPageStep.the_user_should_able_to_see_a_error_message_from_and(ArrayPageStep.java:123)
	at ✽.The user should able to see a error message from &quot;TryCode&quot; and 1(file:///C:/Users/jimre/eclipse-workspace/DSAlgoBDD_ClubNinjas/clubNinjas-BDD/src/test/resources/features/ArrayPage.feature:251)
</pre></div><a href='#' onClick='toggleBox("stack-trace447195200", this, "Click to show all stack frames", "Click to hide stack frames")'>Click to show all stack frames</a>
<div class='stack-trace' id='stack-trace447195200'><pre>java.lang.AssertionError: expected [true] but found [false]
	at org.testng.Assert.fail(Assert.java:111)
	at org.testng.Assert.failNotEquals(Assert.java:1590)
	at org.testng.Assert.assertTrue(Assert.java:57)
	at org.testng.Assert.assertTrue(Assert.java:67)
	at StepDefinitions.ArrayPageStep.the_user_should_able_to_see_a_error_message_from_and(ArrayPageStep.java:123)
	at ✽.The user should able to see a error message from &quot;TryCode&quot; and 1(file:///C:/Users/jimre/eclipse-workspace/DSAlgoBDD_ClubNinjas/clubNinjas-BDD/src/test/resources/features/ArrayPage.feature:251)
</pre></div></td>
<td>33</td>
<td>Runner.TestRunner@72e34f77</td></tr>
<tr>
<td title='Runner.TestRunner.runScenario()'><b>runScenario</b><br>Test class: Runner.TestRunner<br>Test method: Runs Cucumber Scenarios<br>Parameters: "Verify that user receives error on submitting invalid python code, incorrect code for "Squares of a Sorted Array" question", "Array Page of DSAlgo portal"</td>
<td><div><pre>java.lang.AssertionError: expected [Error occurred during submission] but found [ No tests were collected]
	at org.testng.Assert.fail(Assert.java:111)
	at org.testng.Assert.failNotEquals(Assert.java:1590)
	at org.testng.Assert.assertEqualsImpl(Assert.java:150)
	at org.testng.Assert.assertEquals(Assert.java:132)
	at org.testng.Assert.assertEquals(Assert.java:656)
	at org.testng.Assert.assertEquals(Assert.java:666)
	at StepDefinitions.ArrayPageStep.the_user_should_see_a_message(ArrayPageStep.java:228)
	at ✽.The user should see a message from &quot;PracticeQns&quot; and 4(file:///C:/Users/jimre/eclipse-workspace/DSAlgoBDD_ClubNinjas/clubNinjas-BDD/src/test/resources/features/ArrayPage.feature:221)
</pre></div><a href='#' onClick='toggleBox("stack-trace1385900051", this, "Click to show all stack frames", "Click to hide stack frames")'>Click to show all stack frames</a>
<div class='stack-trace' id='stack-trace1385900051'><pre>java.lang.AssertionError: expected [Error occurred during submission] but found [ No tests were collected]
	at org.testng.Assert.fail(Assert.java:111)
	at org.testng.Assert.failNotEquals(Assert.java:1590)
	at org.testng.Assert.assertEqualsImpl(Assert.java:150)
	at org.testng.Assert.assertEquals(Assert.java:132)
	at org.testng.Assert.assertEquals(Assert.java:656)
	at org.testng.Assert.assertEquals(Assert.java:666)
	at StepDefinitions.ArrayPageStep.the_user_should_see_a_message(ArrayPageStep.java:228)
	at ✽.The user should see a message from &quot;PracticeQns&quot; and 4(file:///C:/Users/jimre/eclipse-workspace/DSAlgoBDD_ClubNinjas/clubNinjas-BDD/src/test/resources/features/ArrayPage.feature:221)
</pre></div></td>
<td>92</td>
<td>Runner.TestRunner@72e34f77</td></tr>
<tr>
<td title='Runner.TestRunner.runScenario()'><b>runScenario</b><br>Test class: Runner.TestRunner<br>Test method: Runs Cucumber Scenarios<br>Parameters: "Verify that user is able to navigate to "Practice Questions" Page for "Implementation of Queue in Python" page", "Queue Page of DSAlgo portal"</td>
<td><div><pre>java.lang.AssertionError: No Practise Questions found expected [true] but found [false]
	at org.testng.Assert.fail(Assert.java:111)
	at org.testng.Assert.failNotEquals(Assert.java:1590)
	at org.testng.Assert.assertTrue(Assert.java:57)
	at StepDefinitions.ArrayPageStep.the_user_should_be_redirected_to_practice_page(ArrayPageStep.java:149)
	at ✽.The user should be redirected to Practice page(file:///C:/Users/jimre/eclipse-workspace/DSAlgoBDD_ClubNinjas/clubNinjas-BDD/src/test/resources/features/QueuePage.feature:55)
</pre></div><a href='#' onClick='toggleBox("stack-trace599753303", this, "Click to show all stack frames", "Click to hide stack frames")'>Click to show all stack frames</a>
<div class='stack-trace' id='stack-trace599753303'><pre>java.lang.AssertionError: No Practise Questions found expected [true] but found [false]
	at org.testng.Assert.fail(Assert.java:111)
	at org.testng.Assert.failNotEquals(Assert.java:1590)
	at org.testng.Assert.assertTrue(Assert.java:57)
	at StepDefinitions.ArrayPageStep.the_user_should_be_redirected_to_practice_page(ArrayPageStep.java:149)
	at ✽.The user should be redirected to Practice page(file:///C:/Users/jimre/eclipse-workspace/DSAlgoBDD_ClubNinjas/clubNinjas-BDD/src/test/resources/features/QueuePage.feature:55)
</pre></div></td>
<td>39</td>
<td>Runner.TestRunner@72e34f77</td></tr>
<tr>
<td title='Runner.TestRunner.runScenario()'><b>runScenario</b><br>Test class: Runner.TestRunner<br>Test method: Runs Cucumber Scenarios<br>Parameters: "Verify that user receives error when click on Run button for "Arrays in Python" try Editor page", "Array Page of DSAlgo portal"</td>
<td><div><pre>java.lang.AssertionError: expected [true] but found [false]
	at org.testng.Assert.fail(Assert.java:111)
	at org.testng.Assert.failNotEquals(Assert.java:1590)
	at org.testng.Assert.assertTrue(Assert.java:57)
	at org.testng.Assert.assertTrue(Assert.java:67)
	at StepDefinitions.ArrayPageStep.the_user_should_able_to_see_a_error_message_from_and(ArrayPageStep.java:123)
	at ✽.The user should able to see a error message from &quot;TryCode&quot; and 1(file:///C:/Users/jimre/eclipse-workspace/DSAlgoBDD_ClubNinjas/clubNinjas-BDD/src/test/resources/features/ArrayPage.feature:36)
</pre></div><a href='#' onClick='toggleBox("stack-trace1160512357", this, "Click to show all stack frames", "Click to hide stack frames")'>Click to show all stack frames</a>
<div class='stack-trace' id='stack-trace1160512357'><pre>java.lang.AssertionError: expected [true] but found [false]
	at org.testng.Assert.fail(Assert.java:111)
	at org.testng.Assert.failNotEquals(Assert.java:1590)
	at org.testng.Assert.assertTrue(Assert.java:57)
	at org.testng.Assert.assertTrue(Assert.java:67)
	at StepDefinitions.ArrayPageStep.the_user_should_able_to_see_a_error_message_from_and(ArrayPageStep.java:123)
	at ✽.The user should able to see a error message from &quot;TryCode&quot; and 1(file:///C:/Users/jimre/eclipse-workspace/DSAlgoBDD_ClubNinjas/clubNinjas-BDD/src/test/resources/features/ArrayPage.feature:36)
</pre></div></td>
<td>42</td>
<td>Runner.TestRunner@72e34f77</td></tr>
<tr>
>>>>>>> master
<td title='Runner.TestRunner.runScenario()'><b>runScenario</b><br>Test class: Runner.TestRunner<br>Test method: Runs Cucumber Scenarios<br>Parameters: "Verify that user is able to successfully submit valid correct python code for "Search the array" question", "Array Page of DSAlgo portal"</td>
<td><div><pre>java.lang.AssertionError: expected [Submission Successful] but found [ Some Tests failed. Please review code]
	at org.testng.Assert.fail(Assert.java:111)
	at org.testng.Assert.failNotEquals(Assert.java:1590)
	at org.testng.Assert.assertEqualsImpl(Assert.java:150)
	at org.testng.Assert.assertEquals(Assert.java:132)
	at org.testng.Assert.assertEquals(Assert.java:656)
	at org.testng.Assert.assertEquals(Assert.java:666)
	at StepDefinitions.ArrayPageStep.the_user_should_see_a_message(ArrayPageStep.java:228)
	at ✽.The user should see a message from &quot;PracticeQns&quot; and 6(file:///C:/Users/jimre/eclipse-workspace/DSAlgoBDD_ClubNinjas/clubNinjas-BDD/src/test/resources/features/ArrayPage.feature:99)
</pre></div><a href='#' onClick='toggleBox("stack-trace1309705402", this, "Click to show all stack frames", "Click to hide stack frames")'>Click to show all stack frames</a>
<div class='stack-trace' id='stack-trace1309705402'><pre>java.lang.AssertionError: expected [Submission Successful] but found [ Some Tests failed. Please review code]
	at org.testng.Assert.fail(Assert.java:111)
	at org.testng.Assert.failNotEquals(Assert.java:1590)
	at org.testng.Assert.assertEqualsImpl(Assert.java:150)
	at org.testng.Assert.assertEquals(Assert.java:132)
	at org.testng.Assert.assertEquals(Assert.java:656)
	at org.testng.Assert.assertEquals(Assert.java:666)
	at StepDefinitions.ArrayPageStep.the_user_should_see_a_message(ArrayPageStep.java:228)
	at ✽.The user should see a message from &quot;PracticeQns&quot; and 6(file:///C:/Users/jimre/eclipse-workspace/DSAlgoBDD_ClubNinjas/clubNinjas-BDD/src/test/resources/features/ArrayPage.feature:99)
</pre></div></td>
<td>73</td>
<td>Runner.TestRunner@72e34f77</td></tr>
<tr>
<td title='Runner.TestRunner.runScenario()'><b>runScenario</b><br>Test class: Runner.TestRunner<br>Test method: Runs Cucumber Scenarios<br>Parameters: "Verify that user receives error when click on Run button for "Arrays in Python" try Editor page", "Array Page of DSAlgo portal"</td>
<td><div><pre>java.lang.AssertionError: expected [true] but found [false]
	at org.testng.Assert.fail(Assert.java:111)
	at org.testng.Assert.failNotEquals(Assert.java:1590)
	at org.testng.Assert.assertTrue(Assert.java:57)
	at org.testng.Assert.assertTrue(Assert.java:67)
	at StepDefinitions.ArrayPageStep.the_user_should_able_to_see_a_error_message_from_and(ArrayPageStep.java:123)
	at ✽.The user should able to see a error message from &quot;TryCode&quot; and 2(file:///C:/Users/jimre/eclipse-workspace/DSAlgoBDD_ClubNinjas/clubNinjas-BDD/src/test/resources/features/ArrayPage.feature:36)
</pre></div><a href='#' onClick='toggleBox("stack-trace637617835", this, "Click to show all stack frames", "Click to hide stack frames")'>Click to show all stack frames</a>
<div class='stack-trace' id='stack-trace637617835'><pre>java.lang.AssertionError: expected [true] but found [false]
	at org.testng.Assert.fail(Assert.java:111)
	at org.testng.Assert.failNotEquals(Assert.java:1590)
	at org.testng.Assert.assertTrue(Assert.java:57)
	at org.testng.Assert.assertTrue(Assert.java:67)
	at StepDefinitions.ArrayPageStep.the_user_should_able_to_see_a_error_message_from_and(ArrayPageStep.java:123)
	at ✽.The user should able to see a error message from &quot;TryCode&quot; and 2(file:///C:/Users/jimre/eclipse-workspace/DSAlgoBDD_ClubNinjas/clubNinjas-BDD/src/test/resources/features/ArrayPage.feature:36)
</pre></div></td>
<td>118</td>
<td>Runner.TestRunner@72e34f77</td></tr>
<tr>
<td title='Runner.TestRunner.runScenario()'><b>runScenario</b><br>Test class: Runner.TestRunner<br>Test method: Runs Cucumber Scenarios<br>Parameters: "Verify that user is able to successfully submit valid correct python code for "Max Consecutive Ones" question", "Array Page of DSAlgo portal"</td>
<td><div><pre>java.lang.AssertionError: expected [Submission Successful] but found [Error occurred during submission]
	at org.testng.Assert.fail(Assert.java:111)
	at org.testng.Assert.failNotEquals(Assert.java:1590)
	at org.testng.Assert.assertEqualsImpl(Assert.java:150)
	at org.testng.Assert.assertEquals(Assert.java:132)
	at org.testng.Assert.assertEquals(Assert.java:656)
	at org.testng.Assert.assertEquals(Assert.java:666)
	at StepDefinitions.ArrayPageStep.the_user_should_see_a_message(ArrayPageStep.java:228)
	at ✽.The user should see a message from &quot;PracticeQns&quot; and 8(file:///C:/Users/jimre/eclipse-workspace/DSAlgoBDD_ClubNinjas/clubNinjas-BDD/src/test/resources/features/ArrayPage.feature:143)
</pre></div><a href='#' onClick='toggleBox("stack-trace919962457", this, "Click to show all stack frames", "Click to hide stack frames")'>Click to show all stack frames</a>
<div class='stack-trace' id='stack-trace919962457'><pre>java.lang.AssertionError: expected [Submission Successful] but found [Error occurred during submission]
	at org.testng.Assert.fail(Assert.java:111)
	at org.testng.Assert.failNotEquals(Assert.java:1590)
	at org.testng.Assert.assertEqualsImpl(Assert.java:150)
	at org.testng.Assert.assertEquals(Assert.java:132)
	at org.testng.Assert.assertEquals(Assert.java:656)
	at org.testng.Assert.assertEquals(Assert.java:666)
	at StepDefinitions.ArrayPageStep.the_user_should_see_a_message(ArrayPageStep.java:228)
	at ✽.The user should see a message from &quot;PracticeQns&quot; and 8(file:///C:/Users/jimre/eclipse-workspace/DSAlgoBDD_ClubNinjas/clubNinjas-BDD/src/test/resources/features/ArrayPage.feature:143)
</pre></div></td>
<td>59</td>
<td>Runner.TestRunner@72e34f77</td></tr>
<tr>
<td title='Runner.TestRunner.runScenario()'><b>runScenario</b><br>Test class: Runner.TestRunner<br>Test method: Runs Cucumber Scenarios<br>Parameters: "Verify that user receives error when click on Run button for "Queue Operations" try Editor page", "Queue Page of DSAlgo portal"</td>
<td><div><pre>java.lang.AssertionError: expected [true] but found [false]
	at org.testng.Assert.fail(Assert.java:111)
	at org.testng.Assert.failNotEquals(Assert.java:1590)
	at org.testng.Assert.assertTrue(Assert.java:57)
	at org.testng.Assert.assertTrue(Assert.java:67)
	at StepDefinitions.ArrayPageStep.the_user_should_able_to_see_a_error_message_from_and(ArrayPageStep.java:123)
	at ✽.The user should able to see a error message from &quot;TryCode&quot; and 1(file:///C:/Users/jimre/eclipse-workspace/DSAlgoBDD_ClubNinjas/clubNinjas-BDD/src/test/resources/features/QueuePage.feature:130)
</pre></div><a href='#' onClick='toggleBox("stack-trace1179575712", this, "Click to show all stack frames", "Click to hide stack frames")'>Click to show all stack frames</a>
<div class='stack-trace' id='stack-trace1179575712'><pre>java.lang.AssertionError: expected [true] but found [false]
	at org.testng.Assert.fail(Assert.java:111)
	at org.testng.Assert.failNotEquals(Assert.java:1590)
	at org.testng.Assert.assertTrue(Assert.java:57)
	at org.testng.Assert.assertTrue(Assert.java:67)
	at StepDefinitions.ArrayPageStep.the_user_should_able_to_see_a_error_message_from_and(ArrayPageStep.java:123)
	at ✽.The user should able to see a error message from &quot;TryCode&quot; and 1(file:///C:/Users/jimre/eclipse-workspace/DSAlgoBDD_ClubNinjas/clubNinjas-BDD/src/test/resources/features/QueuePage.feature:130)
</pre></div></td>
<td>27</td>
<td>Runner.TestRunner@72e34f77</td></tr>
<tr>
<td title='Runner.TestRunner.runScenario()'><b>runScenario</b><br>Test class: Runner.TestRunner<br>Test method: Runs Cucumber Scenarios<br>Parameters: "Verify that user is able to successfully submit valid correct python code for "Squares of a Sorted Array" question", "Array Page of DSAlgo portal"</td>
<td><div><pre>java.lang.AssertionError: expected [Submission Successful] but found [ No tests were collected]
	at org.testng.Assert.fail(Assert.java:111)
	at org.testng.Assert.failNotEquals(Assert.java:1590)
	at org.testng.Assert.assertEqualsImpl(Assert.java:150)
	at org.testng.Assert.assertEquals(Assert.java:132)
	at org.testng.Assert.assertEquals(Assert.java:656)
	at org.testng.Assert.assertEquals(Assert.java:666)
	at StepDefinitions.ArrayPageStep.the_user_should_see_a_message(ArrayPageStep.java:228)
	at ✽.The user should see a message from &quot;PracticeQns&quot; and 12(file:///C:/Users/jimre/eclipse-workspace/DSAlgoBDD_ClubNinjas/clubNinjas-BDD/src/test/resources/features/ArrayPage.feature:232)
</pre></div><a href='#' onClick='toggleBox("stack-trace518143725", this, "Click to show all stack frames", "Click to hide stack frames")'>Click to show all stack frames</a>
<div class='stack-trace' id='stack-trace518143725'><pre>java.lang.AssertionError: expected [Submission Successful] but found [ No tests were collected]
	at org.testng.Assert.fail(Assert.java:111)
	at org.testng.Assert.failNotEquals(Assert.java:1590)
	at org.testng.Assert.assertEqualsImpl(Assert.java:150)
	at org.testng.Assert.assertEquals(Assert.java:132)
	at org.testng.Assert.assertEquals(Assert.java:656)
	at org.testng.Assert.assertEquals(Assert.java:666)
	at StepDefinitions.ArrayPageStep.the_user_should_see_a_message(ArrayPageStep.java:228)
	at ✽.The user should see a message from &quot;PracticeQns&quot; and 12(file:///C:/Users/jimre/eclipse-workspace/DSAlgoBDD_ClubNinjas/clubNinjas-BDD/src/test/resources/features/ArrayPage.feature:232)
</pre></div></td>
<td>65</td>
<td>Runner.TestRunner@72e34f77</td></tr>
<tr>
<td title='Runner.TestRunner.runScenario()'><b>runScenario</b><br>Test class: Runner.TestRunner<br>Test method: Runs Cucumber Scenarios<br>Parameters: "Verify that user receives error when click on Run button for "Implementation using collections.deque" try Editor page", "Queue Page of DSAlgo portal"</td>
<td><div><pre>java.lang.AssertionError: expected [true] but found [false]
	at org.testng.Assert.fail(Assert.java:111)
	at org.testng.Assert.failNotEquals(Assert.java:1590)
	at org.testng.Assert.assertTrue(Assert.java:57)
	at org.testng.Assert.assertTrue(Assert.java:67)
	at StepDefinitions.ArrayPageStep.the_user_should_able_to_see_a_error_message_from_and(ArrayPageStep.java:123)
	at ✽.The user should able to see a error message from &quot;TryCode&quot; and 1(file:///C:/Users/jimre/eclipse-workspace/DSAlgoBDD_ClubNinjas/clubNinjas-BDD/src/test/resources/features/QueuePage.feature:70)
</pre></div><a href='#' onClick='toggleBox("stack-trace1150518627", this, "Click to show all stack frames", "Click to hide stack frames")'>Click to show all stack frames</a>
<div class='stack-trace' id='stack-trace1150518627'><pre>java.lang.AssertionError: expected [true] but found [false]
	at org.testng.Assert.fail(Assert.java:111)
	at org.testng.Assert.failNotEquals(Assert.java:1590)
	at org.testng.Assert.assertTrue(Assert.java:57)
	at org.testng.Assert.assertTrue(Assert.java:67)
	at StepDefinitions.ArrayPageStep.the_user_should_able_to_see_a_error_message_from_and(ArrayPageStep.java:123)
	at ✽.The user should able to see a error message from &quot;TryCode&quot; and 1(file:///C:/Users/jimre/eclipse-workspace/DSAlgoBDD_ClubNinjas/clubNinjas-BDD/src/test/resources/features/QueuePage.feature:70)
</pre></div></td>
<td>39</td>
<td>Runner.TestRunner@72e34f77</td></tr>
<tr>
<td title='Runner.TestRunner.runScenario()'><b>runScenario</b><br>Test class: Runner.TestRunner<br>Test method: Runs Cucumber Scenarios<br>Parameters: "Verify that user receives error when click on Run button without entering code for "Basic Operations in Lists" try Editor page", "Array Page of DSAlgo portal"</td>
<td><div><pre>java.lang.AssertionError: expected [true] but found [false]
	at org.testng.Assert.fail(Assert.java:111)
	at org.testng.Assert.failNotEquals(Assert.java:1590)
	at org.testng.Assert.assertTrue(Assert.java:57)
	at org.testng.Assert.assertTrue(Assert.java:67)
	at StepDefinitions.ArrayPageStep.the_user_should_able_to_see_a_error_message_from_and(ArrayPageStep.java:123)
	at ✽.The user should able to see a error message from &quot;TryCode&quot; and 1(file:///C:/Users/jimre/eclipse-workspace/DSAlgoBDD_ClubNinjas/clubNinjas-BDD/src/test/resources/features/ArrayPage.feature:286)
</pre></div><a href='#' onClick='toggleBox("stack-trace278489709", this, "Click to show all stack frames", "Click to hide stack frames")'>Click to show all stack frames</a>
<div class='stack-trace' id='stack-trace278489709'><pre>java.lang.AssertionError: expected [true] but found [false]
	at org.testng.Assert.fail(Assert.java:111)
	at org.testng.Assert.failNotEquals(Assert.java:1590)
	at org.testng.Assert.assertTrue(Assert.java:57)
	at org.testng.Assert.assertTrue(Assert.java:67)
	at StepDefinitions.ArrayPageStep.the_user_should_able_to_see_a_error_message_from_and(ArrayPageStep.java:123)
	at ✽.The user should able to see a error message from &quot;TryCode&quot; and 1(file:///C:/Users/jimre/eclipse-workspace/DSAlgoBDD_ClubNinjas/clubNinjas-BDD/src/test/resources/features/ArrayPage.feature:286)
</pre></div></td>
<td>39</td>
<td>Runner.TestRunner@72e34f77</td></tr>
<tr>
<td title='Runner.TestRunner.runScenario()'><b>runScenario</b><br>Test class: Runner.TestRunner<br>Test method: Runs Cucumber Scenarios<br>Parameters: "Verify that user is able to see output for valid python code for "Basic Operations in Lists"try Editor page", "Array Page of DSAlgo portal"</td>
<td><div><pre>java.lang.AssertionError: expected [Hello, World!] but found []
	at org.testng.Assert.fail(Assert.java:111)
	at org.testng.Assert.failNotEquals(Assert.java:1590)
	at org.testng.Assert.assertEqualsImpl(Assert.java:150)
	at org.testng.Assert.assertEquals(Assert.java:132)
	at org.testng.Assert.assertEquals(Assert.java:656)
	at org.testng.Assert.assertEquals(Assert.java:666)
	at StepDefinitions.ArrayPageStep.the_user_should_able_to_see_output_in_the_console_from_and(ArrayPageStep.java:134)
	at ✽.The user should able to see output in the console from &quot;TryCode&quot; and 4(file:///C:/Users/jimre/eclipse-workspace/DSAlgoBDD_ClubNinjas/clubNinjas-BDD/src/test/resources/features/ArrayPage.feature:297)
</pre></div><a href='#' onClick='toggleBox("stack-trace293263279", this, "Click to show all stack frames", "Click to hide stack frames")'>Click to show all stack frames</a>
<div class='stack-trace' id='stack-trace293263279'><pre>java.lang.AssertionError: expected [Hello, World!] but found []
	at org.testng.Assert.fail(Assert.java:111)
	at org.testng.Assert.failNotEquals(Assert.java:1590)
	at org.testng.Assert.assertEqualsImpl(Assert.java:150)
	at org.testng.Assert.assertEquals(Assert.java:132)
	at org.testng.Assert.assertEquals(Assert.java:656)
	at org.testng.Assert.assertEquals(Assert.java:666)
	at StepDefinitions.ArrayPageStep.the_user_should_able_to_see_output_in_the_console_from_and(ArrayPageStep.java:134)
	at ✽.The user should able to see output in the console from &quot;TryCode&quot; and 4(file:///C:/Users/jimre/eclipse-workspace/DSAlgoBDD_ClubNinjas/clubNinjas-BDD/src/test/resources/features/ArrayPage.feature:297)
</pre></div></td>
<td>67</td>
<td>Runner.TestRunner@72e34f77</td></tr>
<tr>
<td title='Runner.TestRunner.runScenario()'><b>runScenario</b><br>Test class: Runner.TestRunner<br>Test method: Runs Cucumber Scenarios<br>Parameters: "Verify that user receives error when click on Run button without entering code for "Basic Operations in Lists" try Editor page", "Array Page of DSAlgo portal"</td>
<td><div><pre>java.lang.AssertionError: expected [true] but found [false]
	at org.testng.Assert.fail(Assert.java:111)
	at org.testng.Assert.failNotEquals(Assert.java:1590)
	at org.testng.Assert.assertTrue(Assert.java:57)
	at org.testng.Assert.assertTrue(Assert.java:67)
	at StepDefinitions.ArrayPageStep.the_user_should_able_to_see_a_error_message_from_and(ArrayPageStep.java:123)
	at ✽.The user should able to see a error message from &quot;TryCode&quot; and 3(file:///C:/Users/jimre/eclipse-workspace/DSAlgoBDD_ClubNinjas/clubNinjas-BDD/src/test/resources/features/ArrayPage.feature:286)
</pre></div><a href='#' onClick='toggleBox("stack-trace1048630999", this, "Click to show all stack frames", "Click to hide stack frames")'>Click to show all stack frames</a>
<div class='stack-trace' id='stack-trace1048630999'><pre>java.lang.AssertionError: expected [true] but found [false]
	at org.testng.Assert.fail(Assert.java:111)
	at org.testng.Assert.failNotEquals(Assert.java:1590)
	at org.testng.Assert.assertTrue(Assert.java:57)
	at org.testng.Assert.assertTrue(Assert.java:67)
	at StepDefinitions.ArrayPageStep.the_user_should_able_to_see_a_error_message_from_and(ArrayPageStep.java:123)
	at ✽.The user should able to see a error message from &quot;TryCode&quot; and 3(file:///C:/Users/jimre/eclipse-workspace/DSAlgoBDD_ClubNinjas/clubNinjas-BDD/src/test/resources/features/ArrayPage.feature:286)
</pre></div></td>
<td>82</td>
<td>Runner.TestRunner@72e34f77</td></tr>
<tr>
<td title='Runner.TestRunner.runScenario()'><b>runScenario</b><br>Test class: Runner.TestRunner<br>Test method: Runs Cucumber Scenarios<br>Parameters: "Verify that user receives error when click on Run button for "Implementation using array" try Editor page", "Queue Page of DSAlgo portal"</td>
<td><div><pre>java.lang.AssertionError: expected [true] but found [false]
	at org.testng.Assert.fail(Assert.java:111)
	at org.testng.Assert.failNotEquals(Assert.java:1590)
	at org.testng.Assert.assertTrue(Assert.java:57)
	at org.testng.Assert.assertTrue(Assert.java:67)
	at StepDefinitions.ArrayPageStep.the_user_should_able_to_see_a_error_message_from_and(ArrayPageStep.java:123)
	at ✽.The user should able to see a error message from &quot;TryCode&quot; and 1(file:///C:/Users/jimre/eclipse-workspace/DSAlgoBDD_ClubNinjas/clubNinjas-BDD/src/test/resources/features/QueuePage.feature:100)
</pre></div><a href='#' onClick='toggleBox("stack-trace307623170", this, "Click to show all stack frames", "Click to hide stack frames")'>Click to show all stack frames</a>
<div class='stack-trace' id='stack-trace307623170'><pre>java.lang.AssertionError: expected [true] but found [false]
	at org.testng.Assert.fail(Assert.java:111)
	at org.testng.Assert.failNotEquals(Assert.java:1590)
	at org.testng.Assert.assertTrue(Assert.java:57)
	at org.testng.Assert.assertTrue(Assert.java:67)
	at StepDefinitions.ArrayPageStep.the_user_should_able_to_see_a_error_message_from_and(ArrayPageStep.java:123)
	at ✽.The user should able to see a error message from &quot;TryCode&quot; and 1(file:///C:/Users/jimre/eclipse-workspace/DSAlgoBDD_ClubNinjas/clubNinjas-BDD/src/test/resources/features/QueuePage.feature:100)
</pre></div></td>
<td>40</td>
<td>Runner.TestRunner@72e34f77</td></tr>
<tr>
<td title='Runner.TestRunner.runScenario()'><b>runScenario</b><br>Test class: Runner.TestRunner<br>Test method: Runs Cucumber Scenarios<br>Parameters: "Verify that user receives error on submitting invalid python code, incorrect code for "Squares of a Sorted Array" question", "Array Page of DSAlgo portal"</td>
<td><div><pre>java.lang.AssertionError: expected [Error occurred during submission] but found [ No tests were collected]
	at org.testng.Assert.fail(Assert.java:111)
	at org.testng.Assert.failNotEquals(Assert.java:1590)
	at org.testng.Assert.assertEqualsImpl(Assert.java:150)
	at org.testng.Assert.assertEquals(Assert.java:132)
	at org.testng.Assert.assertEquals(Assert.java:656)
	at org.testng.Assert.assertEquals(Assert.java:666)
	at StepDefinitions.ArrayPageStep.the_user_should_see_a_message(ArrayPageStep.java:228)
	at ✽.The user should see a message from &quot;PracticeQns&quot; and 3(file:///C:/Users/jimre/eclipse-workspace/DSAlgoBDD_ClubNinjas/clubNinjas-BDD/src/test/resources/features/ArrayPage.feature:221)
</pre></div><a href='#' onClick='toggleBox("stack-trace49441994", this, "Click to show all stack frames", "Click to hide stack frames")'>Click to show all stack frames</a>
<div class='stack-trace' id='stack-trace49441994'><pre>java.lang.AssertionError: expected [Error occurred during submission] but found [ No tests were collected]
	at org.testng.Assert.fail(Assert.java:111)
	at org.testng.Assert.failNotEquals(Assert.java:1590)
	at org.testng.Assert.assertEqualsImpl(Assert.java:150)
	at org.testng.Assert.assertEquals(Assert.java:132)
	at org.testng.Assert.assertEquals(Assert.java:656)
	at org.testng.Assert.assertEquals(Assert.java:666)
	at StepDefinitions.ArrayPageStep.the_user_should_see_a_message(ArrayPageStep.java:228)
	at ✽.The user should see a message from &quot;PracticeQns&quot; and 3(file:///C:/Users/jimre/eclipse-workspace/DSAlgoBDD_ClubNinjas/clubNinjas-BDD/src/test/resources/features/ArrayPage.feature:221)
</pre></div></td>
<td>34</td>
<td>Runner.TestRunner@72e34f77</td></tr>
<tr>
<td title='Runner.TestRunner.runScenario()'><b>runScenario</b><br>Test class: Runner.TestRunner<br>Test method: Runs Cucumber Scenarios<br>Parameters: "Verify that user receives error when click on Run button without entering code for "Applications of Array" page", "Array Page of DSAlgo portal"</td>
<td><div><pre>java.lang.AssertionError: expected [true] but found [false]
	at org.testng.Assert.fail(Assert.java:111)
	at org.testng.Assert.failNotEquals(Assert.java:1590)
	at org.testng.Assert.assertTrue(Assert.java:57)
	at org.testng.Assert.assertTrue(Assert.java:67)
	at StepDefinitions.ArrayPageStep.the_user_should_able_to_see_a_error_message_from_and(ArrayPageStep.java:123)
	at ✽.The user should able to see a error message from &quot;TryCode&quot; and 1(file:///C:/Users/jimre/eclipse-workspace/DSAlgoBDD_ClubNinjas/clubNinjas-BDD/src/test/resources/features/ArrayPage.feature:321)
</pre></div><a href='#' onClick='toggleBox("stack-trace994152185", this, "Click to show all stack frames", "Click to hide stack frames")'>Click to show all stack frames</a>
<div class='stack-trace' id='stack-trace994152185'><pre>java.lang.AssertionError: expected [true] but found [false]
	at org.testng.Assert.fail(Assert.java:111)
	at org.testng.Assert.failNotEquals(Assert.java:1590)
	at org.testng.Assert.assertTrue(Assert.java:57)
	at org.testng.Assert.assertTrue(Assert.java:67)
	at StepDefinitions.ArrayPageStep.the_user_should_able_to_see_a_error_message_from_and(ArrayPageStep.java:123)
	at ✽.The user should able to see a error message from &quot;TryCode&quot; and 1(file:///C:/Users/jimre/eclipse-workspace/DSAlgoBDD_ClubNinjas/clubNinjas-BDD/src/test/resources/features/ArrayPage.feature:321)
</pre></div></td>
<td>19</td>
<td>Runner.TestRunner@72e34f77</td></tr>
>>>>>>> master
</table><p>
<table width='100%' border='1' class='invocation-passed'>
<tr><td colspan='4' align='center'><b>PASSED TESTS</b></td></tr>
<tr><td><b>Test method</b></td>
<td><b>Attribute(s)</b></td>
<td width="30%"><b>Exception</b></td>
<td width="10%"><b>Time (seconds)</b></td>
<td><b>Instance</b></td>
</tr>
<tr>
<<<<<<< HEAD
<<<<<<< HEAD
<td title='Runner.TestRunner.runScenario()'><b>runScenario</b><br>Test class: Runner.TestRunner<br>Test method: Runs Cucumber Scenarios<br>Parameters: "Verify that the user gets error upon entering invalid passwords", "Register Page"</td>
<td></td>
<td>3</td>
<td>Runner.TestRunner@5c153b9e</td></tr>
<tr>
<td title='Runner.TestRunner.runScenario()'><b>runScenario</b><br>Test class: Runner.TestRunner<br>Test method: Runs Cucumber Scenarios<br>Parameters: "Verify pop-up message when password and password confirmation fields are left blank", "Register Page"</td>
<td></td>
<td>5</td>
<td>Runner.TestRunner@5c153b9e</td></tr>
<tr>
<td title='Runner.TestRunner.runScenario()'><b>runScenario</b><br>Test class: Runner.TestRunner<br>Test method: Runs Cucumber Scenarios<br>Parameters: "Verify that User is able to launch ds-algo portal", "Register Page"</td>
<td></td>
<td>6</td>
<td>Runner.TestRunner@5c153b9e</td></tr>
<tr>
<td title='Runner.TestRunner.runScenario()'><b>runScenario</b><br>Test class: Runner.TestRunner<br>Test method: Runs Cucumber Scenarios<br>Parameters: "Verify that user gets an error message upon entering invalid username", "Register Page"</td>
<td></td>
<td>3</td>
<td>Runner.TestRunner@5c153b9e</td></tr>
<tr>
<td title='Runner.TestRunner.runScenario()'><b>runScenario</b><br>Test class: Runner.TestRunner<br>Test method: Runs Cucumber Scenarios<br>Parameters: "Verify that the user is able to enter valid username in the username field", "Register Page"</td>
=======
<td title='Runner.TestRunner.runScenario()'><b>runScenario</b><br>Test class: Runner.TestRunner<br>Test method: Runs Cucumber Scenarios<br>Parameters: "Verify that user receives error when click on Run button without entering code for "Basic Operations in Lists" try Editor page", "Array Page of DSAlgo portal"</td>
<td></td>
<td>7</td>
<td>Runner.TestRunner@72e34f77</td></tr>
<tr>
<td title='Runner.TestRunner.runScenario()'><b>runScenario</b><br>Test class: Runner.TestRunner<br>Test method: Runs Cucumber Scenarios<br>Parameters: "Verify that user is able to navigate to Queue data structure page", "Queue Page of DSAlgo portal"</td>
<td></td>
<td>5</td>
<td>Runner.TestRunner@72e34f77</td></tr>
<tr>
<td title='Runner.TestRunner.runScenario()'><b>runScenario</b><br>Test class: Runner.TestRunner<br>Test method: Runs Cucumber Scenarios<br>Parameters: "Verify that user is able to see output for valid python code for "Implementation of Queue in Python" try Editor page", "Queue Page of DSAlgo portal"</td>
<td></td>
<td>7</td>
<td>Runner.TestRunner@72e34f77</td></tr>
<tr>
<td title='Runner.TestRunner.runScenario()'><b>runScenario</b><br>Test class: Runner.TestRunner<br>Test method: Runs Cucumber Scenarios<br>Parameters: "Verify that user receives error on submitting invalid python code, incorrect answer for "Max Consecutive Ones" question", "Array Page of DSAlgo portal"</td>
<td></td>
<td>8</td>
<td>Runner.TestRunner@72e34f77</td></tr>
<tr>
=======
>>>>>>> master
<td title='Runner.TestRunner.runScenario()'><b>runScenario</b><br>Test class: Runner.TestRunner<br>Test method: Runs Cucumber Scenarios<br>Parameters: "Verify that user receives error on submitting invalid python code, incorrect answer for "Find Numbers with Even Number of Digits" question", "Array Page of DSAlgo portal"</td>
<td></td>
<td>13</td>
<td>Runner.TestRunner@72e34f77</td></tr>
<tr>
<td title='Runner.TestRunner.runScenario()'><b>runScenario</b><br>Test class: Runner.TestRunner<br>Test method: Runs Cucumber Scenarios<br>Parameters: "Verify that user receives error when click on Run button for "Implementation using collections.deque" try Editor page", "Queue Page of DSAlgo portal"</td>
<td></td>
<td>38</td>
<td>Runner.TestRunner@72e34f77</td></tr>
<tr>
<td title='Runner.TestRunner.runScenario()'><b>runScenario</b><br>Test class: Runner.TestRunner<br>Test method: Runs Cucumber Scenarios<br>Parameters: "Verify that user receives NameError, SyntaxError for invalid python code on running "Squares of a Sorted Array" question", "Array Page of DSAlgo portal"</td>
<td></td>
<td>19</td>
<td>Runner.TestRunner@72e34f77</td></tr>
<tr>
<td title='Runner.TestRunner.runScenario()'><b>runScenario</b><br>Test class: Runner.TestRunner<br>Test method: Runs Cucumber Scenarios<br>Parameters: "Verify that user receives error when click on Run button without entering code for "Arrays Using List" try Editor page", "Array Page of DSAlgo portal"</td>
<td></td>
<td>58</td>
<td>Runner.TestRunner@72e34f77</td></tr>
<tr>
<td title='Runner.TestRunner.runScenario()'><b>runScenario</b><br>Test class: Runner.TestRunner<br>Test method: Runs Cucumber Scenarios<br>Parameters: "Verify that user receives NameError, SyntaxError for invalid python code on running "Search the array" question", "Array Page of DSAlgo portal"</td>
<td></td>
<<<<<<< HEAD
<td>8</td>
<td>Runner.TestRunner@72e34f77</td></tr>
<tr>
<td title='Runner.TestRunner.runScenario()'><b>runScenario</b><br>Test class: Runner.TestRunner<br>Test method: Runs Cucumber Scenarios<br>Parameters: "Verify that user is able to navigate to Queue data structure page", "Queue Page of DSAlgo portal"</td>
>>>>>>> master
<td></td>
<td>5</td>
<td>Runner.TestRunner@5c153b9e</td></tr>
<tr>
<<<<<<< HEAD
<td title='Runner.TestRunner.runScenario()'><b>runScenario</b><br>Test class: Runner.TestRunner<br>Test method: Runs Cucumber Scenarios<br>Parameters: "Verify that the user is able to enter valid username in the username field", "Register Page"</td>
<td></td>
<td>3</td>
<td>Runner.TestRunner@5c153b9e</td></tr>
=======
<td title='Runner.TestRunner.runScenario()'><b>runScenario</b><br>Test class: Runner.TestRunner<br>Test method: Runs Cucumber Scenarios<br>Parameters: "Verify that user is able to see output for valid python code for "Implementation using collections.deque" try Editor page", "Queue Page of DSAlgo portal"</td>
<td></td>
<td>7</td>
<td>Runner.TestRunner@72e34f77</td></tr>
<tr>
<td title='Runner.TestRunner.runScenario()'><b>runScenario</b><br>Test class: Runner.TestRunner<br>Test method: Runs Cucumber Scenarios<br>Parameters: "Verify that user is able to navigate to "Implementation of Queue in Python" page", "Queue Page of DSAlgo portal"</td>
<td></td>
<td>6</td>
<td>Runner.TestRunner@72e34f77</td></tr>
<tr>
<td title='Runner.TestRunner.runScenario()'><b>runScenario</b><br>Test class: Runner.TestRunner<br>Test method: Runs Cucumber Scenarios<br>Parameters: "Verify that user receives error when click on Run button for "Queue Operations" try Editor page", "Queue Page of DSAlgo portal"</td>
<td></td>
<td>6</td>
<td>Runner.TestRunner@72e34f77</td></tr>
>>>>>>> master
<tr>
<td title='Runner.TestRunner.runScenario()'><b>runScenario</b><br>Test class: Runner.TestRunner<br>Test method: Runs Cucumber Scenarios<br>Parameters: "Verify pop-up message when password and password confirmation fields are left blank", "Register Page"</td>
<td></td>
<td>3</td>
<td>Runner.TestRunner@5c153b9e</td></tr>
<tr>
<td title='Runner.TestRunner.runScenario()'><b>runScenario</b><br>Test class: Runner.TestRunner<br>Test method: Runs Cucumber Scenarios<br>Parameters: "Verify that the user is able to enter valid passwords in the field", "Register Page"</td>
<td></td>
<<<<<<< HEAD
<td>3</td>
<td>Runner.TestRunner@5c153b9e</td></tr>
=======
<td>7</td>
<td>Runner.TestRunner@72e34f77</td></tr>
<tr>
<td title='Runner.TestRunner.runScenario()'><b>runScenario</b><br>Test class: Runner.TestRunner<br>Test method: Runs Cucumber Scenarios<br>Parameters: "Verify that user is able to navigate to "Practice Questions" Page for "Implementation of Queue in Python" page", "Queue Page of DSAlgo portal"</td>
<td></td>
<td>6</td>
<td>Runner.TestRunner@72e34f77</td></tr>
<tr>
<td title='Runner.TestRunner.runScenario()'><b>runScenario</b><br>Test class: Runner.TestRunner<br>Test method: Runs Cucumber Scenarios<br>Parameters: "Verify that user is able to navigate to "Implementation using collections.deque" page", "Queue Page of DSAlgo portal"</td>
<td></td>
<td>5</td>
<td>Runner.TestRunner@72e34f77</td></tr>
<tr>
<td title='Runner.TestRunner.runScenario()'><b>runScenario</b><br>Test class: Runner.TestRunner<br>Test method: Runs Cucumber Scenarios<br>Parameters: "Verify that user is able to run valid python code for "Max Consecutive Ones" question", "Array Page of DSAlgo portal"</td>
<td></td>
<td>8</td>
<td>Runner.TestRunner@72e34f77</td></tr>
<tr>
<td title='Runner.TestRunner.runScenario()'><b>runScenario</b><br>Test class: Runner.TestRunner<br>Test method: Runs Cucumber Scenarios<br>Parameters: "Verify that user is able to see output for valid python code for "Basic Operations in Lists"try Editor page", "Array Page of DSAlgo portal"</td>
<td></td>
<td>7</td>
<td>Runner.TestRunner@72e34f77</td></tr>
<tr>
<td title='Runner.TestRunner.runScenario()'><b>runScenario</b><br>Test class: Runner.TestRunner<br>Test method: Runs Cucumber Scenarios<br>Parameters: "Verify that user receives error when click on Run button without entering code for "Applications of Array" page", "Array Page of DSAlgo portal"</td>
<td></td>
<td>7</td>
<td>Runner.TestRunner@72e34f77</td></tr>
<tr>
<td title='Runner.TestRunner.runScenario()'><b>runScenario</b><br>Test class: Runner.TestRunner<br>Test method: Runs Cucumber Scenarios<br>Parameters: "Verify that user receives NameError, SyntaxError for invalid python code on running "Max Consecutive Ones" question", "Array Page of DSAlgo portal"</td>
<td></td>
<td>8</td>
<td>Runner.TestRunner@72e34f77</td></tr>
<tr>
<td title='Runner.TestRunner.runScenario()'><b>runScenario</b><br>Test class: Runner.TestRunner<br>Test method: Runs Cucumber Scenarios<br>Parameters: "Verify that user is able to navigate to "Max Consecutive Ones" Page from Practice question page of "Arrays in Python" page", "Array Page of DSAlgo portal"</td>
<td></td>
<td>7</td>
<td>Runner.TestRunner@72e34f77</td></tr>
<tr>
<td title='Runner.TestRunner.runScenario()'><b>runScenario</b><br>Test class: Runner.TestRunner<br>Test method: Runs Cucumber Scenarios<br>Parameters: "Verify that user receives error when click on Run button for "Implementation using collections.deque" try Editor page", "Queue Page of DSAlgo portal"</td>
<td></td>
<td>7</td>
<td>Runner.TestRunner@72e34f77</td></tr>
<tr>
<td title='Runner.TestRunner.runScenario()'><b>runScenario</b><br>Test class: Runner.TestRunner<br>Test method: Runs Cucumber Scenarios<br>Parameters: "Verify that user is able to navigate to "Queue Operations" page", "Queue Page of DSAlgo portal"</td>
<td></td>
<td>5</td>
<td>Runner.TestRunner@72e34f77</td></tr>
<tr>
<td title='Runner.TestRunner.runScenario()'><b>runScenario</b><br>Test class: Runner.TestRunner<br>Test method: Runs Cucumber Scenarios<br>Parameters: "Verify that user is able to see output for valid python code for "Arrays Using List" try Editor page", "Array Page of DSAlgo portal"</td>
<td></td>
<td>7</td>
<td>Runner.TestRunner@72e34f77</td></tr>
<tr>
<td title='Runner.TestRunner.runScenario()'><b>runScenario</b><br>Test class: Runner.TestRunner<br>Test method: Runs Cucumber Scenarios<br>Parameters: "Verify that user receives error when click on Run button without entering code for "Applications of Array" page", "Array Page of DSAlgo portal"</td>
<td></td>
<td>7</td>
=======
<td>74</td>
>>>>>>> master
<td>Runner.TestRunner@72e34f77</td></tr>
<tr>
<td title='Runner.TestRunner.runScenario()'><b>runScenario</b><br>Test class: Runner.TestRunner<br>Test method: Runs Cucumber Scenarios<br>Parameters: "Verify that user is able to navigate to "Practice Questions" Page from "Arrays Using List" page", "Array Page of DSAlgo portal"</td>
<td></td>
<td>35</td>
<td>Runner.TestRunner@72e34f77</td></tr>
<tr>
<td title='Runner.TestRunner.runScenario()'><b>runScenario</b><br>Test class: Runner.TestRunner<br>Test method: Runs Cucumber Scenarios<br>Parameters: "Verify that user is able to navigate to "try Editor" page for "Queue Operations" page", "Queue Page of DSAlgo portal"</td>
<td></td>
<td>26</td>
<td>Runner.TestRunner@72e34f77</td></tr>
<tr>
<td title='Runner.TestRunner.runScenario()'><b>runScenario</b><br>Test class: Runner.TestRunner<br>Test method: Runs Cucumber Scenarios<br>Parameters: "Verify that user is able to navigate to "try Editor" page for "Basic Operations in Lists" page", "Array Page of DSAlgo portal"</td>
<td></td>
<td>42</td>
<td>Runner.TestRunner@72e34f77</td></tr>
<tr>
<td title='Runner.TestRunner.runScenario()'><b>runScenario</b><br>Test class: Runner.TestRunner<br>Test method: Runs Cucumber Scenarios<br>Parameters: "Verify that user receives error when click on Run button for "Queue Operations" try Editor page", "Queue Page of DSAlgo portal"</td>
<td></td>
<<<<<<< HEAD
<td>8</td>
<td>Runner.TestRunner@72e34f77</td></tr>
<tr>
<td title='Runner.TestRunner.runScenario()'><b>runScenario</b><br>Test class: Runner.TestRunner<br>Test method: Runs Cucumber Scenarios<br>Parameters: "Verify that user is able to navigate to "try Editor" page for "Implementation using array" page", "Queue Page of DSAlgo portal"</td>
<td></td>
<td>6</td>
<td>Runner.TestRunner@72e34f77</td></tr>
<tr>
<td title='Runner.TestRunner.runScenario()'><b>runScenario</b><br>Test class: Runner.TestRunner<br>Test method: Runs Cucumber Scenarios<br>Parameters: "Verify that user is able to see output for valid python code for "Implementation using array" try Editor page", "Queue Page of DSAlgo portal"</td>
<td></td>
<td>7</td>
<td>Runner.TestRunner@72e34f77</td></tr>
<tr>
<td title='Runner.TestRunner.runScenario()'><b>runScenario</b><br>Test class: Runner.TestRunner<br>Test method: Runs Cucumber Scenarios<br>Parameters: "Verify that user is able to run valid python code for "Find Numbers with Even Number of Digits" question", "Array Page of DSAlgo portal"</td>
<td></td>
<td>7</td>
<td>Runner.TestRunner@72e34f77</td></tr>
<tr>
<td title='Runner.TestRunner.runScenario()'><b>runScenario</b><br>Test class: Runner.TestRunner<br>Test method: Runs Cucumber Scenarios<br>Parameters: "Verify that user is able to navigate to "Applications of Array" page", "Array Page of DSAlgo portal"</td>
<td></td>
<td>5</td>
<td>Runner.TestRunner@72e34f77</td></tr>
<tr>
<td title='Runner.TestRunner.runScenario()'><b>runScenario</b><br>Test class: Runner.TestRunner<br>Test method: Runs Cucumber Scenarios<br>Parameters: "Verify that user is able to successfully submit valid correct python code for "Find Numbers with Even Number of Digits" question", "Array Page of DSAlgo portal"</td>
<td></td>
<td>8</td>
<td>Runner.TestRunner@72e34f77</td></tr>
>>>>>>> master
<tr>
<td title='Runner.TestRunner.runScenario()'><b>runScenario</b><br>Test class: Runner.TestRunner<br>Test method: Runs Cucumber Scenarios<br>Parameters: "Verify that user gets an error message upon entering invalid username", "Register Page"</td>
<td></td>
<<<<<<< HEAD
<td>3</td>
<td>Runner.TestRunner@5c153b9e</td></tr>
<tr>
<td title='Runner.TestRunner.runScenario()'><b>runScenario</b><br>Test class: Runner.TestRunner<br>Test method: Runs Cucumber Scenarios<br>Parameters: "Verify that the user gets error upon entering invalid passwords", "Register Page"</td>
<td></td>
<td>3</td>
<td>Runner.TestRunner@5c153b9e</td></tr>
=======
<td>7</td>
<td>Runner.TestRunner@72e34f77</td></tr>
<tr>
<td title='Runner.TestRunner.runScenario()'><b>runScenario</b><br>Test class: Runner.TestRunner<br>Test method: Runs Cucumber Scenarios<br>Parameters: "Verify that user is able to navigate to "Implementation using array" page", "Queue Page of DSAlgo portal"</td>
<td></td>
<td>6</td>
<td>Runner.TestRunner@72e34f77</td></tr>
<tr>
<td title='Runner.TestRunner.runScenario()'><b>runScenario</b><br>Test class: Runner.TestRunner<br>Test method: Runs Cucumber Scenarios<br>Parameters: "Verify that user receives error when click on Run button for "Implementation using array" try Editor page", "Queue Page of DSAlgo portal"</td>
<td></td>
<td>7</td>
<td>Runner.TestRunner@72e34f77</td></tr>
<tr>
<td title='Runner.TestRunner.runScenario()'><b>runScenario</b><br>Test class: Runner.TestRunner<br>Test method: Runs Cucumber Scenarios<br>Parameters: "Verify that user receives error on submitting invalid python code, incorrect answer for "Search the array" question", "Array Page of DSAlgo portal"</td>
<td></td>
<td>8</td>
<td>Runner.TestRunner@72e34f77</td></tr>
<tr>
<td title='Runner.TestRunner.runScenario()'><b>runScenario</b><br>Test class: Runner.TestRunner<br>Test method: Runs Cucumber Scenarios<br>Parameters: "Verify that user is able to navigate to "Arrays in Python" page", "Array Page of DSAlgo portal"</td>
<td></td>
<td>6</td>
<td>Runner.TestRunner@72e34f77</td></tr>
>>>>>>> master
<tr>
<td title='Runner.TestRunner.runScenario()'><b>runScenario</b><br>Test class: Runner.TestRunner<br>Test method: Runs Cucumber Scenarios<br>Parameters: "Verify that the user is able to enter valid username in the username field", "Register Page"</td>
<td></td>
<td>3</td>
<td>Runner.TestRunner@5c153b9e</td></tr>
<tr>
<<<<<<< HEAD
<td title='Runner.TestRunner.runScenario()'><b>runScenario</b><br>Test class: Runner.TestRunner<br>Test method: Runs Cucumber Scenarios<br>Parameters: "Verify that the user is able to enter valid passwords in the field", "Register Page"</td>
<td></td>
<td>3</td>
<td>Runner.TestRunner@5c153b9e</td></tr>
=======
<td title='Runner.TestRunner.runScenario()'><b>runScenario</b><br>Test class: Runner.TestRunner<br>Test method: Runs Cucumber Scenarios<br>Parameters: "Verify that user is able to navigate to "Arrays Using List" page", "Array Page of DSAlgo portal"</td>
<td></td>
<td>6</td>
<td>Runner.TestRunner@72e34f77</td></tr>
<tr>
<td title='Runner.TestRunner.runScenario()'><b>runScenario</b><br>Test class: Runner.TestRunner<br>Test method: Runs Cucumber Scenarios<br>Parameters: "Verify that user is able to run valid python code for "Squares of a Sorted Array" question", "Array Page of DSAlgo portal"</td>
<td></td>
<td>7</td>
=======
<td>25</td>
>>>>>>> master
<td>Runner.TestRunner@72e34f77</td></tr>
<tr>
<td title='Runner.TestRunner.runScenario()'><b>runScenario</b><br>Test class: Runner.TestRunner<br>Test method: Runs Cucumber Scenarios<br>Parameters: "Verify that user receives NameError, SyntaxError for invalid python code on running "Find Numbers with Even Number of Digits" question", "Array Page of DSAlgo portal"</td>
<td></td>
<td>84</td>
<td>Runner.TestRunner@72e34f77</td></tr>
<tr>
<td title='Runner.TestRunner.runScenario()'><b>runScenario</b><br>Test class: Runner.TestRunner<br>Test method: Runs Cucumber Scenarios<br>Parameters: "Verify that user is able to navigate to Queue data structure page", "Queue Page of DSAlgo portal"</td>
<td></td>
<td>42</td>
<td>Runner.TestRunner@72e34f77</td></tr>
<tr>
<td title='Runner.TestRunner.runScenario()'><b>runScenario</b><br>Test class: Runner.TestRunner<br>Test method: Runs Cucumber Scenarios<br>Parameters: "Verify that user is able to navigate to "Find Numbers with Even Number of Digits" Page from Practice question page of "Arrays in Python" page", "Array Page of DSAlgo portal"</td>
<td></td>
<td>34</td>
<td>Runner.TestRunner@72e34f77</td></tr>
<tr>
<td title='Runner.TestRunner.runScenario()'><b>runScenario</b><br>Test class: Runner.TestRunner<br>Test method: Runs Cucumber Scenarios<br>Parameters: "Verify that user receives error when click on Run button for "Implementation using array" try Editor page", "Queue Page of DSAlgo portal"</td>
<td></td>
<td>29</td>
<td>Runner.TestRunner@72e34f77</td></tr>
<tr>
<td title='Runner.TestRunner.runScenario()'><b>runScenario</b><br>Test class: Runner.TestRunner<br>Test method: Runs Cucumber Scenarios<br>Parameters: "Verify that user is able to see output for valid python code for "Arrays in Python" try Editor page", "Array Page of DSAlgo portal"</td>
<td></td>
<td>42</td>
<td>Runner.TestRunner@72e34f77</td></tr>
<tr>
<td title='Runner.TestRunner.runScenario()'><b>runScenario</b><br>Test class: Runner.TestRunner<br>Test method: Runs Cucumber Scenarios<br>Parameters: "Verify that user is able to see output for valid python code for "Implementation using collections.deque" try Editor page", "Queue Page of DSAlgo portal"</td>
<td></td>
<td>16</td>
<td>Runner.TestRunner@72e34f77</td></tr>
<tr>
<td title='Runner.TestRunner.runScenario()'><b>runScenario</b><br>Test class: Runner.TestRunner<br>Test method: Runs Cucumber Scenarios<br>Parameters: "Verify that user receives error when click on Run button for "Arrays in Python" try Editor page", "Array Page of DSAlgo portal"</td>
<td></td>
<td>42</td>
<td>Runner.TestRunner@72e34f77</td></tr>
<tr>
<td title='Runner.TestRunner.runScenario()'><b>runScenario</b><br>Test class: Runner.TestRunner<br>Test method: Runs Cucumber Scenarios<br>Parameters: "Verify that user receives NameError, SyntaxError for invalid python code on running "Max Consecutive Ones" question", "Array Page of DSAlgo portal"</td>
<td></td>
<td>52</td>
<td>Runner.TestRunner@72e34f77</td></tr>
<tr>
<td title='Runner.TestRunner.runScenario()'><b>runScenario</b><br>Test class: Runner.TestRunner<br>Test method: Runs Cucumber Scenarios<br>Parameters: "Verify that user receives NameError, SyntaxError for invalid python code on running "Find Numbers with Even Number of Digits" question", "Array Page of DSAlgo portal"</td>
<td></td>
<td>78</td>
<td>Runner.TestRunner@72e34f77</td></tr>
<tr>
<td title='Runner.TestRunner.runScenario()'><b>runScenario</b><br>Test class: Runner.TestRunner<br>Test method: Runs Cucumber Scenarios<br>Parameters: "Verify that user is able to navigate to Array data structure page", "Array Page of DSAlgo portal"</td>
<td></td>
<td>45</td>
<td>Runner.TestRunner@72e34f77</td></tr>
<tr>
<td title='Runner.TestRunner.runScenario()'><b>runScenario</b><br>Test class: Runner.TestRunner<br>Test method: Runs Cucumber Scenarios<br>Parameters: "Verify that user is able to navigate to "try Editor" page for "Implementation using collections.deque" page", "Queue Page of DSAlgo portal"</td>
<td></td>
<td>38</td>
<td>Runner.TestRunner@72e34f77</td></tr>
<tr>
<td title='Runner.TestRunner.runScenario()'><b>runScenario</b><br>Test class: Runner.TestRunner<br>Test method: Runs Cucumber Scenarios<br>Parameters: "Verify that user is able to see output for valid python code for "Queue Operations" try Editor page", "Queue Page of DSAlgo portal"</td>
<td></td>
<td>6</td>
<td>Runner.TestRunner@72e34f77</td></tr>
<tr>
<td title='Runner.TestRunner.runScenario()'><b>runScenario</b><br>Test class: Runner.TestRunner<br>Test method: Runs Cucumber Scenarios<br>Parameters: "Verify that user is able to navigate to "try Editor" page for "Implementation using array" page", "Queue Page of DSAlgo portal"</td>
<td></td>
<td>38</td>
<td>Runner.TestRunner@72e34f77</td></tr>
<tr>
<td title='Runner.TestRunner.runScenario()'><b>runScenario</b><br>Test class: Runner.TestRunner<br>Test method: Runs Cucumber Scenarios<br>Parameters: "Verify that user receives error when click on Run button without entering code for "Basic Operations in Lists" try Editor page", "Array Page of DSAlgo portal"</td>
<td></td>
<td>39</td>
<td>Runner.TestRunner@72e34f77</td></tr>
<tr>
<td title='Runner.TestRunner.runScenario()'><b>runScenario</b><br>Test class: Runner.TestRunner<br>Test method: Runs Cucumber Scenarios<br>Parameters: "Verify that user is able to navigate to "Queue Operations" page", "Queue Page of DSAlgo portal"</td>
<td></td>
<td>26</td>
<td>Runner.TestRunner@72e34f77</td></tr>
<tr>
<td title='Runner.TestRunner.runScenario()'><b>runScenario</b><br>Test class: Runner.TestRunner<br>Test method: Runs Cucumber Scenarios<br>Parameters: "Verify that user is able to see output for valid python code for "Implementation of Queue in Python" try Editor page", "Queue Page of DSAlgo portal"</td>
<td></td>
<td>20</td>
<td>Runner.TestRunner@72e34f77</td></tr>
<tr>
<td title='Runner.TestRunner.runScenario()'><b>runScenario</b><br>Test class: Runner.TestRunner<br>Test method: Runs Cucumber Scenarios<br>Parameters: "Verify that user receives NameError, SyntaxError for invalid python code on running "Max Consecutive Ones" question", "Array Page of DSAlgo portal"</td>
<td></td>
<td>42</td>
<td>Runner.TestRunner@72e34f77</td></tr>
<tr>
<td title='Runner.TestRunner.runScenario()'><b>runScenario</b><br>Test class: Runner.TestRunner<br>Test method: Runs Cucumber Scenarios<br>Parameters: "Verify that user is able to navigate to "try Editor" page for "Applications of Array" page", "Array Page of DSAlgo portal"</td>
<td></td>
<td>39</td>
<td>Runner.TestRunner@72e34f77</td></tr>
<tr>
<td title='Runner.TestRunner.runScenario()'><b>runScenario</b><br>Test class: Runner.TestRunner<br>Test method: Runs Cucumber Scenarios<br>Parameters: "Verify that user is able to navigate to "Squares of a Sorted Array" Page from Practice question page of "Arrays in Python" page", "Array Page of DSAlgo portal"</td>
<td></td>
<td>50</td>
<td>Runner.TestRunner@72e34f77</td></tr>
<tr>
<td title='Runner.TestRunner.runScenario()'><b>runScenario</b><br>Test class: Runner.TestRunner<br>Test method: Runs Cucumber Scenarios<br>Parameters: "Verify that user is able to navigate to Queue data structure page", "Queue Page of DSAlgo portal"</td>
<td></td>
<td>20</td>
<td>Runner.TestRunner@72e34f77</td></tr>
<tr>
<td title='Runner.TestRunner.runScenario()'><b>runScenario</b><br>Test class: Runner.TestRunner<br>Test method: Runs Cucumber Scenarios<br>Parameters: "Verify that user is able to navigate to "Practice Questions" Page for "Applications of Array" try Editor page", "Array Page of DSAlgo portal"</td>
<td></td>
<td>42</td>
<td>Runner.TestRunner@72e34f77</td></tr>
<tr>
<td title='Runner.TestRunner.runScenario()'><b>runScenario</b><br>Test class: Runner.TestRunner<br>Test method: Runs Cucumber Scenarios<br>Parameters: "Verify that user is able to navigate to "Basic Operations in Lists" page", "Array Page of DSAlgo portal"</td>
<td></td>
<td>32</td>
<td>Runner.TestRunner@72e34f77</td></tr>
<tr>
<td title='Runner.TestRunner.runScenario()'><b>runScenario</b><br>Test class: Runner.TestRunner<br>Test method: Runs Cucumber Scenarios<br>Parameters: "Verify that user receives NameError, SyntaxError for invalid python code on running "Squares of a Sorted Array" question", "Array Page of DSAlgo portal"</td>
<td></td>
<td>19</td>
<td>Runner.TestRunner@72e34f77</td></tr>
<tr>
<td title='Runner.TestRunner.runScenario()'><b>runScenario</b><br>Test class: Runner.TestRunner<br>Test method: Runs Cucumber Scenarios<br>Parameters: "Verify that user is able to navigate to "Implementation using array" page", "Queue Page of DSAlgo portal"</td>
<td></td>
<td>13</td>
<td>Runner.TestRunner@72e34f77</td></tr>
<tr>
<td title='Runner.TestRunner.runScenario()'><b>runScenario</b><br>Test class: Runner.TestRunner<br>Test method: Runs Cucumber Scenarios<br>Parameters: "Verify that user receives NameError, SyntaxError for invalid python code on running "Search the array" question", "Array Page of DSAlgo portal"</td>
<td></td>
<td>47</td>
<td>Runner.TestRunner@72e34f77</td></tr>
<tr>
<td title='Runner.TestRunner.runScenario()'><b>runScenario</b><br>Test class: Runner.TestRunner<br>Test method: Runs Cucumber Scenarios<br>Parameters: "Verify that user is able to navigate to "Arrays Using List" page", "Array Page of DSAlgo portal"</td>
<td></td>
<td>33</td>
<td>Runner.TestRunner@72e34f77</td></tr>
<tr>
<td title='Runner.TestRunner.runScenario()'><b>runScenario</b><br>Test class: Runner.TestRunner<br>Test method: Runs Cucumber Scenarios<br>Parameters: "Verify that user receives error when click on Run button for "Implementation of Queue in Python" try Editor page", "Queue Page of DSAlgo portal"</td>
<td></td>
<td>45</td>
<td>Runner.TestRunner@72e34f77</td></tr>
<tr>
<td title='Runner.TestRunner.runScenario()'><b>runScenario</b><br>Test class: Runner.TestRunner<br>Test method: Runs Cucumber Scenarios<br>Parameters: "Verify that user receives error when click on Run button without entering code for "Arrays Using List" try Editor page", "Array Page of DSAlgo portal"</td>
<td></td>
<td>42</td>
<td>Runner.TestRunner@72e34f77</td></tr>
<tr>
<td title='Runner.TestRunner.runScenario()'><b>runScenario</b><br>Test class: Runner.TestRunner<br>Test method: Runs Cucumber Scenarios<br>Parameters: "Verify that user is able to navigate to "Applications of Array" page", "Array Page of DSAlgo portal"</td>
<td></td>
<td>19</td>
<td>Runner.TestRunner@72e34f77</td></tr>
<tr>
<td title='Runner.TestRunner.runScenario()'><b>runScenario</b><br>Test class: Runner.TestRunner<br>Test method: Runs Cucumber Scenarios<br>Parameters: "Verify that user is able to navigate to "try Editor" page for "Arrays Using List" page", "Array Page of DSAlgo portal"</td>
<td></td>
<td>32</td>
<td>Runner.TestRunner@72e34f77</td></tr>
<tr>
<td title='Runner.TestRunner.runScenario()'><b>runScenario</b><br>Test class: Runner.TestRunner<br>Test method: Runs Cucumber Scenarios<br>Parameters: "Verify that user receives error on submitting invalid python code, incorrect answer for "Max Consecutive Ones" question", "Array Page of DSAlgo portal"</td>
<td></td>
<td>59</td>
<td>Runner.TestRunner@72e34f77</td></tr>
<tr>
<td title='Runner.TestRunner.runScenario()'><b>runScenario</b><br>Test class: Runner.TestRunner<br>Test method: Runs Cucumber Scenarios<br>Parameters: "Verify that user receives error on submitting invalid python code, incorrect answer for "Search the array" question", "Array Page of DSAlgo portal"</td>
<td></td>
<td>54</td>
<td>Runner.TestRunner@72e34f77</td></tr>
<tr>
<td title='Runner.TestRunner.runScenario()'><b>runScenario</b><br>Test class: Runner.TestRunner<br>Test method: Runs Cucumber Scenarios<br>Parameters: "Verify that user is able to run valid python code for "Squares of a Sorted Array" question", "Array Page of DSAlgo portal"</td>
<td></td>
<td>32</td>
<td>Runner.TestRunner@72e34f77</td></tr>
<tr>
<td title='Runner.TestRunner.runScenario()'><b>runScenario</b><br>Test class: Runner.TestRunner<br>Test method: Runs Cucumber Scenarios<br>Parameters: "Verify that user is able to see output for valid python code for "Arrays Using List" try Editor page", "Array Page of DSAlgo portal"</td>
<td></td>
<td>60</td>
<td>Runner.TestRunner@72e34f77</td></tr>
<tr>
<td title='Runner.TestRunner.runScenario()'><b>runScenario</b><br>Test class: Runner.TestRunner<br>Test method: Runs Cucumber Scenarios<br>Parameters: "Verify that user is able to see output for valid python code for "Applications of Array" try Editor page", "Array Page of DSAlgo portal"</td>
<td></td>
<td>43</td>
<td>Runner.TestRunner@72e34f77</td></tr>
<tr>
<td title='Runner.TestRunner.runScenario()'><b>runScenario</b><br>Test class: Runner.TestRunner<br>Test method: Runs Cucumber Scenarios<br>Parameters: "Verify that user receives error when click on Run button for "Implementation using collections.deque" try Editor page", "Queue Page of DSAlgo portal"</td>
<td></td>
<td>39</td>
<td>Runner.TestRunner@72e34f77</td></tr>
<tr>
<td title='Runner.TestRunner.runScenario()'><b>runScenario</b><br>Test class: Runner.TestRunner<br>Test method: Runs Cucumber Scenarios<br>Parameters: "Verify that user receives error on submitting invalid python code, incorrect answer for "Max Consecutive Ones" question", "Array Page of DSAlgo portal"</td>
<td></td>
<td>62</td>
<td>Runner.TestRunner@72e34f77</td></tr>
<tr>
<td title='Runner.TestRunner.runScenario()'><b>runScenario</b><br>Test class: Runner.TestRunner<br>Test method: Runs Cucumber Scenarios<br>Parameters: "Verify that user is able to navigate to "try Editor" page for "Arrays in Python" page", "Array Page of DSAlgo portal"</td>
<td></td>
<td>42</td>
<td>Runner.TestRunner@72e34f77</td></tr>
<tr>
<td title='Runner.TestRunner.runScenario()'><b>runScenario</b><br>Test class: Runner.TestRunner<br>Test method: Runs Cucumber Scenarios<br>Parameters: "Verify that user is able to run valid python code for "Search the array" question", "Array Page of DSAlgo portal"</td>
<td></td>
<td>47</td>
<td>Runner.TestRunner@72e34f77</td></tr>
<tr>
<td title='Runner.TestRunner.runScenario()'><b>runScenario</b><br>Test class: Runner.TestRunner<br>Test method: Runs Cucumber Scenarios<br>Parameters: "Verify that user receives error on submitting invalid python code, incorrect answer for "Find Numbers with Even Number of Digits" question", "Array Page of DSAlgo portal"</td>
<td></td>
<td>15</td>
<td>Runner.TestRunner@72e34f77</td></tr>
<tr>
<td title='Runner.TestRunner.runScenario()'><b>runScenario</b><br>Test class: Runner.TestRunner<br>Test method: Runs Cucumber Scenarios<br>Parameters: "Verify that user is able to navigate to "Practice Questions" Page from "Basic Operations in Lists" page", "Array Page of DSAlgo portal"</td>
<td></td>
<td>22</td>
<td>Runner.TestRunner@72e34f77</td></tr>
<tr>
<td title='Runner.TestRunner.runScenario()'><b>runScenario</b><br>Test class: Runner.TestRunner<br>Test method: Runs Cucumber Scenarios<br>Parameters: "Verify that user is able to navigate to "Arrays in Python" page", "Array Page of DSAlgo portal"</td>
<td></td>
<td>39</td>
<td>Runner.TestRunner@72e34f77</td></tr>
<tr>
<td title='Runner.TestRunner.runScenario()'><b>runScenario</b><br>Test class: Runner.TestRunner<br>Test method: Runs Cucumber Scenarios<br>Parameters: "Verify that user is able to navigate to "Max Consecutive Ones" Page from Practice question page of "Arrays in Python" page", "Array Page of DSAlgo portal"</td>
<td></td>
<td>41</td>
<td>Runner.TestRunner@72e34f77</td></tr>
<tr>
<td title='Runner.TestRunner.runScenario()'><b>runScenario</b><br>Test class: Runner.TestRunner<br>Test method: Runs Cucumber Scenarios<br>Parameters: "Verify that user receives error when click on Run button for "Queue Operations" try Editor page", "Queue Page of DSAlgo portal"</td>
<td></td>
<td>24</td>
<td>Runner.TestRunner@72e34f77</td></tr>
<tr>
<td title='Runner.TestRunner.runScenario()'><b>runScenario</b><br>Test class: Runner.TestRunner<br>Test method: Runs Cucumber Scenarios<br>Parameters: "Verify that user receives error when click on Run button without entering code for "Applications of Array" page", "Array Page of DSAlgo portal"</td>
<td></td>
<td>39</td>
<td>Runner.TestRunner@72e34f77</td></tr>
<tr>
<td title='Runner.TestRunner.runScenario()'><b>runScenario</b><br>Test class: Runner.TestRunner<br>Test method: Runs Cucumber Scenarios<br>Parameters: "Verify that user is able to navigate to "try Editor" page for "Implementation of Queue in Python" page", "Queue Page of DSAlgo portal"</td>
<td></td>
<td>48</td>
<td>Runner.TestRunner@72e34f77</td></tr>
<tr>
<td title='Runner.TestRunner.runScenario()'><b>runScenario</b><br>Test class: Runner.TestRunner<br>Test method: Runs Cucumber Scenarios<br>Parameters: "Verify that user is able to navigate to "Implementation of Queue in Python" page", "Queue Page of DSAlgo portal"</td>
<td></td>
<td>21</td>
<td>Runner.TestRunner@72e34f77</td></tr>
<tr>
<td title='Runner.TestRunner.runScenario()'><b>runScenario</b><br>Test class: Runner.TestRunner<br>Test method: Runs Cucumber Scenarios<br>Parameters: "Verify that user is able to run valid python code for "Find Numbers with Even Number of Digits" question", "Array Page of DSAlgo portal"</td>
<td></td>
<td>18</td>
<td>Runner.TestRunner@72e34f77</td></tr>
<tr>
<td title='Runner.TestRunner.runScenario()'><b>runScenario</b><br>Test class: Runner.TestRunner<br>Test method: Runs Cucumber Scenarios<br>Parameters: "Verify that user receives error when click on Run button for "Implementation using array" try Editor page", "Queue Page of DSAlgo portal"</td>
<td></td>
<td>37</td>
<td>Runner.TestRunner@72e34f77</td></tr>
<tr>
<td title='Runner.TestRunner.runScenario()'><b>runScenario</b><br>Test class: Runner.TestRunner<br>Test method: Runs Cucumber Scenarios<br>Parameters: "Verify that user is able to navigate to "Implementation using collections.deque" page", "Queue Page of DSAlgo portal"</td>
<td></td>
<td>40</td>
<td>Runner.TestRunner@72e34f77</td></tr>
<tr>
<td title='Runner.TestRunner.runScenario()'><b>runScenario</b><br>Test class: Runner.TestRunner<br>Test method: Runs Cucumber Scenarios<br>Parameters: "Verify that user is able to navigate to "Practice Questions" Page from "Arrays in Python" page", "Array Page of DSAlgo portal"</td>
<td></td>
<td>45</td>
<td>Runner.TestRunner@72e34f77</td></tr>
<tr>
<td title='Runner.TestRunner.runScenario()'><b>runScenario</b><br>Test class: Runner.TestRunner<br>Test method: Runs Cucumber Scenarios<br>Parameters: "Verify that user receives error when click on Run button without entering code for "Applications of Array" page", "Array Page of DSAlgo portal"</td>
<td></td>
<td>25</td>
<td>Runner.TestRunner@72e34f77</td></tr>
<tr>
<td title='Runner.TestRunner.runScenario()'><b>runScenario</b><br>Test class: Runner.TestRunner<br>Test method: Runs Cucumber Scenarios<br>Parameters: "Verify that user is able to navigate to Array data structure page", "Array Page of DSAlgo portal"</td>
<td></td>
<td>44</td>
<td>Runner.TestRunner@72e34f77</td></tr>
<tr>
<td title='Runner.TestRunner.runScenario()'><b>runScenario</b><br>Test class: Runner.TestRunner<br>Test method: Runs Cucumber Scenarios<br>Parameters: "Verify that user receives error when click on Run button for "Implementation of Queue in Python" try Editor page", "Queue Page of DSAlgo portal"</td>
<td></td>
<td>21</td>
<td>Runner.TestRunner@72e34f77</td></tr>
<tr>
<td title='Runner.TestRunner.runScenario()'><b>runScenario</b><br>Test class: Runner.TestRunner<br>Test method: Runs Cucumber Scenarios<br>Parameters: "Verify that user is able to successfully submit valid correct python code for "Find Numbers with Even Number of Digits" question", "Array Page of DSAlgo portal"</td>
<td></td>
<td>20</td>
<td>Runner.TestRunner@72e34f77</td></tr>
<tr>
<td title='Runner.TestRunner.runScenario()'><b>runScenario</b><br>Test class: Runner.TestRunner<br>Test method: Runs Cucumber Scenarios<br>Parameters: "Verify that user is able to see output for valid python code for "Implementation using array" try Editor page", "Queue Page of DSAlgo portal"</td>
<td></td>
<td>27</td>
<td>Runner.TestRunner@72e34f77</td></tr>
<tr>
<td title='Runner.TestRunner.runScenario()'><b>runScenario</b><br>Test class: Runner.TestRunner<br>Test method: Runs Cucumber Scenarios<br>Parameters: "Verify that user receives error on submitting invalid python code, incorrect answer for "Search the array" question", "Array Page of DSAlgo portal"</td>
<td></td>
<td>63</td>
<td>Runner.TestRunner@72e34f77</td></tr>
<tr>
<td title='Runner.TestRunner.runScenario()'><b>runScenario</b><br>Test class: Runner.TestRunner<br>Test method: Runs Cucumber Scenarios<br>Parameters: "Verify that user is able to navigate to "Search the array" Page from Practice question page of "Arrays in Python" page", "Array Page of DSAlgo portal"</td>
<td></td>
<td>42</td>
<td>Runner.TestRunner@72e34f77</td></tr>
>>>>>>> master
</table><p>
</body>
</html>