{"uuid":"0fa7c0be-88a3-4405-9870-164a90f5eb23","historyId":"60a5fc2b597c258240ab3a4d4b7201b","testCaseId":"703f397a4ac40ab3af2d110b7f85b1fb","fullName":"src/test/resources/features/QueuePage.feature:133","labels":[{"name":"host","value":"KAITLYN"},{"name":"thread","value":"11248@KAITLYN.main(1)"},{"name":"feature","value":"Queue Page of DSAlgo portal"},{"name":"story","value":"Verify that user receives error when click on Run button for \"Queue Operations\" try Editor page"},{"name":"suite","value":"Queue Page of DSAlgo portal"},{"name":"testClass","value":"Verify that user receives error when click on Run button for \"Queue Operations\" try Editor page"},{"name":"framework","value":"cucumber4jvm"},{"name":"language","value":"java"},{"name":"gherkin_uri","value":"file:///C:/Users/jimre/eclipse-workspace/DSAlgoBDD_ClubNinjas/clubNinjas-BDD/src/test/resources/features/QueuePage.feature"},{"name":"package","value":"src.test.resources.features.QueuePage_feature.Queue Page of DSAlgo portal"}],"links":[],"name":"Verify that user receives error when click on Run button for \"Queue Operations\" try Editor page","status":"failed","statusDetails":{"known":false,"muted":false,"flaky":false,"message":"expected [true] but found [false]","trace":"java.lang.AssertionError: expected [true] but found [false]\r\n\tat org.testng.Assert.fail(Assert.java:111)\r\n\tat org.testng.Assert.failNotEquals(Assert.java:1590)\r\n\tat org.testng.Assert.assertTrue(Assert.java:57)\r\n\tat org.testng.Assert.assertTrue(Assert.java:67)\r\n\tat StepDefinitions.ArrayPageStep.the_user_should_able_to_see_a_error_message_from_and(ArrayPageStep.java:121)\r\n\tat ✽.The user should able to see a error message from \"TryCode\" and 1(file:///C:/Users/jimre/eclipse-workspace/DSAlgoBDD_ClubNinjas/clubNinjas-BDD/src/test/resources/features/QueuePage.feature:129)\r\n"},"stage":"finished","steps":[{"name":"Given The user is on the Home page and clicks Sign In","status":"passed","statusDetails":{"known":false,"muted":false,"flaky":false},"stage":"finished","steps":[],"attachments":[],"parameters":[],"start":1747093232785,"stop":1747093233426},{"name":"When The user gets data from excel sheet \"Valid_Login\" and 1 for the login page","status":"passed","statusDetails":{"known":false,"muted":false,"flaky":false},"stage":"finished","steps":[],"attachments":[],"parameters":[],"start":1747093233426,"stop":1747093234224},{"name":"Given The user is in the Queue Operations tryEditor page","status":"passed","statusDetails":{"known":false,"muted":false,"flaky":false},"stage":"finished","steps":[],"attachments":[],"parameters":[],"start":1747093234224,"stop":1747093235326},{"name":"When The user enters \"TryCode\" and 1 clicks the Run Button in tryEditor page","status":"passed","statusDetails":{"known":false,"muted":false,"flaky":false},"stage":"finished","steps":[],"attachments":[],"parameters":[],"start":1747093235326,"stop":1747093235483},{"name":"Then The user should able to see a error message from \"TryCode\" and 1","status":"failed","statusDetails":{"known":false,"muted":false,"flaky":false,"message":"expected [true] but found [false]","trace":"java.lang.AssertionError: expected [true] but found [false]\r\n\tat org.testng.Assert.fail(Assert.java:111)\r\n\tat org.testng.Assert.failNotEquals(Assert.java:1590)\r\n\tat org.testng.Assert.assertTrue(Assert.java:57)\r\n\tat org.testng.Assert.assertTrue(Assert.java:67)\r\n\tat StepDefinitions.ArrayPageStep.the_user_should_able_to_see_a_error_message_from_and(ArrayPageStep.java:121)\r\n\tat ✽.The user should able to see a error message from \"TryCode\" and 1(file:///C:/Users/jimre/eclipse-workspace/DSAlgoBDD_ClubNinjas/clubNinjas-BDD/src/test/resources/features/QueuePage.feature:129)\r\n"},"stage":"finished","steps":[],"attachments":[],"parameters":[],"start":1747093235483,"stop":1747093235502}],"attachments":[],"parameters":[{"name":"Sheetname","value":"TryCode"},{"name":"RowNumber","value":"1"}],"start":1747093231291,"stop":1747093237221}