{"uuid":"3c9a62fe-e1c9-407d-839a-e70667dcd67d","historyId":"145fc64b6e4958d39ef33c7ab54d2b7b","testCaseId":"24cea7ae5133367ea9ed8305be137cc2","fullName":"src/test/resources/features/ArrayPage.feature:226","labels":[{"name":"host","value":"KAITLYN"},{"name":"thread","value":"19260@KAITLYN.main(1)"},{"name":"feature","value":"Array Page of DSAlgo portal"},{"name":"story","value":"Verify that user receives error on submitting invalid python code, incorrect code for \"Squares of a Sorted Array\" question"},{"name":"suite","value":"Array Page of DSAlgo portal"},{"name":"testClass","value":"Verify that user receives error on submitting invalid python code, incorrect code for \"Squares of a Sorted Array\" question"},{"name":"framework","value":"cucumber4jvm"},{"name":"language","value":"java"},{"name":"gherkin_uri","value":"file:///C:/Users/jimre/eclipse-workspace/DSAlgoBDD_ClubNinjas/clubNinjas-BDD/src/test/resources/features/ArrayPage.feature"},{"name":"package","value":"src.test.resources.features.ArrayPage_feature.Array Page of DSAlgo portal"}],"links":[],"name":"Verify that user receives error on submitting invalid python code, incorrect code for \"Squares of a Sorted Array\" question","status":"failed","statusDetails":{"known":false,"muted":false,"flaky":false,"message":"expected [Error occurred during submission] but found [ No tests were collected]","trace":"java.lang.AssertionError: expected [Error occurred during submission] but found [ No tests were collected]\r\n\tat org.testng.Assert.fail(Assert.java:111)\r\n\tat org.testng.Assert.failNotEquals(Assert.java:1590)\r\n\tat org.testng.Assert.assertEqualsImpl(Assert.java:150)\r\n\tat org.testng.Assert.assertEquals(Assert.java:132)\r\n\tat org.testng.Assert.assertEquals(Assert.java:656)\r\n\tat org.testng.Assert.assertEquals(Assert.java:666)\r\n\tat StepDefinitions.ArrayPageStep.the_user_should_see_a_message(ArrayPageStep.java:226)\r\n\tat ✽.The user should see a message from \"PracticeQns\" and 4(file:///C:/Users/jimre/eclipse-workspace/DSAlgoBDD_ClubNinjas/clubNinjas-BDD/src/test/resources/features/ArrayPage.feature:221)\r\n"},"stage":"finished","steps":[{"name":"Given The user is on the Home page and clicks Sign In","status":"passed","statusDetails":{"known":false,"muted":false,"flaky":false},"stage":"finished","steps":[],"attachments":[],"parameters":[],"start":1746478536776,"stop":1746478537566},{"name":"When The user gets data from excel sheet \"Valid_Login\" and 1 for the login page","status":"passed","statusDetails":{"known":false,"muted":false,"flaky":false},"stage":"finished","steps":[],"attachments":[],"parameters":[],"start":1746478537566,"stop":1746478538852},{"name":"Then The user is in the Home page after Sign In","status":"passed","statusDetails":{"known":false,"muted":false,"flaky":false},"stage":"finished","steps":[],"attachments":[],"parameters":[],"start":1746478538852,"stop":1746478538930},{"name":"Given The user is on the practice question editor of Squares of a Sorted Array question","status":"passed","statusDetails":{"known":false,"muted":false,"flaky":false},"stage":"finished","steps":[],"attachments":[],"parameters":[],"start":1746478538930,"stop":1746478541578},{"name":"When The user write the code from \"PracticeQns\" and 4 in Editor and Click the Submit Button","status":"passed","statusDetails":{"known":false,"muted":false,"flaky":false},"stage":"finished","steps":[],"attachments":[],"parameters":[],"start":1746478541578,"stop":1746478541961},{"name":"Then The user should see a message from \"PracticeQns\" and 4","status":"failed","statusDetails":{"known":false,"muted":false,"flaky":false,"message":"expected [Error occurred during submission] but found [ No tests were collected]","trace":"java.lang.AssertionError: expected [Error occurred during submission] but found [ No tests were collected]\r\n\tat org.testng.Assert.fail(Assert.java:111)\r\n\tat org.testng.Assert.failNotEquals(Assert.java:1590)\r\n\tat org.testng.Assert.assertEqualsImpl(Assert.java:150)\r\n\tat org.testng.Assert.assertEquals(Assert.java:132)\r\n\tat org.testng.Assert.assertEquals(Assert.java:656)\r\n\tat org.testng.Assert.assertEquals(Assert.java:666)\r\n\tat StepDefinitions.ArrayPageStep.the_user_should_see_a_message(ArrayPageStep.java:226)\r\n\tat ✽.The user should see a message from \"PracticeQns\" and 4(file:///C:/Users/jimre/eclipse-workspace/DSAlgoBDD_ClubNinjas/clubNinjas-BDD/src/test/resources/features/ArrayPage.feature:221)\r\n"},"stage":"finished","steps":[],"attachments":[],"parameters":[],"start":1746478541961,"stop":1746478542721}],"attachments":[],"parameters":[{"name":"Sheetname","value":"PracticeQns"},{"name":"RowNumber","value":"4"}],"start":1746478534880,"stop":1746478543645}