{"uuid":"3f35b278-d0f5-443d-a74a-cdfa10cf858a","historyId":"9037ea763f8c15afda6f1cd6f8aa3123","testCaseId":"6ba7f04903263c5da8073a27394c1079","fullName":"src/test/resources/features/ArrayPage.feature:147","labels":[{"name":"host","value":"KAITLYN"},{"name":"thread","value":"23120@KAITLYN.main(1)"},{"name":"feature","value":"Array Page of DSAlgo portal"},{"name":"story","value":"Verify that user is able to successfully submit valid correct python code for \"Max Consecutive Ones\" question"},{"name":"suite","value":"Array Page of DSAlgo portal"},{"name":"testClass","value":"Verify that user is able to successfully submit valid correct python code for \"Max Consecutive Ones\" question"},{"name":"framework","value":"cucumber4jvm"},{"name":"language","value":"java"},{"name":"gherkin_uri","value":"file:///C:/Users/jimre/eclipse-workspace/DSAlgoBDD_ClubNinjas/clubNinjas-BDD/src/test/resources/features/ArrayPage.feature"},{"name":"package","value":"src.test.resources.features.ArrayPage_feature.Array Page of DSAlgo portal"}],"links":[],"name":"Verify that user is able to successfully submit valid correct python code for \"Max Consecutive Ones\" question","status":"failed","statusDetails":{"known":false,"muted":false,"flaky":false,"message":"expected [Submission Successful] but found [ Some Tests failed. Please review code]","trace":"java.lang.AssertionError: expected [Submission Successful] but found [ Some Tests failed. Please review code]\r\n\tat org.testng.Assert.fail(Assert.java:111)\r\n\tat org.testng.Assert.failNotEquals(Assert.java:1590)\r\n\tat org.testng.Assert.assertEqualsImpl(Assert.java:150)\r\n\tat org.testng.Assert.assertEquals(Assert.java:132)\r\n\tat org.testng.Assert.assertEquals(Assert.java:656)\r\n\tat org.testng.Assert.assertEquals(Assert.java:666)\r\n\tat StepDefinitions.ArrayPageStep.the_user_should_see_a_message(ArrayPageStep.java:234)\r\n\tat ✽.The user should see a message from \"PracticeQns\" and 8(file:///C:/Users/jimre/eclipse-workspace/DSAlgoBDD_ClubNinjas/clubNinjas-BDD/src/test/resources/features/ArrayPage.feature:143)\r\n"},"stage":"finished","steps":[{"name":"Given The user is on the Home page and clicks Sign In","status":"passed","statusDetails":{"known":false,"muted":false,"flaky":false},"stage":"finished","steps":[],"attachments":[],"parameters":[],"start":1746074520090,"stop":1746074520905},{"name":"When The user gets data from excel sheet \"Valid_Login\" and 1 for the login page","status":"passed","statusDetails":{"known":false,"muted":false,"flaky":false},"stage":"finished","steps":[],"attachments":[],"parameters":[],"start":1746074520905,"stop":1746074522189},{"name":"Then The user is in the Home page after Sign In","status":"passed","statusDetails":{"known":false,"muted":false,"flaky":false},"stage":"finished","steps":[],"attachments":[],"parameters":[],"start":1746074522189,"stop":1746074522300},{"name":"Given The user is on the practice question editor of Max Consecutive Ones question","status":"passed","statusDetails":{"known":false,"muted":false,"flaky":false},"stage":"finished","steps":[],"attachments":[],"parameters":[],"start":1746074522300,"stop":1746074525005},{"name":"When The user write the code from \"PracticeQns\" and 8 in Editor and Click the Submit Button","status":"passed","statusDetails":{"known":false,"muted":false,"flaky":false},"stage":"finished","steps":[],"attachments":[],"parameters":[],"start":1746074525005,"stop":1746074525502},{"name":"Then The user should see a message from \"PracticeQns\" and 8","status":"failed","statusDetails":{"known":false,"muted":false,"flaky":false,"message":"expected [Submission Successful] but found [ Some Tests failed. Please review code]","trace":"java.lang.AssertionError: expected [Submission Successful] but found [ Some Tests failed. Please review code]\r\n\tat org.testng.Assert.fail(Assert.java:111)\r\n\tat org.testng.Assert.failNotEquals(Assert.java:1590)\r\n\tat org.testng.Assert.assertEqualsImpl(Assert.java:150)\r\n\tat org.testng.Assert.assertEquals(Assert.java:132)\r\n\tat org.testng.Assert.assertEquals(Assert.java:656)\r\n\tat org.testng.Assert.assertEquals(Assert.java:666)\r\n\tat StepDefinitions.ArrayPageStep.the_user_should_see_a_message(ArrayPageStep.java:234)\r\n\tat ✽.The user should see a message from \"PracticeQns\" and 8(file:///C:/Users/jimre/eclipse-workspace/DSAlgoBDD_ClubNinjas/clubNinjas-BDD/src/test/resources/features/ArrayPage.feature:143)\r\n"},"stage":"finished","steps":[],"attachments":[],"parameters":[],"start":1746074525502,"stop":1746074526274}],"attachments":[],"parameters":[{"name":"Sheetname","value":"PracticeQns"},{"name":"RowNumber","value":"8"}],"start":1746074518146,"stop":1746074527174}