{"uuid":"a68b2c88-e94d-4c2a-b88e-22cb752d65b5","historyId":"4097379b32531589418b3c3a6d13af6b","testCaseId":"24cea7ae5133367ea9ed8305be137cc2","fullName":"src/test/resources/features/ArrayPage.feature:225","labels":[{"name":"host","value":"KAITLYN"},{"name":"thread","value":"23120@KAITLYN.main(1)"},{"name":"feature","value":"Array Page of DSAlgo portal"},{"name":"story","value":"Verify that user receives error on submitting invalid python code, incorrect code for \"Squares of a Sorted Array\" question"},{"name":"suite","value":"Array Page of DSAlgo portal"},{"name":"testClass","value":"Verify that user receives error on submitting invalid python code, incorrect code for \"Squares of a Sorted Array\" question"},{"name":"framework","value":"cucumber4jvm"},{"name":"language","value":"java"},{"name":"gherkin_uri","value":"file:///C:/Users/jimre/eclipse-workspace/DSAlgoBDD_ClubNinjas/clubNinjas-BDD/src/test/resources/features/ArrayPage.feature"},{"name":"package","value":"src.test.resources.features.ArrayPage_feature.Array Page of DSAlgo portal"}],"links":[],"name":"Verify that user receives error on submitting invalid python code, incorrect code for \"Squares of a Sorted Array\" question","status":"failed","statusDetails":{"known":false,"muted":false,"flaky":false,"message":"expected [Error occurred during submission] but found [ No tests were collected]","trace":"java.lang.AssertionError: expected [Error occurred during submission] but found [ No tests were collected]\r\n\tat org.testng.Assert.fail(Assert.java:111)\r\n\tat org.testng.Assert.failNotEquals(Assert.java:1590)\r\n\tat org.testng.Assert.assertEqualsImpl(Assert.java:150)\r\n\tat org.testng.Assert.assertEquals(Assert.java:132)\r\n\tat org.testng.Assert.assertEquals(Assert.java:656)\r\n\tat org.testng.Assert.assertEquals(Assert.java:666)\r\n\tat StepDefinitions.ArrayPageStep.the_user_should_see_a_message(ArrayPageStep.java:234)\r\n\tat ✽.The user should see a message from \"PracticeQns\" and 3(file:///C:/Users/jimre/eclipse-workspace/DSAlgoBDD_ClubNinjas/clubNinjas-BDD/src/test/resources/features/ArrayPage.feature:221)\r\n"},"stage":"finished","steps":[{"name":"Given The user is on the Home page and clicks Sign In","status":"passed","statusDetails":{"known":false,"muted":false,"flaky":false},"stage":"finished","steps":[],"attachments":[],"parameters":[],"start":1746074616970,"stop":1746074617902},{"name":"When The user gets data from excel sheet \"Valid_Login\" and 1 for the login page","status":"passed","statusDetails":{"known":false,"muted":false,"flaky":false},"stage":"finished","steps":[],"attachments":[],"parameters":[],"start":1746074617902,"stop":1746074619163},{"name":"Then The user is in the Home page after Sign In","status":"passed","statusDetails":{"known":false,"muted":false,"flaky":false},"stage":"finished","steps":[],"attachments":[],"parameters":[],"start":1746074619164,"stop":1746074619288},{"name":"Given The user is on the practice question editor of Squares of a Sorted Array question","status":"passed","statusDetails":{"known":false,"muted":false,"flaky":false},"stage":"finished","steps":[],"attachments":[],"parameters":[],"start":1746074619289,"stop":1746074621708},{"name":"When The user write the code from \"PracticeQns\" and 3 in Editor and Click the Submit Button","status":"passed","statusDetails":{"known":false,"muted":false,"flaky":false},"stage":"finished","steps":[],"attachments":[],"parameters":[],"start":1746074621708,"stop":1746074622162},{"name":"Then The user should see a message from \"PracticeQns\" and 3","status":"failed","statusDetails":{"known":false,"muted":false,"flaky":false,"message":"expected [Error occurred during submission] but found [ No tests were collected]","trace":"java.lang.AssertionError: expected [Error occurred during submission] but found [ No tests were collected]\r\n\tat org.testng.Assert.fail(Assert.java:111)\r\n\tat org.testng.Assert.failNotEquals(Assert.java:1590)\r\n\tat org.testng.Assert.assertEqualsImpl(Assert.java:150)\r\n\tat org.testng.Assert.assertEquals(Assert.java:132)\r\n\tat org.testng.Assert.assertEquals(Assert.java:656)\r\n\tat org.testng.Assert.assertEquals(Assert.java:666)\r\n\tat StepDefinitions.ArrayPageStep.the_user_should_see_a_message(ArrayPageStep.java:234)\r\n\tat ✽.The user should see a message from \"PracticeQns\" and 3(file:///C:/Users/jimre/eclipse-workspace/DSAlgoBDD_ClubNinjas/clubNinjas-BDD/src/test/resources/features/ArrayPage.feature:221)\r\n"},"stage":"finished","steps":[],"attachments":[],"parameters":[],"start":1746074622162,"stop":1746074622900}],"attachments":[],"parameters":[{"name":"Sheetname","value":"PracticeQns"},{"name":"RowNumber","value":"3"}],"start":1746074614886,"stop":1746074623880}