{"uuid":"c4dc7382-efa3-4b5d-af2b-1468c9700991","historyId":"145fc64b6e4958d39ef33c7ab54d2b7b","testCaseId":"24cea7ae5133367ea9ed8305be137cc2","fullName":"src/test/resources/features/ArrayPage.feature:226","labels":[{"name":"host","value":"KAITLYN"},{"name":"thread","value":"35268@KAITLYN.TestNG-PoolService-8(38)"},{"name":"feature","value":"Array Page of DSAlgo portal"},{"name":"story","value":"Verify that user receives error on submitting invalid python code, incorrect code for \"Squares of a Sorted Array\" question"},{"name":"suite","value":"Array Page of DSAlgo portal"},{"name":"testClass","value":"Verify that user receives error on submitting invalid python code, incorrect code for \"Squares of a Sorted Array\" question"},{"name":"framework","value":"cucumber4jvm"},{"name":"language","value":"java"},{"name":"gherkin_uri","value":"file:///C:/Users/jimre/eclipse-workspace/DSAlgoBDD_ClubNinjas/clubNinjas-BDD/src/test/resources/features/ArrayPage.feature"},{"name":"package","value":"src.test.resources.features.ArrayPage_feature.Array Page of DSAlgo portal"}],"links":[],"name":"Verify that user receives error on submitting invalid python code, incorrect code for \"Squares of a Sorted Array\" question","status":"failed","statusDetails":{"known":false,"muted":false,"flaky":false,"message":"expected [Error occurred during submission] but found [ No tests were collected]","trace":"java.lang.AssertionError: expected [Error occurred during submission] but found [ No tests were collected]\r\n\tat org.testng.Assert.fail(Assert.java:111)\r\n\tat org.testng.Assert.failNotEquals(Assert.java:1590)\r\n\tat org.testng.Assert.assertEqualsImpl(Assert.java:150)\r\n\tat org.testng.Assert.assertEquals(Assert.java:132)\r\n\tat org.testng.Assert.assertEquals(Assert.java:656)\r\n\tat org.testng.Assert.assertEquals(Assert.java:666)\r\n\tat StepDefinitions.ArrayPageStep.the_user_should_see_a_message(ArrayPageStep.java:228)\r\n\tat ✽.The user should see a message from \"PracticeQns\" and 4(file:///C:/Users/jimre/eclipse-workspace/DSAlgoBDD_ClubNinjas/clubNinjas-BDD/src/test/resources/features/ArrayPage.feature:221)\r\n"},"stage":"finished","steps":[{"name":"Given The user is on the Home page and clicks Sign In","status":"passed","statusDetails":{"known":false,"muted":false,"flaky":false},"stage":"finished","steps":[],"attachments":[],"parameters":[],"start":1746245309812,"stop":1746245313917},{"name":"When The user gets data from excel sheet \"Valid_Login\" and 1 for the login page","status":"passed","statusDetails":{"known":false,"muted":false,"flaky":false},"stage":"finished","steps":[],"attachments":[],"parameters":[],"start":1746245313917,"stop":1746245316793},{"name":"Then The user is in the Home page after Sign In","status":"passed","statusDetails":{"known":false,"muted":false,"flaky":false},"stage":"finished","steps":[],"attachments":[],"parameters":[],"start":1746245316795,"stop":1746245317517},{"name":"Given The user is on the practice question editor of Squares of a Sorted Array question","status":"passed","statusDetails":{"known":false,"muted":false,"flaky":false},"stage":"finished","steps":[],"attachments":[],"parameters":[],"start":1746245317517,"stop":1746245330106},{"name":"When The user write the code from \"PracticeQns\" and 4 in Editor and Click the Submit Button","status":"passed","statusDetails":{"known":false,"muted":false,"flaky":false},"stage":"finished","steps":[],"attachments":[],"parameters":[],"start":1746245330106,"stop":1746245375297},{"name":"Then The user should see a message from \"PracticeQns\" and 4","status":"failed","statusDetails":{"known":false,"muted":false,"flaky":false,"message":"expected [Error occurred during submission] but found [ No tests were collected]","trace":"java.lang.AssertionError: expected [Error occurred during submission] but found [ No tests were collected]\r\n\tat org.testng.Assert.fail(Assert.java:111)\r\n\tat org.testng.Assert.failNotEquals(Assert.java:1590)\r\n\tat org.testng.Assert.assertEqualsImpl(Assert.java:150)\r\n\tat org.testng.Assert.assertEquals(Assert.java:132)\r\n\tat org.testng.Assert.assertEquals(Assert.java:656)\r\n\tat org.testng.Assert.assertEquals(Assert.java:666)\r\n\tat StepDefinitions.ArrayPageStep.the_user_should_see_a_message(ArrayPageStep.java:228)\r\n\tat ✽.The user should see a message from \"PracticeQns\" and 4(file:///C:/Users/jimre/eclipse-workspace/DSAlgoBDD_ClubNinjas/clubNinjas-BDD/src/test/resources/features/ArrayPage.feature:221)\r\n"},"stage":"finished","steps":[],"attachments":[],"parameters":[],"start":1746245375297,"stop":1746245376044}],"attachments":[],"parameters":[{"name":"Sheetname","value":"PracticeQns"},{"name":"RowNumber","value":"4"}],"start":1746245305634,"stop":1746245398206}