{"uuid":"cb1a4546-996b-45f3-88a2-7871baa21974","historyId":"53ea499467000ca5132c199b9cabb9fe","testCaseId":"922b758d18f4f83f7a97f93edcfced59","fullName":"src/test/resources/features/RegisterPage.feature:42","labels":[{"name":"host","value":"AKK"},{"name":"thread","value":"28452@AKK.main(1)"},{"name":"feature","value":"Register Page"},{"name":"story","value":"Verify that the user is able to enter valid passwords in the field"},{"name":"suite","value":"Register Page"},{"name":"testClass","value":"Verify that the user is able to enter valid passwords in the field"},{"name":"framework","value":"cucumber4jvm"},{"name":"language","value":"java"},{"name":"gherkin_uri","value":"file:///C:/Users/skurr/eclipse-workspace/ClubNinjas-dsAlgoBDD/src/test/resources/features/RegisterPage.feature"},{"name":"package","value":"src.test.resources.features.RegisterPage_feature.Register Page"}],"links":[],"name":"Verify that the user is able to enter valid passwords in the field","status":"failed","statusDetails":{"known":false,"muted":false,"flaky":false,"message":"Password was not entered correctly expected [true] but found [false]","trace":"java.lang.AssertionError: Password was not entered correctly expected [true] but found [false]\r\n\tat org.testng.Assert.fail(Assert.java:111)\r\n\tat org.testng.Assert.failNotEquals(Assert.java:1590)\r\n\tat org.testng.Assert.assertTrue(Assert.java:57)\r\n\tat StepDefinitions.RegistrationPageStep.user_should_be_able_to_enter_password_and_click_register_button(RegistrationPageStep.java:108)\r\n\tat ✽.User should be able to enter password and click Register button(file:///C:/Users/skurr/eclipse-workspace/ClubNinjas-dsAlgoBDD/src/test/resources/features/RegisterPage.feature:37)\r\n"},"stage":"finished","steps":[{"name":"Given User is in the ds-algo launch page","status":"passed","statusDetails":{"known":false,"muted":false,"flaky":false},"stage":"finished","steps":[],"attachments":[],"parameters":[],"start":1746204912660,"stop":1746204912662},{"name":"When User clicks the Get Started button","status":"passed","statusDetails":{"known":false,"muted":false,"flaky":false},"stage":"finished","steps":[],"attachments":[],"parameters":[],"start":1746204912662,"stop":1746204913201},{"name":"Given User navigates to register page after clicking register link","status":"passed","statusDetails":{"known":false,"muted":false,"flaky":false},"stage":"finished","steps":[],"attachments":[],"parameters":[],"start":1746204913202,"stop":1746204913444},{"name":"When User enters data from excel sheet 'Register' and 9 for the password fields","status":"passed","statusDetails":{"known":false,"muted":false,"flaky":false},"stage":"finished","steps":[],"attachments":[],"parameters":[],"start":1746204913444,"stop":1746204913856},{"name":"Then User should be able to enter password and click Register button","status":"failed","statusDetails":{"known":false,"muted":false,"flaky":false,"message":"Password was not entered correctly expected [true] but found [false]","trace":"java.lang.AssertionError: Password was not entered correctly expected [true] but found [false]\r\n\tat org.testng.Assert.fail(Assert.java:111)\r\n\tat org.testng.Assert.failNotEquals(Assert.java:1590)\r\n\tat org.testng.Assert.assertTrue(Assert.java:57)\r\n\tat StepDefinitions.RegistrationPageStep.user_should_be_able_to_enter_password_and_click_register_button(RegistrationPageStep.java:108)\r\n\tat ✽.User should be able to enter password and click Register button(file:///C:/Users/skurr/eclipse-workspace/ClubNinjas-dsAlgoBDD/src/test/resources/features/RegisterPage.feature:37)\r\n"},"stage":"finished","steps":[],"attachments":[],"parameters":[],"start":1746204913857,"stop":1746204913887}],"attachments":[],"parameters":[{"name":"Sheetname","value":"Register"},{"name":"RowNumber","value":"9"}],"start":1746204911262,"stop":1746204914205}