{"uuid":"d85c9707-f6f1-4040-91a2-d39c8498d07e","historyId":"c9d9656473c459235a25517456d4536d","testCaseId":"a28d3883c01785c4bb43ef681c0ca8d2","fullName":"src/test/resources/features/StackPage.feature:67","labels":[{"name":"host","value":"KAITLYN"},{"name":"thread","value":"22188@KAITLYN.main(1)"},{"name":"feature","value":"Stack functionality"},{"name":"story","value":"Verify that user receives error when click on Run button for \"Implementation\" try Editor page"},{"name":"suite","value":"Stack functionality"},{"name":"testClass","value":"Verify that user receives error when click on Run button for \"Implementation\" try Editor page"},{"name":"framework","value":"cucumber4jvm"},{"name":"language","value":"java"},{"name":"gherkin_uri","value":"file:///C:/Users/jimre/eclipse-workspace/DSAlgoBDD_ClubNinjas/clubNinjas-BDD/src/test/resources/features/StackPage.feature"},{"name":"package","value":"src.test.resources.features.StackPage_feature.Stack functionality"}],"links":[],"name":"Verify that user receives error when click on Run button for \"Implementation\" try Editor page","status":"failed","statusDetails":{"known":false,"muted":false,"flaky":false,"message":"expected [true] but found [false]","trace":"java.lang.AssertionError: expected [true] but found [false]\r\n\tat org.testng.Assert.fail(Assert.java:111)\r\n\tat org.testng.Assert.failNotEquals(Assert.java:1590)\r\n\tat org.testng.Assert.assertTrue(Assert.java:57)\r\n\tat org.testng.Assert.assertTrue(Assert.java:67)\r\n\tat StepDefinitions.StackPageStep.The_user_should_able_to_see_a_error_message_from_excel_sheet_and_the(StackPageStep.java:121)\r\n\tat ✽.The user should able to see a error message from excel sheet \"TryCode\" and the 1(file:///C:/Users/jimre/eclipse-workspace/DSAlgoBDD_ClubNinjas/clubNinjas-BDD/src/test/resources/features/StackPage.feature:64)\r\n"},"stage":"finished","steps":[{"name":"Given The user is on the Home page and clicks Sign In","status":"passed","statusDetails":{"known":false,"muted":false,"flaky":false},"stage":"finished","steps":[],"attachments":[],"parameters":[],"start":1747078664589,"stop":1747078665167},{"name":"When The user gets data from excel sheet \"Valid_Login\" and 1 for the login page","status":"passed","statusDetails":{"known":false,"muted":false,"flaky":false},"stage":"finished","steps":[],"attachments":[],"parameters":[],"start":1747078665167,"stop":1747078665527},{"name":"Given The user is in the Implementation tryEditor page","status":"passed","statusDetails":{"known":false,"muted":false,"flaky":false},"stage":"finished","steps":[],"attachments":[],"parameters":[],"start":1747078665527,"stop":1747078667142},{"name":"When The user enters excel sheet in \"TryCode\" and the 1 and clicks the Run Button in tryEditor page","status":"passed","statusDetails":{"known":false,"muted":false,"flaky":false},"stage":"finished","steps":[],"attachments":[],"parameters":[],"start":1747078667142,"stop":1747078667328},{"name":"Then The user should able to see a error message from excel sheet \"TryCode\" and the 1","status":"failed","statusDetails":{"known":false,"muted":false,"flaky":false,"message":"expected [true] but found [false]","trace":"java.lang.AssertionError: expected [true] but found [false]\r\n\tat org.testng.Assert.fail(Assert.java:111)\r\n\tat org.testng.Assert.failNotEquals(Assert.java:1590)\r\n\tat org.testng.Assert.assertTrue(Assert.java:57)\r\n\tat org.testng.Assert.assertTrue(Assert.java:67)\r\n\tat StepDefinitions.StackPageStep.The_user_should_able_to_see_a_error_message_from_excel_sheet_and_the(StackPageStep.java:121)\r\n\tat ✽.The user should able to see a error message from excel sheet \"TryCode\" and the 1(file:///C:/Users/jimre/eclipse-workspace/DSAlgoBDD_ClubNinjas/clubNinjas-BDD/src/test/resources/features/StackPage.feature:64)\r\n"},"stage":"finished","steps":[],"attachments":[],"parameters":[],"start":1747078667328,"stop":1747078667349}],"attachments":[],"parameters":[{"name":"Sheetname","value":"TryCode"},{"name":"RowNumber","value":"1"}],"start":1747078663329,"stop":1747078667992}